Correspondente:correiosanimanotificacoes@gmail.com
    UPDATE notificacoes.entrada
       SET 
            enviado = current_timestamp, 
            processamento = 'Notificado', 
            correnspondente = 6,
            observacoes = ''
     WHERE id = 12439;
Correspondente:correiosanimaservicos@gmail.com
    UPDATE notificacoes.entrada
       SET 
            enviado = current_timestamp, 
            processamento = 'Notificado', 
            correnspondente = 7,
            observacoes = ''
     WHERE id = 12440;
Correspondente:correiosanimamaster@gmail.com
    UPDATE notificacoes.entrada
       SET 
            enviado = current_timestamp, 
            processamento = 'Notificado', 
            correnspondente = 1,
            observacoes = ''
     WHERE id = 12441;
Correspondente:correiosanimaslave@gmail.com
    UPDATE notificacoes.entrada
       SET 
            enviado = current_timestamp, 
            processamento = 'Notificado', 
            correnspondente = 2,
            observacoes = ''
     WHERE id = 12441;
Correspondente:correiosanimamaster@gmail.com
    UPDATE notificacoes.entrada
       SET 
            enviado = current_timestamp, 
            processamento = 'Notificado', 
            correnspondente = 1,
            observacoes = ''
     WHERE id = 12442;
Correspondente:correiosanimasystem@gmail.com
    UPDATE notificacoes.entrada
       SET 
            enviado = current_timestamp, 
            processamento = 'Notificado', 
            correnspondente = 3,
            observacoes = ''
     WHERE id = 12442;
Correspondente:correiosanimamaster@gmail.com
    UPDATE notificacoes.entrada
       SET 
            enviado = current_timestamp, 
            processamento = 'Notificado', 
            correnspondente = 1,
            observacoes = ''
     WHERE id = 12443;
Correspondente:correiosanimavirtus@gmail.com
    UPDATE notificacoes.entrada
       SET 
            enviado = current_timestamp, 
            processamento = 'Notificado', 
            correnspondente = 4,
            observacoes = ''
     WHERE id = 12444;
Correspondente:correiosanimachallenger@gmail.com
    UPDATE notificacoes.entrada
       SET 
            enviado = current_timestamp, 
            processamento = 'Notificado', 
            correnspondente = 5,
            observacoes = ''
     WHERE id = 12445;
Correspondente:correiosanimanotificacao@gmail.com
    UPDATE notificacoes.entrada
       SET 
            enviado = current_timestamp, 
            processamento = 'Notificado', 
            correnspondente = 8,
            observacoes = ''
     WHERE id = 12445;
Correspondente:correiosanimachallenger@gmail.com
    UPDATE notificacoes.entrada
       SET 
            enviado = current_timestamp, 
            processamento = 'Notificado', 
            correnspondente = 5,
            observacoes = ''
     WHERE id = 12446;
Correspondente:correiosanimainformativo@gmail.com
    UPDATE notificacoes.entrada
       SET 
            enviado = current_timestamp, 
            processamento = 'Notificado', 
            correnspondente = 9,
            observacoes = ''
     WHERE id = 12446;
Correspondente:correiosanimachallenger@gmail.com
    UPDATE notificacoes.entrada
       SET 
            enviado = current_timestamp, 
            processamento = 'Notificado', 
            correnspondente = 5,
            observacoes = ''
     WHERE id = 12447;
Correspondente:correiosanimaaviso@gmail.com
    UPDATE notificacoes.entrada
       SET 
            enviado = current_timestamp, 
            processamento = 'Notificado', 
            correnspondente = 10,
            observacoes = ''
     WHERE id = 12447;
Correspondente:correiosanimachallenger@gmail.com
    UPDATE notificacoes.entrada
       SET 
            enviado = current_timestamp, 
            processamento = 'Notificado', 
            correnspondente = 5,
            observacoes = ''
     WHERE id = 12448;
Correspondente:correiosanimanotificacoes@gmail.com
    UPDATE notificacoes.entrada
       SET 
            enviado = current_timestamp, 
            processamento = 'Notificado', 
            correnspondente = 6,
            observacoes = ''
     WHERE id = 12449;
Correspondente:correiosanimaservicos@gmail.com
    UPDATE notificacoes.entrada
       SET 
            enviado = current_timestamp, 
            processamento = 'Notificado', 
            correnspondente = 7,
            observacoes = ''
     WHERE id = 12449;
Correspondente:correiosanimanotificacoes@gmail.com
    UPDATE notificacoes.entrada
       SET 
            enviado = current_timestamp, 
            processamento = 'Notificado', 
            correnspondente = 6,
            observacoes = ''
     WHERE id = 12450;
Correspondente:correiosanimamaster@gmail.com
    UPDATE notificacoes.entrada
       SET 
            enviado = current_timestamp, 
            processamento = 'Notificado', 
            correnspondente = 1,
            observacoes = ''
     WHERE id = 12451;
Correspondente:correiosanimaslave@gmail.com
    UPDATE notificacoes.entrada
       SET 
            enviado = current_timestamp, 
            processamento = 'Notificado', 
            correnspondente = 2,
            observacoes = ''
     WHERE id = 12452;
Correspondente:correiosanimasystem@gmail.com
    UPDATE notificacoes.entrada
       SET 
            enviado = current_timestamp, 
            processamento = 'Notificado', 
            correnspondente = 3,
            observacoes = ''
     WHERE id = 12453;
Correspondente:correiosanimavirtus@gmail.com
    UPDATE notificacoes.entrada
       SET 
            enviado = current_timestamp, 
            processamento = 'Notificado', 
            correnspondente = 4,
            observacoes = ''
     WHERE id = 12453;
Correspondente:correiosanimasystem@gmail.com
    UPDATE notificacoes.entrada
       SET 
            enviado = current_timestamp, 
            processamento = 'Notificado', 
            correnspondente = 3,
            observacoes = ''
     WHERE id = 12453;
Correspondente:correiosanimavirtus@gmail.com
    UPDATE notificacoes.entrada
       SET 
            enviado = current_timestamp, 
            processamento = 'Notificado', 
            correnspondente = 4,
            observacoes = ''
     WHERE id = 12454;
Correspondente:correiosanimachallenger@gmail.com
    UPDATE notificacoes.entrada
       SET 
            enviado = current_timestamp, 
            processamento = 'Notificado', 
            correnspondente = 5,
            observacoes = ''
     WHERE id = 12455;
Correspondente:correiosanimanotificacao@gmail.com
    UPDATE notificacoes.entrada
       SET 
            enviado = current_timestamp, 
            processamento = 'Notificado', 
            correnspondente = 8,
            observacoes = ''
     WHERE id = 12455;
Correspondente:correiosanimachallenger@gmail.com
    UPDATE notificacoes.entrada
       SET 
            enviado = current_timestamp, 
            processamento = 'Notificado', 
            correnspondente = 5,
            observacoes = ''
     WHERE id = 12456;
Correspondente:correiosanimainformativo@gmail.com
    UPDATE notificacoes.entrada
       SET 
            enviado = current_timestamp, 
            processamento = 'Notificado', 
            correnspondente = 9,
            observacoes = ''
     WHERE id = 12457;
Correspondente:correiosanimaaviso@gmail.com
    UPDATE notificacoes.entrada
       SET 
            enviado = current_timestamp, 
            processamento = 'Notificado', 
            correnspondente = 10,
            observacoes = ''
     WHERE id = 12458;
Correspondente:correiosanimanotificacoes@gmail.com
    UPDATE notificacoes.entrada
       SET 
            enviado = current_timestamp, 
            processamento = 'Notificado', 
            correnspondente = 6,
            observacoes = ''
     WHERE id = 12459;
Correspondente:correiosanimaservicos@gmail.com
    UPDATE notificacoes.entrada
       SET 
            enviado = current_timestamp, 
            processamento = 'Notificado', 
            correnspondente = 7,
            observacoes = ''
     WHERE id = 12460;
Correspondente:correiosanimamaster@gmail.com
    UPDATE notificacoes.entrada
       SET 
            enviado = current_timestamp, 
            processamento = 'Notificado', 
            correnspondente = 1,
            observacoes = ''
     WHERE id = 12460;
Correspondente:correiosanimaservicos@gmail.com
    UPDATE notificacoes.entrada
       SET 
            enviado = current_timestamp, 
            processamento = 'Notificado', 
            correnspondente = 7,
            observacoes = ''
     WHERE id = 12461;
Correspondente:correiosanimaslave@gmail.com
    UPDATE notificacoes.entrada
       SET 
            enviado = current_timestamp, 
            processamento = 'Notificado', 
            correnspondente = 2,
            observacoes = ''
     WHERE id = 12461;
Correspondente:correiosanimaservicos@gmail.com
    UPDATE notificacoes.entrada
       SET 
            enviado = current_timestamp, 
            processamento = 'Notificado', 
            correnspondente = 7,
            observacoes = ''
     WHERE id = 12462;
Correspondente:correiosanimasystem@gmail.com
    UPDATE notificacoes.entrada
       SET 
            enviado = current_timestamp, 
            processamento = 'Notificado', 
            correnspondente = 3,
            observacoes = ''
     WHERE id = 12462;
Correspondente:correiosanimaservicos@gmail.com
    UPDATE notificacoes.entrada
       SET 
            enviado = current_timestamp, 
            processamento = 'Notificado', 
            correnspondente = 7,
            observacoes = ''
     WHERE id = 12463;
Correspondente:correiosanimavirtus@gmail.com
    UPDATE notificacoes.entrada
       SET 
            enviado = current_timestamp, 
            processamento = 'Notificado', 
            correnspondente = 4,
            observacoes = ''
     WHERE id = 12463;
Correspondente:correiosanimaservicos@gmail.com
    UPDATE notificacoes.entrada
       SET 
            enviado = current_timestamp, 
            processamento = 'Notificado', 
            correnspondente = 7,
            observacoes = ''
     WHERE id = 12464;
Correspondente:correiosanimachallenger@gmail.com
    UPDATE notificacoes.entrada
       SET 
            enviado = current_timestamp, 
            processamento = 'Notificado', 
            correnspondente = 5,
            observacoes = ''
     WHERE id = 12465;
Correspondente:correiosanimanotificacao@gmail.com
    UPDATE notificacoes.entrada
       SET 
            enviado = current_timestamp, 
            processamento = 'Notificado', 
            correnspondente = 8,
            observacoes = ''
     WHERE id = 12465;
Correspondente:correiosanimachallenger@gmail.com
    UPDATE notificacoes.entrada
       SET 
            enviado = current_timestamp, 
            processamento = 'Notificado', 
            correnspondente = 5,
            observacoes = ''
     WHERE id = 12466;
Correspondente:correiosanimainformativo@gmail.com
    UPDATE notificacoes.entrada
       SET 
            enviado = current_timestamp, 
            processamento = 'Notificado', 
            correnspondente = 9,
            observacoes = ''
     WHERE id = 12466;
Correspondente:correiosanimachallenger@gmail.com
    UPDATE notificacoes.entrada
       SET 
            enviado = current_timestamp, 
            processamento = 'Notificado', 
            correnspondente = 5,
            observacoes = ''
     WHERE id = 12467;
Correspondente:correiosanimaaviso@gmail.com
    UPDATE notificacoes.entrada
       SET 
            enviado = current_timestamp, 
            processamento = 'Notificado', 
            correnspondente = 10,
            observacoes = ''
     WHERE id = 12467;
Correspondente:correiosanimachallenger@gmail.com
    UPDATE notificacoes.entrada
       SET 
            enviado = current_timestamp, 
            processamento = 'Notificado', 
            correnspondente = 5,
            observacoes = ''
     WHERE id = 12468;
Correspondente:correiosanimanotificacoes@gmail.com
    UPDATE notificacoes.entrada
       SET 
            enviado = current_timestamp, 
            processamento = 'Notificado', 
            correnspondente = 6,
            observacoes = ''
     WHERE id = 12469;
Correspondente:correiosanimaservicos@gmail.com
    UPDATE notificacoes.entrada
       SET 
            enviado = current_timestamp, 
            processamento = 'Notificado', 
            correnspondente = 7,
            observacoes = ''
     WHERE id = 12470;
Correspondente:correiosanimamaster@gmail.com
    UPDATE notificacoes.entrada
       SET 
            enviado = current_timestamp, 
            processamento = 'Notificado', 
            correnspondente = 1,
            observacoes = ''
     WHERE id = 12470;
Correspondente:correiosanimaservicos@gmail.com
    UPDATE notificacoes.entrada
       SET 
            enviado = current_timestamp, 
            processamento = 'Notificado', 
            correnspondente = 7,
            observacoes = ''
     WHERE id = 12471;
Correspondente:correiosanimaslave@gmail.com
    UPDATE notificacoes.entrada
       SET 
            enviado = current_timestamp, 
            processamento = 'Notificado', 
            correnspondente = 2,
            observacoes = ''
     WHERE id = 12472;
Correspondente:correiosanimasystem@gmail.com
    UPDATE notificacoes.entrada
       SET 
            enviado = current_timestamp, 
            processamento = 'Notificado', 
            correnspondente = 3,
            observacoes = ''
     WHERE id = 12472;
Correspondente:correiosanimaslave@gmail.com
    UPDATE notificacoes.entrada
       SET 
            enviado = current_timestamp, 
            processamento = 'Notificado', 
            correnspondente = 2,
            observacoes = ''
     WHERE id = 12473;
Correspondente:correiosanimavirtus@gmail.com
    UPDATE notificacoes.entrada
       SET 
            enviado = current_timestamp, 
            processamento = 'Notificado', 
            correnspondente = 4,
            observacoes = ''
     WHERE id = 12473;
Correspondente:correiosanimaslave@gmail.com
    UPDATE notificacoes.entrada
       SET 
            enviado = current_timestamp, 
            processamento = 'Notificado', 
            correnspondente = 2,
            observacoes = ''
     WHERE id = 12474;
Correspondente:correiosanimachallenger@gmail.com
    UPDATE notificacoes.entrada
       SET 
            enviado = current_timestamp, 
            processamento = 'Notificado', 
            correnspondente = 5,
            observacoes = ''
     WHERE id = 12474;
Correspondente:correiosanimaslave@gmail.com
    UPDATE notificacoes.entrada
       SET 
            enviado = current_timestamp, 
            processamento = 'Notificado', 
            correnspondente = 2,
            observacoes = ''
     WHERE id = 12475;
Correspondente:correiosanimanotificacao@gmail.com
    UPDATE notificacoes.entrada
       SET 
            enviado = current_timestamp, 
            processamento = 'Notificado', 
            correnspondente = 8,
            observacoes = ''
     WHERE id = 12476;
Correspondente:correiosanimainformativo@gmail.com
    UPDATE notificacoes.entrada
       SET 
            enviado = current_timestamp, 
            processamento = 'Notificado', 
            correnspondente = 9,
            observacoes = ''
     WHERE id = 12477;
Correspondente:correiosanimaaviso@gmail.com
    UPDATE notificacoes.entrada
       SET 
            enviado = current_timestamp, 
            processamento = 'Notificado', 
            correnspondente = 10,
            observacoes = ''
     WHERE id = 12477;
Correspondente:correiosanimainformativo@gmail.com
    UPDATE notificacoes.entrada
       SET 
            enviado = current_timestamp, 
            processamento = 'Notificado', 
            correnspondente = 9,
            observacoes = ''
     WHERE id = 12478;
Correspondente:correiosanimanotificacoes@gmail.com
    UPDATE notificacoes.entrada
       SET 
            enviado = current_timestamp, 
            processamento = 'Notificado', 
            correnspondente = 6,
            observacoes = ''
     WHERE id = 12479;
Correspondente:correiosanimanotificacao@gmail.com
    UPDATE notificacoes.entrada
       SET 
            enviado = current_timestamp, 
            processamento = 'Notificado', 
            correnspondente = 8,
            observacoes = ''
     WHERE id = 12480;
Correspondente:correiosanimaservicos@gmail.com
    UPDATE notificacoes.entrada
       SET 
            enviado = current_timestamp, 
            processamento = 'Notificado', 
            correnspondente = 7,
            observacoes = ''
     WHERE id = 12480;
Correspondente:correiosanimanotificacao@gmail.com
    UPDATE notificacoes.entrada
       SET 
            enviado = current_timestamp, 
            processamento = 'Notificado', 
            correnspondente = 8,
            observacoes = ''
     WHERE id = 12481;
Correspondente:correiosanimamaster@gmail.com
    UPDATE notificacoes.entrada
       SET 
            enviado = current_timestamp, 
            processamento = 'Notificado', 
            correnspondente = 1,
            observacoes = ''
     WHERE id = 12481;
Correspondente:correiosanimanotificacao@gmail.com
    UPDATE notificacoes.entrada
       SET 
            enviado = current_timestamp, 
            processamento = 'Notificado', 
            correnspondente = 8,
            observacoes = ''
     WHERE id = 12482;
Correspondente:correiosanimaslave@gmail.com
    UPDATE notificacoes.entrada
       SET 
            enviado = current_timestamp, 
            processamento = 'Notificado', 
            correnspondente = 2,
            observacoes = ''
     WHERE id = 12483;
Correspondente:correiosanimasystem@gmail.com
    UPDATE notificacoes.entrada
       SET 
            enviado = current_timestamp, 
            processamento = 'Notificado', 
            correnspondente = 3,
            observacoes = ''
     WHERE id = 12485;
Correspondente:correiosanimavirtus@gmail.com
    UPDATE notificacoes.entrada
       SET 
            enviado = current_timestamp, 
            processamento = 'Notificado', 
            correnspondente = 4,
            observacoes = ''
     WHERE id = 12486;
Correspondente:correiosanimachallenger@gmail.com
    UPDATE notificacoes.entrada
       SET 
            enviado = current_timestamp, 
            processamento = 'Notificado', 
            correnspondente = 5,
            observacoes = ''
     WHERE id = 12486;
Correspondente:correiosanimavirtus@gmail.com
    UPDATE notificacoes.entrada
       SET 
            enviado = current_timestamp, 
            processamento = 'Notificado', 
            correnspondente = 4,
            observacoes = ''
     WHERE id = 12487;
Correspondente:correiosanimanotificacoes@gmail.com
    UPDATE notificacoes.entrada
       SET 
            enviado = current_timestamp, 
            processamento = 'Notificado', 
            correnspondente = 6,
            observacoes = ''
     WHERE id = 12488;
Correspondente:correiosanimanotificacao@gmail.com
    UPDATE notificacoes.entrada
       SET 
            enviado = current_timestamp, 
            processamento = 'Notificado', 
            correnspondente = 8,
            observacoes = ''
     WHERE id = 12488;
Correspondente:correiosanimanotificacoes@gmail.com
    UPDATE notificacoes.entrada
       SET 
            enviado = current_timestamp, 
            processamento = 'Notificado', 
            correnspondente = 6,
            observacoes = ''
     WHERE id = 12489;
Correspondente:correiosanimainformativo@gmail.com
    UPDATE notificacoes.entrada
       SET 
            enviado = current_timestamp, 
            processamento = 'Notificado', 
            correnspondente = 9,
            observacoes = ''
     WHERE id = 12489;
Correspondente:correiosanimanotificacoes@gmail.com
    UPDATE notificacoes.entrada
       SET 
            enviado = current_timestamp, 
            processamento = 'Notificado', 
            correnspondente = 6,
            observacoes = ''
     WHERE id = 12490;
Correspondente:correiosanimaaviso@gmail.com
    UPDATE notificacoes.entrada
       SET 
            enviado = current_timestamp, 
            processamento = 'Notificado', 
            correnspondente = 10,
            observacoes = ''
     WHERE id = 12490;
Correspondente:correiosanimanotificacoes@gmail.com
    UPDATE notificacoes.entrada
       SET 
            enviado = current_timestamp, 
            processamento = 'Notificado', 
            correnspondente = 6,
            observacoes = ''
     WHERE id = 12491;
Correspondente:correiosanimanotificacoes@gmail.com
    UPDATE notificacoes.entrada
       SET 
            enviado = current_timestamp, 
            processamento = 'Notificado', 
            correnspondente = 6,
            observacoes = ''
     WHERE id = 12492;
Correspondente:correiosanimaservicos@gmail.com
    UPDATE notificacoes.entrada
       SET 
            enviado = current_timestamp, 
            processamento = 'Notificado', 
            correnspondente = 7,
            observacoes = ''
     WHERE id = 12493;
Correspondente:correiosanimamaster@gmail.com
    UPDATE notificacoes.entrada
       SET 
            enviado = current_timestamp, 
            processamento = 'Notificado', 
            correnspondente = 1,
            observacoes = ''
     WHERE id = 12493;
Correspondente:correiosanimaservicos@gmail.com
    UPDATE notificacoes.entrada
       SET 
            enviado = current_timestamp, 
            processamento = 'Notificado', 
            correnspondente = 7,
            observacoes = ''
     WHERE id = 12494;
Correspondente:correiosanimaslave@gmail.com
    UPDATE notificacoes.entrada
       SET 
            enviado = current_timestamp, 
            processamento = 'Notificado', 
            correnspondente = 2,
            observacoes = ''
     WHERE id = 12495;
Correspondente:correiosanimasystem@gmail.com
    UPDATE notificacoes.entrada
       SET 
            enviado = current_timestamp, 
            processamento = 'Notificado', 
            correnspondente = 3,
            observacoes = ''
     WHERE id = 12495;
Correspondente:correiosanimaslave@gmail.com
    UPDATE notificacoes.entrada
       SET 
            enviado = current_timestamp, 
            processamento = 'Notificado', 
            correnspondente = 2,
            observacoes = ''
     WHERE id = 12496;
Correspondente:correiosanimavirtus@gmail.com
    UPDATE notificacoes.entrada
       SET 
            enviado = current_timestamp, 
            processamento = 'Notificado', 
            correnspondente = 4,
            observacoes = ''
     WHERE id = 12496;
Correspondente:correiosanimaslave@gmail.com
    UPDATE notificacoes.entrada
       SET 
            enviado = current_timestamp, 
            processamento = 'Notificado', 
            correnspondente = 2,
            observacoes = ''
     WHERE id = 12497;
Correspondente:correiosanimachallenger@gmail.com
    UPDATE notificacoes.entrada
       SET 
            enviado = current_timestamp, 
            processamento = 'Notificado', 
            correnspondente = 5,
            observacoes = ''
     WHERE id = 12497;
Correspondente:correiosanimaslave@gmail.com
    UPDATE notificacoes.entrada
       SET 
            enviado = current_timestamp, 
            processamento = 'Notificado', 
            correnspondente = 2,
            observacoes = ''
     WHERE id = 12498;
Correspondente:correiosanimachallenger@gmail.com
    UPDATE notificacoes.entrada
       SET 
            enviado = current_timestamp, 
            processamento = 'Notificado', 
            correnspondente = 5,
            observacoes = ''
     WHERE id = 12499;
Correspondente:correiosanimanotificacao@gmail.com
    UPDATE notificacoes.entrada
       SET 
            enviado = current_timestamp, 
            processamento = 'Notificado', 
            correnspondente = 8,
            observacoes = ''
     WHERE id = 12500;
Correspondente:correiosanimainformativo@gmail.com
    UPDATE notificacoes.entrada
       SET 
            enviado = current_timestamp, 
            processamento = 'Notificado', 
            correnspondente = 9,
            observacoes = ''
     WHERE id = 12501;
Correspondente:correiosanimachallenger@gmail.com
    UPDATE notificacoes.entrada
       SET 
            enviado = current_timestamp, 
            processamento = 'Notificado', 
            correnspondente = 5,
            observacoes = ''
     WHERE id = 12502;
Correspondente:correiosanimanotificacao@gmail.com
    UPDATE notificacoes.entrada
       SET 
            enviado = current_timestamp, 
            processamento = 'Notificado', 
            correnspondente = 8,
            observacoes = ''
     WHERE id = 12503;
Correspondente:correiosanimainformativo@gmail.com
    UPDATE notificacoes.entrada
       SET 
            enviado = current_timestamp, 
            processamento = 'Notificado', 
            correnspondente = 9,
            observacoes = ''
     WHERE id = 12504;
Correspondente:correiosanimaaviso@gmail.com
    UPDATE notificacoes.entrada
       SET 
            enviado = current_timestamp, 
            processamento = 'Notificado', 
            correnspondente = 10,
            observacoes = ''
     WHERE id = 12505;
Correspondente:correiosanimanotificacoes@gmail.com
    UPDATE notificacoes.entrada
       SET 
            enviado = current_timestamp, 
            processamento = 'Notificado', 
            correnspondente = 6,
            observacoes = ''
     WHERE id = 12506;
Correspondente:correiosanimaservicos@gmail.com
    UPDATE notificacoes.entrada
       SET 
            enviado = current_timestamp, 
            processamento = 'Notificado', 
            correnspondente = 7,
            observacoes = ''
     WHERE id = 12506;
Correspondente:correiosanimanotificacoes@gmail.com
    UPDATE notificacoes.entrada
       SET 
            enviado = current_timestamp, 
            processamento = 'Notificado', 
            correnspondente = 6,
            observacoes = ''
     WHERE id = 12507;
Correspondente:correiosanimamaster@gmail.com
    UPDATE notificacoes.entrada
       SET 
            enviado = current_timestamp, 
            processamento = 'Notificado', 
            correnspondente = 1,
            observacoes = ''
     WHERE id = 12508;
Correspondente:correiosanimaslave@gmail.com
    UPDATE notificacoes.entrada
       SET 
            enviado = current_timestamp, 
            processamento = 'Notificado', 
            correnspondente = 2,
            observacoes = ''
     WHERE id = 12509;
Correspondente:correiosanimasystem@gmail.com
    UPDATE notificacoes.entrada
       SET 
            enviado = current_timestamp, 
            processamento = 'Notificado', 
            correnspondente = 3,
            observacoes = ''
     WHERE id = 12510;
Correspondente:correiosanimavirtus@gmail.com
    UPDATE notificacoes.entrada
       SET 
            enviado = current_timestamp, 
            processamento = 'Notificado', 
            correnspondente = 4,
            observacoes = ''
     WHERE id = 12511;
Correspondente:correiosanimachallenger@gmail.com
    UPDATE notificacoes.entrada
       SET 
            enviado = current_timestamp, 
            processamento = 'Notificado', 
            correnspondente = 5,
            observacoes = ''
     WHERE id = 12511;
Correspondente:correiosanimavirtus@gmail.com
    UPDATE notificacoes.entrada
       SET 
            enviado = current_timestamp, 
            processamento = 'Notificado', 
            correnspondente = 4,
            observacoes = ''
     WHERE id = 12512;
Correspondente:correiosanimanotificacao@gmail.com
    UPDATE notificacoes.entrada
       SET 
            enviado = current_timestamp, 
            processamento = 'Notificado', 
            correnspondente = 8,
            observacoes = ''
     WHERE id = 12512;
Correspondente:correiosanimavirtus@gmail.com
    UPDATE notificacoes.entrada
       SET 
            enviado = current_timestamp, 
            processamento = 'Notificado', 
            correnspondente = 4,
            observacoes = ''
     WHERE id = 12513;
Correspondente:correiosanimainformativo@gmail.com
    UPDATE notificacoes.entrada
       SET 
            enviado = current_timestamp, 
            processamento = 'Notificado', 
            correnspondente = 9,
            observacoes = ''
     WHERE id = 12513;
Correspondente:correiosanimaaviso@gmail.com
    UPDATE notificacoes.entrada
       SET 
            enviado = current_timestamp, 
            processamento = 'Notificado', 
            correnspondente = 10,
            observacoes = ''
     WHERE id = 12514;
Correspondente:correiosanimavirtus@gmail.com
    UPDATE notificacoes.entrada
       SET 
            enviado = current_timestamp, 
            processamento = 'Notificado', 
            correnspondente = 4,
            observacoes = ''
     WHERE id = 12515;
Correspondente:correiosanimamaster@gmail.com
    UPDATE notificacoes.entrada
       SET 
            enviado = current_timestamp, 
            processamento = 'Notificado', 
            correnspondente = 1,
            observacoes = ''
     WHERE id = 12516;
Correspondente:correiosanimaaviso@gmail.com
    UPDATE notificacoes.entrada
       SET 
            enviado = current_timestamp, 
            processamento = 'Notificado', 
            correnspondente = 10,
            observacoes = ''
     WHERE id = 12517;
Correspondente:correiosanimanotificacoes@gmail.com
    UPDATE notificacoes.entrada
       SET 
            enviado = current_timestamp, 
            processamento = 'Notificado', 
            correnspondente = 6,
            observacoes = ''
     WHERE id = 12517;
Correspondente:correiosanimaaviso@gmail.com
    UPDATE notificacoes.entrada
       SET 
            enviado = current_timestamp, 
            processamento = 'Notificado', 
            correnspondente = 10,
            observacoes = ''
     WHERE id = 12519;
Correspondente:correiosanimaservicos@gmail.com
    UPDATE notificacoes.entrada
       SET 
            enviado = current_timestamp, 
            processamento = 'Notificado', 
            correnspondente = 7,
            observacoes = ''
     WHERE id = 12519;
Correspondente:correiosanimaaviso@gmail.com
    UPDATE notificacoes.entrada
       SET 
            enviado = current_timestamp, 
            processamento = 'Notificado', 
            correnspondente = 10,
            observacoes = ''
     WHERE id = 12519;
Correspondente:correiosanimaservicos@gmail.com
    UPDATE notificacoes.entrada
       SET 
            enviado = current_timestamp, 
            processamento = 'Notificado', 
            correnspondente = 7,
            observacoes = ''
     WHERE id = 12520;
Correspondente:correiosanimamaster@gmail.com
    UPDATE notificacoes.entrada
       SET 
            enviado = current_timestamp, 
            processamento = 'Notificado', 
            correnspondente = 1,
            observacoes = ''
     WHERE id = 12520;
Correspondente:correiosanimaservicos@gmail.com
    UPDATE notificacoes.entrada
       SET 
            enviado = current_timestamp, 
            processamento = 'Notificado', 
            correnspondente = 7,
            observacoes = ''
     WHERE id = 12521;
Correspondente:correiosanimaslave@gmail.com
    UPDATE notificacoes.entrada
       SET 
            enviado = current_timestamp, 
            processamento = 'Notificado', 
            correnspondente = 2,
            observacoes = ''
     WHERE id = 12522;
Correspondente:correiosanimasystem@gmail.com
    UPDATE notificacoes.entrada
       SET 
            enviado = current_timestamp, 
            processamento = 'Notificado', 
            correnspondente = 3,
            observacoes = ''
     WHERE id = 12522;
Correspondente:correiosanimaslave@gmail.com
    UPDATE notificacoes.entrada
       SET 
            enviado = current_timestamp, 
            processamento = 'Notificado', 
            correnspondente = 2,
            observacoes = ''
     WHERE id = 12523;
Correspondente:correiosanimavirtus@gmail.com
    UPDATE notificacoes.entrada
       SET 
            enviado = current_timestamp, 
            processamento = 'Notificado', 
            correnspondente = 4,
            observacoes = ''
     WHERE id = 12524;
Correspondente:correiosanimachallenger@gmail.com
    UPDATE notificacoes.entrada
       SET 
            enviado = current_timestamp, 
            processamento = 'Notificado', 
            correnspondente = 5,
            observacoes = ''
     WHERE id = 12525;
Correspondente:correiosanimanotificacao@gmail.com
    UPDATE notificacoes.entrada
       SET 
            enviado = current_timestamp, 
            processamento = 'Notificado', 
            correnspondente = 8,
            observacoes = ''
     WHERE id = 12526;
Correspondente:correiosanimainformativo@gmail.com
    UPDATE notificacoes.entrada
       SET 
            enviado = current_timestamp, 
            processamento = 'Notificado', 
            correnspondente = 9,
            observacoes = ''
     WHERE id = 12527;
Correspondente:correiosanimaaviso@gmail.com
    UPDATE notificacoes.entrada
       SET 
            enviado = current_timestamp, 
            processamento = 'Notificado', 
            correnspondente = 10,
            observacoes = ''
     WHERE id = 12527;
Correspondente:correiosanimainformativo@gmail.com
    UPDATE notificacoes.entrada
       SET 
            enviado = current_timestamp, 
            processamento = 'Notificado', 
            correnspondente = 9,
            observacoes = ''
     WHERE id = 12529;
Correspondente:correiosanimanotificacoes@gmail.com
    UPDATE notificacoes.entrada
       SET 
            enviado = current_timestamp, 
            processamento = 'Notificado', 
            correnspondente = 6,
            observacoes = ''
     WHERE id = 12530;
Correspondente:correiosanimaservicos@gmail.com
    UPDATE notificacoes.entrada
       SET 
            enviado = current_timestamp, 
            processamento = 'Notificado', 
            correnspondente = 7,
            observacoes = ''
     WHERE id = 12531;
Correspondente:correiosanimachallenger@gmail.com
    UPDATE notificacoes.entrada
       SET 
            enviado = current_timestamp, 
            processamento = 'Notificado', 
            correnspondente = 5,
            observacoes = ''
     WHERE id = 12532;
Correspondente:correiosanimasystem@gmail.com
    UPDATE notificacoes.entrada
       SET 
            enviado = current_timestamp, 
            processamento = 'Notificado', 
            correnspondente = 3,
            observacoes = ''
     WHERE id = 12533;
Correspondente:correiosanimasystem@gmail.com
    UPDATE notificacoes.entrada
       SET 
            enviado = current_timestamp, 
            processamento = 'Notificado', 
            correnspondente = 3,
            observacoes = ''
     WHERE id = 12534;
Correspondente:correiosanimachallenger@gmail.com
    UPDATE notificacoes.entrada
       SET 
            enviado = current_timestamp, 
            processamento = 'Notificado', 
            correnspondente = 5,
            observacoes = ''
     WHERE id = 12535;
Correspondente:correiosanimaaviso@gmail.com
    UPDATE notificacoes.entrada
       SET 
            enviado = current_timestamp, 
            processamento = 'Notificado', 
            correnspondente = 10,
            observacoes = ''
     WHERE id = 12536;
Correspondente:correiosanimamaster@gmail.com
    UPDATE notificacoes.entrada
       SET 
            enviado = current_timestamp, 
            processamento = 'Notificado', 
            correnspondente = 1,
            observacoes = ''
     WHERE id = 12537;
Correspondente:correiosanimaslave@gmail.com
    UPDATE notificacoes.entrada
       SET 
            enviado = current_timestamp, 
            processamento = 'Notificado', 
            correnspondente = 2,
            observacoes = ''
     WHERE id = 12540;
Correspondente:correiosanimasystem@gmail.com
    UPDATE notificacoes.entrada
       SET 
            enviado = current_timestamp, 
            processamento = 'Notificado', 
            correnspondente = 3,
            observacoes = ''
     WHERE id = 12540;
Correspondente:correiosanimaslave@gmail.com
    UPDATE notificacoes.entrada
       SET 
            enviado = current_timestamp, 
            processamento = 'Notificado', 
            correnspondente = 2,
            observacoes = ''
     WHERE id = 12539;
Correspondente:correiosanimavirtus@gmail.com
    UPDATE notificacoes.entrada
       SET 
            enviado = current_timestamp, 
            processamento = 'Notificado', 
            correnspondente = 4,
            observacoes = ''
     WHERE id = 12539;
Correspondente:correiosanimaslave@gmail.com
    UPDATE notificacoes.entrada
       SET 
            enviado = current_timestamp, 
            processamento = 'Notificado', 
            correnspondente = 2,
            observacoes = ''
     WHERE id = 12542;
Correspondente:correiosanimachallenger@gmail.com
    UPDATE notificacoes.entrada
       SET 
            enviado = current_timestamp, 
            processamento = 'Notificado', 
            correnspondente = 5,
            observacoes = ''
     WHERE id = 12543;
Correspondente:correiosanimanotificacao@gmail.com
    UPDATE notificacoes.entrada
       SET 
            enviado = current_timestamp, 
            processamento = 'Notificado', 
            correnspondente = 8,
            observacoes = ''
     WHERE id = 12543;
Correspondente:correiosanimachallenger@gmail.com
    UPDATE notificacoes.entrada
       SET 
            enviado = current_timestamp, 
            processamento = 'Notificado', 
            correnspondente = 5,
            observacoes = ''
     WHERE id = 12544;
Correspondente:correiosanimainformativo@gmail.com
    UPDATE notificacoes.entrada
       SET 
            enviado = current_timestamp, 
            processamento = 'Notificado', 
            correnspondente = 9,
            observacoes = ''
     WHERE id = 12545;
Correspondente:correiosanimanotificacao@gmail.com
    UPDATE notificacoes.entrada
       SET 
            enviado = current_timestamp, 
            processamento = 'Notificado', 
            correnspondente = 8,
            observacoes = ''
     WHERE id = 12546;
Correspondente:correiosanimanotificacoes@gmail.com
    UPDATE notificacoes.entrada
       SET 
            enviado = current_timestamp, 
            processamento = 'Notificado', 
            correnspondente = 6,
            observacoes = ''
     WHERE id = 12547;
Correspondente:correiosanimamaster@gmail.com
    UPDATE notificacoes.entrada
       SET 
            enviado = current_timestamp, 
            processamento = 'Notificado', 
            correnspondente = 1,
            observacoes = ''
     WHERE id = 12548;
Correspondente:correiosanimanotificacoes@gmail.com
    UPDATE notificacoes.entrada
       SET 
            enviado = current_timestamp, 
            processamento = 'Notificado', 
            correnspondente = 6,
            observacoes = ''
     WHERE id = 12213;
