Correspondente:correiosanimanotificacoes@gmail.com
    UPDATE notificacoes.entrada
       SET 
            enviado = current_timestamp, 
            processamento = 'Notificado', 
            correnspondente = 6,
            observacoes = ''
     WHERE id = 13832;
Correspondente:correiosanimaservicos@gmail.com
    UPDATE notificacoes.entrada
       SET 
            enviado = current_timestamp, 
            processamento = 'Notificado', 
            correnspondente = 7,
            observacoes = ''
     WHERE id = 13832;
Correspondente:correiosanimanotificacoes@gmail.com
    UPDATE notificacoes.entrada
       SET 
            enviado = current_timestamp, 
            processamento = 'Notificado', 
            correnspondente = 6,
            observacoes = ''
     WHERE id = 13833;
Correspondente:correiosanimamaster@gmail.com
    UPDATE notificacoes.entrada
       SET 
            enviado = current_timestamp, 
            processamento = 'Notificado', 
            correnspondente = 1,
            observacoes = ''
     WHERE id = 13833;
Correspondente:correiosanimanotificacoes@gmail.com
    UPDATE notificacoes.entrada
       SET 
            enviado = current_timestamp, 
            processamento = 'Notificado', 
            correnspondente = 6,
            observacoes = ''
     WHERE id = 13834;
Correspondente:correiosanimaslave@gmail.com
    UPDATE notificacoes.entrada
       SET 
            enviado = current_timestamp, 
            processamento = 'Notificado', 
            correnspondente = 2,
            observacoes = ''
     WHERE id = 13834;
Correspondente:correiosanimanotificacoes@gmail.com
    UPDATE notificacoes.entrada
       SET 
            enviado = current_timestamp, 
            processamento = 'Notificado', 
            correnspondente = 6,
            observacoes = ''
     WHERE id = 13835;
Correspondente:correiosanimasystem@gmail.com
    UPDATE notificacoes.entrada
       SET 
            enviado = current_timestamp, 
            processamento = 'Notificado', 
            correnspondente = 3,
            observacoes = ''
     WHERE id = 13836;
Correspondente:correiosanimavirtus@gmail.com
    UPDATE notificacoes.entrada
       SET 
            enviado = current_timestamp, 
            processamento = 'Notificado', 
            correnspondente = 4,
            observacoes = ''
     WHERE id = 13836;
Correspondente:correiosanimasystem@gmail.com
    UPDATE notificacoes.entrada
       SET 
            enviado = current_timestamp, 
            processamento = 'Notificado', 
            correnspondente = 3,
            observacoes = ''
     WHERE id = 13837;
Correspondente:correiosanimachallenger@gmail.com
    UPDATE notificacoes.entrada
       SET 
            enviado = current_timestamp, 
            processamento = 'Notificado', 
            correnspondente = 5,
            observacoes = ''
     WHERE id = 13838;
Correspondente:correiosanimanotificacao@gmail.com
    UPDATE notificacoes.entrada
       SET 
            enviado = current_timestamp, 
            processamento = 'Notificado', 
            correnspondente = 8,
            observacoes = ''
     WHERE id = 13839;
Correspondente:correiosanimainformativo@gmail.com
    UPDATE notificacoes.entrada
       SET 
            enviado = current_timestamp, 
            processamento = 'Notificado', 
            correnspondente = 9,
            observacoes = ''
     WHERE id = 13840;
Correspondente:correiosanimaaviso@gmail.com
    UPDATE notificacoes.entrada
       SET 
            enviado = current_timestamp, 
            processamento = 'Notificado', 
            correnspondente = 10,
            observacoes = ''
     WHERE id = 13841;
Correspondente:correiosanimanotificacoes@gmail.com
    UPDATE notificacoes.entrada
       SET 
            enviado = current_timestamp, 
            processamento = 'Notificado', 
            correnspondente = 6,
            observacoes = ''
     WHERE id = 13842;
Correspondente:correiosanimaservicos@gmail.com
    UPDATE notificacoes.entrada
       SET 
            enviado = current_timestamp, 
            processamento = 'Notificado', 
            correnspondente = 7,
            observacoes = ''
     WHERE id = 13843;
Correspondente:correiosanimamaster@gmail.com
    UPDATE notificacoes.entrada
       SET 
            enviado = current_timestamp, 
            processamento = 'Notificado', 
            correnspondente = 1,
            observacoes = ''
     WHERE id = 13844;
Correspondente:correiosanimaslave@gmail.com
    UPDATE notificacoes.entrada
       SET 
            enviado = current_timestamp, 
            processamento = 'Notificado', 
            correnspondente = 2,
            observacoes = ''
     WHERE id = 13845;
Correspondente:correiosanimasystem@gmail.com
    UPDATE notificacoes.entrada
       SET 
            enviado = current_timestamp, 
            processamento = 'Notificado', 
            correnspondente = 3,
            observacoes = ''
     WHERE id = 13845;
Correspondente:correiosanimaslave@gmail.com
    UPDATE notificacoes.entrada
       SET 
            enviado = current_timestamp, 
            processamento = 'Notificado', 
            correnspondente = 2,
            observacoes = ''
     WHERE id = 13846;
Correspondente:correiosanimavirtus@gmail.com
    UPDATE notificacoes.entrada
       SET 
            enviado = current_timestamp, 
            processamento = 'Notificado', 
            correnspondente = 4,
            observacoes = ''
     WHERE id = 13847;
Correspondente:correiosanimachallenger@gmail.com
    UPDATE notificacoes.entrada
       SET 
            enviado = current_timestamp, 
            processamento = 'Notificado', 
            correnspondente = 5,
            observacoes = ''
     WHERE id = 13848;
Correspondente:correiosanimanotificacao@gmail.com
    UPDATE notificacoes.entrada
       SET 
            enviado = current_timestamp, 
            processamento = 'Notificado', 
            correnspondente = 8,
            observacoes = ''
     WHERE id = 13848;
Correspondente:correiosanimachallenger@gmail.com
    UPDATE notificacoes.entrada
       SET 
            enviado = current_timestamp, 
            processamento = 'Notificado', 
            correnspondente = 5,
            observacoes = ''
     WHERE id = 13849;
Correspondente:correiosanimainformativo@gmail.com
    UPDATE notificacoes.entrada
       SET 
            enviado = current_timestamp, 
            processamento = 'Notificado', 
            correnspondente = 9,
            observacoes = ''
     WHERE id = 13849;
Correspondente:correiosanimachallenger@gmail.com
    UPDATE notificacoes.entrada
       SET 
            enviado = current_timestamp, 
            processamento = 'Notificado', 
            correnspondente = 5,
            observacoes = ''
     WHERE id = 13850;
Correspondente:correiosanimaaviso@gmail.com
    UPDATE notificacoes.entrada
       SET 
            enviado = current_timestamp, 
            processamento = 'Notificado', 
            correnspondente = 10,
            observacoes = ''
     WHERE id = 13850;
Correspondente:correiosanimachallenger@gmail.com
    UPDATE notificacoes.entrada
       SET 
            enviado = current_timestamp, 
            processamento = 'Notificado', 
            correnspondente = 5,
            observacoes = ''
     WHERE id = 13851;
Correspondente:correiosanimanotificacoes@gmail.com
    UPDATE notificacoes.entrada
       SET 
            enviado = current_timestamp, 
            processamento = 'Notificado', 
            correnspondente = 6,
            observacoes = ''
     WHERE id = 13852;
Correspondente:correiosanimaservicos@gmail.com
    UPDATE notificacoes.entrada
       SET 
            enviado = current_timestamp, 
            processamento = 'Notificado', 
            correnspondente = 7,
            observacoes = ''
     WHERE id = 13852;
Correspondente:correiosanimanotificacoes@gmail.com
    UPDATE notificacoes.entrada
       SET 
            enviado = current_timestamp, 
            processamento = 'Notificado', 
            correnspondente = 6,
            observacoes = ''
     WHERE id = 13853;
Correspondente:correiosanimamaster@gmail.com
    UPDATE notificacoes.entrada
       SET 
            enviado = current_timestamp, 
            processamento = 'Erro de processamento', 
            correnspondente = 1,
            observacoes = 'Erro de SMTP: dados não aceitos.'
     WHERE id = 13854;
Erro de processamento. id:13854
Erro de SMTP: dados não aceitos.
Correspondente:correiosanimaslave@gmail.com
    UPDATE notificacoes.entrada
       SET 
            enviado = current_timestamp, 
            processamento = 'Notificado', 
            correnspondente = 2,
            observacoes = ''
     WHERE id = 13855;
Correspondente:correiosanimasystem@gmail.com
    UPDATE notificacoes.entrada
       SET 
            enviado = current_timestamp, 
            processamento = 'Notificado', 
            correnspondente = 3,
            observacoes = ''
     WHERE id = 13855;
Correspondente:correiosanimaslave@gmail.com
    UPDATE notificacoes.entrada
       SET 
            enviado = current_timestamp, 
            processamento = 'Notificado', 
            correnspondente = 2,
            observacoes = ''
     WHERE id = 13856;
Correspondente:correiosanimavirtus@gmail.com
    UPDATE notificacoes.entrada
       SET 
            enviado = current_timestamp, 
            processamento = 'Notificado', 
            correnspondente = 4,
            observacoes = ''
     WHERE id = 13856;
Correspondente:correiosanimaslave@gmail.com
    UPDATE notificacoes.entrada
       SET 
            enviado = current_timestamp, 
            processamento = 'Notificado', 
            correnspondente = 2,
            observacoes = ''
     WHERE id = 13857;
Correspondente:correiosanimachallenger@gmail.com
    UPDATE notificacoes.entrada
       SET 
            enviado = current_timestamp, 
            processamento = 'Notificado', 
            correnspondente = 5,
            observacoes = ''
     WHERE id = 13858;
Correspondente:correiosanimanotificacao@gmail.com
    UPDATE notificacoes.entrada
       SET 
            enviado = current_timestamp, 
            processamento = 'Notificado', 
            correnspondente = 8,
            observacoes = ''
     WHERE id = 13858;
Correspondente:correiosanimachallenger@gmail.com
    UPDATE notificacoes.entrada
       SET 
            enviado = current_timestamp, 
            processamento = 'Notificado', 
            correnspondente = 5,
            observacoes = ''
     WHERE id = 13859;
Correspondente:correiosanimainformativo@gmail.com
    UPDATE notificacoes.entrada
       SET 
            enviado = current_timestamp, 
            processamento = 'Notificado', 
            correnspondente = 9,
            observacoes = ''
     WHERE id = 13859;
Correspondente:correiosanimachallenger@gmail.com
    UPDATE notificacoes.entrada
       SET 
            enviado = current_timestamp, 
            processamento = 'Notificado', 
            correnspondente = 5,
            observacoes = ''
     WHERE id = 13860;
Correspondente:correiosanimaaviso@gmail.com
    UPDATE notificacoes.entrada
       SET 
            enviado = current_timestamp, 
            processamento = 'Notificado', 
            correnspondente = 10,
            observacoes = ''
     WHERE id = 13861;
Correspondente:correiosanimanotificacoes@gmail.com
    UPDATE notificacoes.entrada
       SET 
            enviado = current_timestamp, 
            processamento = 'Notificado', 
            correnspondente = 6,
            observacoes = ''
     WHERE id = 13861;
Correspondente:correiosanimaaviso@gmail.com
    UPDATE notificacoes.entrada
       SET 
            enviado = current_timestamp, 
            processamento = 'Notificado', 
            correnspondente = 10,
            observacoes = ''
     WHERE id = 13862;
Correspondente:correiosanimaservicos@gmail.com
    UPDATE notificacoes.entrada
       SET 
            enviado = current_timestamp, 
            processamento = 'Notificado', 
            correnspondente = 7,
            observacoes = ''
     WHERE id = 13863;
Correspondente:correiosanimamaster@gmail.com
    UPDATE notificacoes.entrada
       SET 
            enviado = current_timestamp, 
            processamento = 'Notificado', 
            correnspondente = 1,
            observacoes = ''
     WHERE id = 13864;
Correspondente:correiosanimaslave@gmail.com
    UPDATE notificacoes.entrada
       SET 
            enviado = current_timestamp, 
            processamento = 'Notificado', 
            correnspondente = 2,
            observacoes = ''
     WHERE id = 13865;
Correspondente:correiosanimasystem@gmail.com
    UPDATE notificacoes.entrada
       SET 
            enviado = current_timestamp, 
            processamento = 'Notificado', 
            correnspondente = 3,
            observacoes = ''
     WHERE id = 13866;
Correspondente:correiosanimavirtus@gmail.com
    UPDATE notificacoes.entrada
       SET 
            enviado = current_timestamp, 
            processamento = 'Notificado', 
            correnspondente = 4,
            observacoes = ''
     WHERE id = 13867;
Correspondente:correiosanimachallenger@gmail.com
    UPDATE notificacoes.entrada
       SET 
            enviado = current_timestamp, 
            processamento = 'Notificado', 
            correnspondente = 5,
            observacoes = ''
     WHERE id = 13868;
Correspondente:correiosanimanotificacao@gmail.com
    UPDATE notificacoes.entrada
       SET 
            enviado = current_timestamp, 
            processamento = 'Notificado', 
            correnspondente = 8,
            observacoes = ''
     WHERE id = 13868;
Correspondente:correiosanimachallenger@gmail.com
    UPDATE notificacoes.entrada
       SET 
            enviado = current_timestamp, 
            processamento = 'Notificado', 
            correnspondente = 5,
            observacoes = ''
     WHERE id = 13869;
Correspondente:correiosanimainformativo@gmail.com
    UPDATE notificacoes.entrada
       SET 
            enviado = current_timestamp, 
            processamento = 'Notificado', 
            correnspondente = 9,
            observacoes = ''
     WHERE id = 13869;
Correspondente:correiosanimanotificacoes@gmail.com
    UPDATE notificacoes.entrada
       SET 
            enviado = current_timestamp, 
            processamento = 'Notificado', 
            correnspondente = 6,
            observacoes = ''
     WHERE id = 13871;
Correspondente:correiosanimachallenger@gmail.com
    UPDATE notificacoes.entrada
       SET 
            enviado = current_timestamp, 
            processamento = 'Notificado', 
            correnspondente = 5,
            observacoes = ''
     WHERE id = 13872;
Correspondente:correiosanimaaviso@gmail.com
    UPDATE notificacoes.entrada
       SET 
            enviado = current_timestamp, 
            processamento = 'Notificado', 
            correnspondente = 10,
            observacoes = ''
     WHERE id = 13872;
Correspondente:correiosanimachallenger@gmail.com
    UPDATE notificacoes.entrada
       SET 
            enviado = current_timestamp, 
            processamento = 'Notificado', 
            correnspondente = 5,
            observacoes = ''
     WHERE id = 13873;
Correspondente:correiosanimaaviso@gmail.com
    UPDATE notificacoes.entrada
       SET 
            enviado = current_timestamp, 
            processamento = 'Notificado', 
            correnspondente = 10,
            observacoes = ''
     WHERE id = 13874;
Correspondente:correiosanimanotificacoes@gmail.com
    UPDATE notificacoes.entrada
       SET 
            enviado = current_timestamp, 
            processamento = 'Notificado', 
            correnspondente = 6,
            observacoes = ''
     WHERE id = 13875;
Correspondente:correiosanimaservicos@gmail.com
    UPDATE notificacoes.entrada
       SET 
            enviado = current_timestamp, 
            processamento = 'Notificado', 
            correnspondente = 7,
            observacoes = ''
     WHERE id = 13876;
Correspondente:correiosanimamaster@gmail.com
    UPDATE notificacoes.entrada
       SET 
            enviado = current_timestamp, 
            processamento = 'Notificado', 
            correnspondente = 1,
            observacoes = ''
     WHERE id = 13876;
Correspondente:correiosanimaservicos@gmail.com
    UPDATE notificacoes.entrada
       SET 
            enviado = current_timestamp, 
            processamento = 'Notificado', 
            correnspondente = 7,
            observacoes = ''
     WHERE id = 13878;
Correspondente:correiosanimaslave@gmail.com
    UPDATE notificacoes.entrada
       SET 
            enviado = current_timestamp, 
            processamento = 'Notificado', 
            correnspondente = 2,
            observacoes = ''
     WHERE id = 13879;
Correspondente:correiosanimasystem@gmail.com
    UPDATE notificacoes.entrada
       SET 
            enviado = current_timestamp, 
            processamento = 'Notificado', 
            correnspondente = 3,
            observacoes = ''
     WHERE id = 13880;
Correspondente:correiosanimavirtus@gmail.com
    UPDATE notificacoes.entrada
       SET 
            enviado = current_timestamp, 
            processamento = 'Notificado', 
            correnspondente = 4,
            observacoes = ''
     WHERE id = 13881;
Correspondente:correiosanimachallenger@gmail.com
    UPDATE notificacoes.entrada
       SET 
            enviado = current_timestamp, 
            processamento = 'Notificado', 
            correnspondente = 5,
            observacoes = ''
     WHERE id = 13881;
Correspondente:correiosanimavirtus@gmail.com
    UPDATE notificacoes.entrada
       SET 
            enviado = current_timestamp, 
            processamento = 'Notificado', 
            correnspondente = 4,
            observacoes = ''
     WHERE id = 13882;
Correspondente:correiosanimanotificacao@gmail.com
    UPDATE notificacoes.entrada
       SET 
            enviado = current_timestamp, 
            processamento = 'Notificado', 
            correnspondente = 8,
            observacoes = ''
     WHERE id = 13883;
Correspondente:correiosanimainformativo@gmail.com
    UPDATE notificacoes.entrada
       SET 
            enviado = current_timestamp, 
            processamento = 'Notificado', 
            correnspondente = 9,
            observacoes = ''
     WHERE id = 13884;
Correspondente:correiosanimaaviso@gmail.com
    UPDATE notificacoes.entrada
       SET 
            enviado = current_timestamp, 
            processamento = 'Notificado', 
            correnspondente = 10,
            observacoes = ''
     WHERE id = 13885;
Correspondente:correiosanimanotificacoes@gmail.com
    UPDATE notificacoes.entrada
       SET 
            enviado = current_timestamp, 
            processamento = 'Notificado', 
            correnspondente = 6,
            observacoes = ''
     WHERE id = 13885;
Correspondente:correiosanimaaviso@gmail.com
    UPDATE notificacoes.entrada
       SET 
            enviado = current_timestamp, 
            processamento = 'Notificado', 
            correnspondente = 10,
            observacoes = ''
     WHERE id = 13887;
Correspondente:correiosanimaservicos@gmail.com
    UPDATE notificacoes.entrada
       SET 
            enviado = current_timestamp, 
            processamento = 'Notificado', 
            correnspondente = 7,
            observacoes = ''
     WHERE id = 13888;
Correspondente:correiosanimamaster@gmail.com
    UPDATE notificacoes.entrada
       SET 
            enviado = current_timestamp, 
            processamento = 'Notificado', 
            correnspondente = 1,
            observacoes = ''
     WHERE id = 13889;
Correspondente:correiosanimaslave@gmail.com
    UPDATE notificacoes.entrada
       SET 
            enviado = current_timestamp, 
            processamento = 'Notificado', 
            correnspondente = 2,
            observacoes = ''
     WHERE id = 13890;
Correspondente:correiosanimasystem@gmail.com
    UPDATE notificacoes.entrada
       SET 
            enviado = current_timestamp, 
            processamento = 'Notificado', 
            correnspondente = 3,
            observacoes = ''
     WHERE id = 13891;
Correspondente:correiosanimavirtus@gmail.com
    UPDATE notificacoes.entrada
       SET 
            enviado = current_timestamp, 
            processamento = 'Notificado', 
            correnspondente = 4,
            observacoes = ''
     WHERE id = 13891;
Correspondente:correiosanimasystem@gmail.com
    UPDATE notificacoes.entrada
       SET 
            enviado = current_timestamp, 
            processamento = 'Notificado', 
            correnspondente = 3,
            observacoes = ''
     WHERE id = 13892;
Correspondente:correiosanimachallenger@gmail.com
    UPDATE notificacoes.entrada
       SET 
            enviado = current_timestamp, 
            processamento = 'Notificado', 
            correnspondente = 5,
            observacoes = ''
     WHERE id = 13892;
Correspondente:correiosanimasystem@gmail.com
    UPDATE notificacoes.entrada
       SET 
            enviado = current_timestamp, 
            processamento = 'Notificado', 
            correnspondente = 3,
            observacoes = ''
     WHERE id = 13446;
Correspondente:correiosanimanotificacao@gmail.com
    UPDATE notificacoes.entrada
       SET 
            enviado = current_timestamp, 
            processamento = 'Notificado', 
            correnspondente = 8,
            observacoes = ''
     WHERE id = 13893;
Correspondente:correiosanimainformativo@gmail.com
    UPDATE notificacoes.entrada
       SET 
            enviado = current_timestamp, 
            processamento = 'Notificado', 
            correnspondente = 9,
            observacoes = ''
     WHERE id = 13893;
Correspondente:correiosanimanotificacao@gmail.com
    UPDATE notificacoes.entrada
       SET 
            enviado = current_timestamp, 
            processamento = 'Notificado', 
            correnspondente = 8,
            observacoes = ''
     WHERE id = 13894;
Correspondente:correiosanimaaviso@gmail.com
    UPDATE notificacoes.entrada
       SET 
            enviado = current_timestamp, 
            processamento = 'Notificado', 
            correnspondente = 10,
            observacoes = ''
     WHERE id = 13895;
Correspondente:correiosanimainformativo@gmail.com
    UPDATE notificacoes.entrada
       SET 
            enviado = current_timestamp, 
            processamento = 'Notificado', 
            correnspondente = 9,
            observacoes = ''
     WHERE id = 13896;
Correspondente:correiosanimanotificacoes@gmail.com
    UPDATE notificacoes.entrada
       SET 
            enviado = current_timestamp, 
            processamento = 'Notificado', 
            correnspondente = 6,
            observacoes = ''
     WHERE id = 13896;
Correspondente:correiosanimainformativo@gmail.com
    UPDATE notificacoes.entrada
       SET 
            enviado = current_timestamp, 
            processamento = 'Notificado', 
            correnspondente = 9,
            observacoes = ''
     WHERE id = 13897;
Correspondente:correiosanimaservicos@gmail.com
    UPDATE notificacoes.entrada
       SET 
            enviado = current_timestamp, 
            processamento = 'Notificado', 
            correnspondente = 7,
            observacoes = ''
     WHERE id = 13898;
Correspondente:correiosanimamaster@gmail.com
    UPDATE notificacoes.entrada
       SET 
            enviado = current_timestamp, 
            processamento = 'Notificado', 
            correnspondente = 1,
            observacoes = ''
     WHERE id = 13899;
Correspondente:correiosanimaslave@gmail.com
    UPDATE notificacoes.entrada
       SET 
            enviado = current_timestamp, 
            processamento = 'Notificado', 
            correnspondente = 2,
            observacoes = ''
     WHERE id = 13900;
Correspondente:correiosanimasystem@gmail.com
    UPDATE notificacoes.entrada
       SET 
            enviado = current_timestamp, 
            processamento = 'Notificado', 
            correnspondente = 3,
            observacoes = ''
     WHERE id = 13900;
Correspondente:correiosanimaslave@gmail.com
    UPDATE notificacoes.entrada
       SET 
            enviado = current_timestamp, 
            processamento = 'Notificado', 
            correnspondente = 2,
            observacoes = ''
     WHERE id = 13901;
Correspondente:correiosanimavirtus@gmail.com
    UPDATE notificacoes.entrada
       SET 
            enviado = current_timestamp, 
            processamento = 'Notificado', 
            correnspondente = 4,
            observacoes = ''
     WHERE id = 13902;
Correspondente:correiosanimachallenger@gmail.com
    UPDATE notificacoes.entrada
       SET 
            enviado = current_timestamp, 
            processamento = 'Notificado', 
            correnspondente = 5,
            observacoes = ''
     WHERE id = 13903;
Correspondente:correiosanimainformativo@gmail.com
    UPDATE notificacoes.entrada
       SET 
            enviado = current_timestamp, 
            processamento = 'Notificado', 
            correnspondente = 9,
            observacoes = ''
     WHERE id = 13904;
Correspondente:correiosanimanotificacao@gmail.com
    UPDATE notificacoes.entrada
       SET 
            enviado = current_timestamp, 
            processamento = 'Notificado', 
            correnspondente = 8,
            observacoes = ''
     WHERE id = 13905;
Correspondente:correiosanimainformativo@gmail.com
    UPDATE notificacoes.entrada
       SET 
            enviado = current_timestamp, 
            processamento = 'Notificado', 
            correnspondente = 9,
            observacoes = ''
     WHERE id = 13905;
Correspondente:correiosanimanotificacao@gmail.com
    UPDATE notificacoes.entrada
       SET 
            enviado = current_timestamp, 
            processamento = 'Notificado', 
            correnspondente = 8,
            observacoes = ''
     WHERE id = 13906;
Correspondente:correiosanimaaviso@gmail.com
    UPDATE notificacoes.entrada
       SET 
            enviado = current_timestamp, 
            processamento = 'Notificado', 
            correnspondente = 10,
            observacoes = ''
     WHERE id = 13907;
Correspondente:correiosanimanotificacoes@gmail.com
    UPDATE notificacoes.entrada
       SET 
            enviado = current_timestamp, 
            processamento = 'Notificado', 
            correnspondente = 6,
            observacoes = ''
     WHERE id = 13907;
Correspondente:correiosanimaaviso@gmail.com
    UPDATE notificacoes.entrada
       SET 
            enviado = current_timestamp, 
            processamento = 'Notificado', 
            correnspondente = 10,
            observacoes = ''
     WHERE id = 13908;
Correspondente:correiosanimaservicos@gmail.com
    UPDATE notificacoes.entrada
       SET 
            enviado = current_timestamp, 
            processamento = 'Notificado', 
            correnspondente = 7,
            observacoes = ''
     WHERE id = 13909;
Correspondente:correiosanimaservicos@gmail.com
    UPDATE notificacoes.entrada
       SET 
            enviado = current_timestamp, 
            processamento = 'Notificado', 
            correnspondente = 7,
            observacoes = ''
     WHERE id = 13910;
Correspondente:correiosanimaslave@gmail.com
    UPDATE notificacoes.entrada
       SET 
            enviado = current_timestamp, 
            processamento = 'Notificado', 
            correnspondente = 2,
            observacoes = ''
     WHERE id = 13911;
Correspondente:correiosanimasystem@gmail.com
    UPDATE notificacoes.entrada
       SET 
            enviado = current_timestamp, 
            processamento = 'Notificado', 
            correnspondente = 3,
            observacoes = ''
     WHERE id = 13912;
Correspondente:correiosanimamaster@gmail.com
    UPDATE notificacoes.entrada
       SET 
            enviado = current_timestamp, 
            processamento = 'Notificado', 
            correnspondente = 1,
            observacoes = ''
     WHERE id = 13912;
Correspondente:correiosanimasystem@gmail.com
    UPDATE notificacoes.entrada
       SET 
            enviado = current_timestamp, 
            processamento = 'Notificado', 
            correnspondente = 3,
            observacoes = ''
     WHERE id = 13913;
Correspondente:correiosanimaslave@gmail.com
    UPDATE notificacoes.entrada
       SET 
            enviado = current_timestamp, 
            processamento = 'Notificado', 
            correnspondente = 2,
            observacoes = ''
     WHERE id = 13914;
Correspondente:correiosanimasystem@gmail.com
    UPDATE notificacoes.entrada
       SET 
            enviado = current_timestamp, 
            processamento = 'Notificado', 
            correnspondente = 3,
            observacoes = ''
     WHERE id = 13915;
Correspondente:correiosanimavirtus@gmail.com
    UPDATE notificacoes.entrada
       SET 
            enviado = current_timestamp, 
            processamento = 'Notificado', 
            correnspondente = 4,
            observacoes = ''
     WHERE id = 13916;
Correspondente:correiosanimachallenger@gmail.com
    UPDATE notificacoes.entrada
       SET 
            enviado = current_timestamp, 
            processamento = 'Notificado', 
            correnspondente = 5,
            observacoes = ''
     WHERE id = 13916;
Correspondente:correiosanimavirtus@gmail.com
    UPDATE notificacoes.entrada
       SET 
            enviado = current_timestamp, 
            processamento = 'Notificado', 
            correnspondente = 4,
            observacoes = ''
     WHERE id = 13916;
Correspondente:correiosanimachallenger@gmail.com
    UPDATE notificacoes.entrada
       SET 
            enviado = current_timestamp, 
            processamento = 'Notificado', 
            correnspondente = 5,
            observacoes = ''
     WHERE id = 13917;
Correspondente:correiosanimanotificacao@gmail.com
    UPDATE notificacoes.entrada
       SET 
            enviado = current_timestamp, 
            processamento = 'Notificado', 
            correnspondente = 8,
            observacoes = ''
     WHERE id = 13918;
Correspondente:correiosanimainformativo@gmail.com
    UPDATE notificacoes.entrada
       SET 
            enviado = current_timestamp, 
            processamento = 'Notificado', 
            correnspondente = 9,
            observacoes = ''
     WHERE id = 13918;
Correspondente:correiosanimanotificacao@gmail.com
    UPDATE notificacoes.entrada
       SET 
            enviado = current_timestamp, 
            processamento = 'Notificado', 
            correnspondente = 8,
            observacoes = ''
     WHERE id = 13919;
Correspondente:correiosanimaaviso@gmail.com
    UPDATE notificacoes.entrada
       SET 
            enviado = current_timestamp, 
            processamento = 'Notificado', 
            correnspondente = 10,
            observacoes = ''
     WHERE id = 13919;
Correspondente:correiosanimanotificacao@gmail.com
    UPDATE notificacoes.entrada
       SET 
            enviado = current_timestamp, 
            processamento = 'Notificado', 
            correnspondente = 8,
            observacoes = ''
     WHERE id = 13920;
Correspondente:correiosanimanotificacoes@gmail.com
    UPDATE notificacoes.entrada
       SET 
            enviado = current_timestamp, 
            processamento = 'Notificado', 
            correnspondente = 6,
            observacoes = ''
     WHERE id = 13920;
Correspondente:correiosanimanotificacao@gmail.com
    UPDATE notificacoes.entrada
       SET 
            enviado = current_timestamp, 
            processamento = 'Notificado', 
            correnspondente = 8,
            observacoes = ''
     WHERE id = 13921;
Correspondente:correiosanimaservicos@gmail.com
    UPDATE notificacoes.entrada
       SET 
            enviado = current_timestamp, 
            processamento = 'Notificado', 
            correnspondente = 7,
            observacoes = ''
     WHERE id = 13922;
Correspondente:correiosanimaservicos@gmail.com
    UPDATE notificacoes.entrada
       SET 
            enviado = current_timestamp, 
            processamento = 'Notificado', 
            correnspondente = 7,
            observacoes = ''
     WHERE id = 13923;
Correspondente:correiosanimaservicos@gmail.com
    UPDATE notificacoes.entrada
       SET 
            enviado = current_timestamp, 
            processamento = 'Notificado', 
            correnspondente = 7,
            observacoes = ''
     WHERE id = 13924;
Correspondente:correiosanimaslave@gmail.com
    UPDATE notificacoes.entrada
       SET 
            enviado = current_timestamp, 
            processamento = 'Notificado', 
            correnspondente = 2,
            observacoes = ''
     WHERE id = 13925;
Correspondente:correiosanimachallenger@gmail.com
    UPDATE notificacoes.entrada
       SET 
            enviado = current_timestamp, 
            processamento = 'Notificado', 
            correnspondente = 5,
            observacoes = ''
     WHERE id = 13926;
Correspondente:correiosanimanotificacoes@gmail.com
    UPDATE notificacoes.entrada
       SET 
            enviado = current_timestamp, 
            processamento = 'Notificado', 
            correnspondente = 6,
            observacoes = ''
     WHERE id = 13854;
Correspondente:correiosanimamaster@gmail.com
    UPDATE notificacoes.entrada
       SET 
            enviado = current_timestamp, 
            processamento = 'Notificado', 
            correnspondente = 1,
            observacoes = ''
     WHERE id = 13927;
Correspondente:correiosanimanotificacoes@gmail.com
    UPDATE notificacoes.entrada
       SET 
            enviado = current_timestamp, 
            processamento = 'Notificado', 
            correnspondente = 6,
            observacoes = ''
     WHERE id = 13372;
Correspondente:correiosanimamaster@gmail.com
    UPDATE notificacoes.entrada
       SET 
            enviado = current_timestamp, 
            processamento = 'Notificado', 
            correnspondente = 1,
            observacoes = ''
     WHERE id = 13372;
Correspondente:correiosanimanotificacoes@gmail.com
    UPDATE notificacoes.entrada
       SET 
            enviado = current_timestamp, 
            processamento = 'Notificado', 
            correnspondente = 6,
            observacoes = ''
     WHERE id = 12578;
Correspondente:correiosanimanotificacoes@gmail.com
    UPDATE notificacoes.entrada
       SET 
            enviado = current_timestamp, 
            processamento = 'Notificado', 
            correnspondente = 6,
            observacoes = ''
     WHERE id = 12578;
Correspondente:correiosanimanotificacoes@gmail.com
    UPDATE notificacoes.entrada
       SET 
            enviado = current_timestamp, 
            processamento = 'Notificado', 
            correnspondente = 6,
            observacoes = ''
     WHERE id = 13015;
Correspondente:correiosanimaservicos@gmail.com
    UPDATE notificacoes.entrada
       SET 
            enviado = current_timestamp, 
            processamento = 'Notificado', 
            correnspondente = 7,
            observacoes = ''
     WHERE id = 13015;
Correspondente:correiosanimanotificacoes@gmail.com
    UPDATE notificacoes.entrada
       SET 
            enviado = current_timestamp, 
            processamento = 'Notificado', 
            correnspondente = 6,
            observacoes = ''
     WHERE id = 11945;
Correspondente:correiosanimamaster@gmail.com
    UPDATE notificacoes.entrada
       SET 
            enviado = current_timestamp, 
            processamento = 'Notificado', 
            correnspondente = 1,
            observacoes = ''
     WHERE id = 11945;
Correspondente:correiosanimanotificacoes@gmail.com
    UPDATE notificacoes.entrada
       SET 
            enviado = current_timestamp, 
            processamento = 'Notificado', 
            correnspondente = 6,
            observacoes = ''
     WHERE id = 12807;
Correspondente:correiosanimavirtus@gmail.com
    UPDATE notificacoes.entrada
       SET 
            enviado = current_timestamp, 
            processamento = 'Notificado', 
            correnspondente = 4,
            observacoes = ''
     WHERE id = 12807;
Correspondente:correiosanimanotificacoes@gmail.com
    UPDATE notificacoes.entrada
       SET 
            enviado = current_timestamp, 
            processamento = 'Notificado', 
            correnspondente = 6,
            observacoes = ''
     WHERE id = 13236;
Correspondente:correiosanimachallenger@gmail.com
    UPDATE notificacoes.entrada
       SET 
            enviado = current_timestamp, 
            processamento = 'Notificado', 
            correnspondente = 5,
            observacoes = ''
     WHERE id = 13236;
Correspondente:correiosanimanotificacoes@gmail.com
    UPDATE notificacoes.entrada
       SET 
            enviado = current_timestamp, 
            processamento = 'Notificado', 
            correnspondente = 6,
            observacoes = ''
     WHERE id = 13928;
Correspondente:correiosanimanotificacao@gmail.com
    UPDATE notificacoes.entrada
       SET 
            enviado = current_timestamp, 
            processamento = 'Notificado', 
            correnspondente = 8,
            observacoes = ''
     WHERE id = 13928;
Correspondente:correiosanimanotificacoes@gmail.com
    UPDATE notificacoes.entrada
       SET 
            enviado = current_timestamp, 
            processamento = 'Notificado', 
            correnspondente = 6,
            observacoes = ''
     WHERE id = 13929;
Correspondente:correiosanimaaviso@gmail.com
    UPDATE notificacoes.entrada
       SET 
            enviado = current_timestamp, 
            processamento = 'Notificado', 
            correnspondente = 10,
            observacoes = ''
     WHERE id = 13930;
Correspondente:correiosanimanotificacoes@gmail.com
    UPDATE notificacoes.entrada
       SET 
            enviado = current_timestamp, 
            processamento = 'Notificado', 
            correnspondente = 6,
            observacoes = ''
     WHERE id = 13931;
Correspondente:correiosanimaservicos@gmail.com
    UPDATE notificacoes.entrada
       SET 
            enviado = current_timestamp, 
            processamento = 'Notificado', 
            correnspondente = 7,
            observacoes = ''
     WHERE id = 13931;
Correspondente:correiosanimanotificacoes@gmail.com
    UPDATE notificacoes.entrada
       SET 
            enviado = current_timestamp, 
            processamento = 'Notificado', 
            correnspondente = 6,
            observacoes = ''
     WHERE id = 13932;
Correspondente:correiosanimamaster@gmail.com
    UPDATE notificacoes.entrada
       SET 
            enviado = current_timestamp, 
            processamento = 'Notificado', 
            correnspondente = 1,
            observacoes = ''
     WHERE id = 13932;
Correspondente:correiosanimaslave@gmail.com
    UPDATE notificacoes.entrada
       SET 
            enviado = current_timestamp, 
            processamento = 'Notificado', 
            correnspondente = 2,
            observacoes = ''
     WHERE id = 13933;
