Correspondente:correiosanimaslave@gmail.com
Erro de processamento. id:11155
Correspondente:correiosanimaslave@gmail.com
Erro de processamento. id:11155
Você deve fornecer pelo menos um endereço de email do destinatário.
Correspondente:correiosanimaslave@gmail.com
Erro de processamento. id:11155
Você deve fornecer pelo menos um endereço de email do destinatário.
Correspondente:correiosanimaslave@gmail.com
Erro de processamento. id:11155
Você deve fornecer pelo menos um endereço de email do destinatário.
Correspondente:correiosanimaslave@gmail.com
Erro de processamento. id:11155
Você deve fornecer pelo menos um endereço de email do destinatário.
Correspondente:correiosanimaslave@gmail.com
    UPDATE notificacoes.entrada
       SET 
            enviado = current_timestamp, 
            processamento = 'Erro de processamento', 
            correnspondente = 
     WHERE id = 11155;
Erro de processamento. id:11155
Você deve fornecer pelo menos um endereço de email do destinatário.
Correspondente:correiosanimaslave@gmail.com
    UPDATE notificacoes.entrada
       SET 
            enviado = current_timestamp, 
            processamento = 'Erro de processamento', 
            correnspondente = 2
     WHERE id = 11155;
Erro de processamento. id:11155
Você deve fornecer pelo menos um endereço de email do destinatário.
Correspondente:correiosanimachallenger@gmail.com
    UPDATE notificacoes.entrada
       SET 
            enviado = current_timestamp, 
            processamento = 'Erro de processamento', 
            correnspondente = 5,
            observacoes = Você deve fornecer pelo menos um endereço de email do destinatário.
     WHERE id = 11041;
Erro de processamento. id:11041
Você deve fornecer pelo menos um endereço de email do destinatário.
Correspondente:correiosanimachallenger@gmail.com
    UPDATE notificacoes.entrada
       SET 
            enviado = current_timestamp, 
            processamento = 'Erro de processamento', 
            correnspondente = 5,
            observacoes = Você deve fornecer pelo menos um endereço de email do destinatário.
     WHERE id = 11041;
Erro de processamento. id:11041
Você deve fornecer pelo menos um endereço de email do destinatário.
Correspondente:correiosanimachallenger@gmail.com
    UPDATE notificacoes.entrada
       SET 
            enviado = current_timestamp, 
            processamento = 'Erro de processamento', 
            correnspondente = 5,
            observacoes = 'Você deve fornecer pelo menos um endereço de email do destinatário.'
     WHERE id = 11041;
Erro de processamento. id:11041
Você deve fornecer pelo menos um endereço de email do destinatário.
Correspondente:correiosanimachallenger@gmail.com
    UPDATE notificacoes.entrada
       SET 
            enviado = current_timestamp, 
            processamento = 'Notificado', 
            correnspondente = 5,
            observacoes = ''
     WHERE id = 11098;
Correspondente:correiosanimachallenger@gmail.com
    UPDATE notificacoes.entrada
       SET 
            enviado = current_timestamp, 
            processamento = 'Notificado', 
            correnspondente = 5,
            observacoes = ''
     WHERE id = 11121;
Correspondente:correiosanimachallenger@gmail.com
    UPDATE notificacoes.entrada
       SET 
            enviado = current_timestamp, 
            processamento = 'Notificado', 
            correnspondente = 5,
            observacoes = ''
     WHERE id = 11144;
Correspondente:correiosanimavirtus@gmail.com
    UPDATE notificacoes.entrada
       SET 
            enviado = current_timestamp, 
            processamento = 'Erro de processamento', 
            correnspondente = 4,
            observacoes = 'Erro de SMTP: dados não aceitos.'
     WHERE id = 11167;
Erro de processamento. id:11167
Erro de SMTP: dados não aceitos.
Correspondente:correiosanimachallenger@gmail.com
    UPDATE notificacoes.entrada
       SET 
            enviado = current_timestamp, 
            processamento = 'Notificado', 
            correnspondente = 5,
            observacoes = ''
     WHERE id = 11167;
