Correspondente:correiosanimaclube1@yahoo.com
    UPDATE notificacoes.entrada
       SET 
            enviado = current_timestamp, 
            processamento = 'Notificado', 
            correnspondente = 17,
            observacoes = ''
     WHERE id = 18828;
Correspondente:correiosanimaclube@yahoo.com
    UPDATE notificacoes.entrada
       SET 
            enviado = current_timestamp, 
            processamento = 'Notificado', 
            correnspondente = 16,
            observacoes = ''
     WHERE id = 18829;
Correspondente:correiosanimanotificacoes@yahoo.com
    UPDATE notificacoes.entrada
       SET 
            enviado = current_timestamp, 
            processamento = 'Notificado', 
            correnspondente = 12,
            observacoes = ''
     WHERE id = 18829;
Correspondente:correiosanimaclube@yahoo.com
    UPDATE notificacoes.entrada
       SET 
            enviado = current_timestamp, 
            processamento = 'Notificado', 
            correnspondente = 16,
            observacoes = ''
     WHERE id = 18830;
Correspondente:correiosanimavirtus@gmail.com
    UPDATE notificacoes.entrada
       SET 
            enviado = current_timestamp, 
            processamento = 'Notificado', 
            correnspondente = 1,
            observacoes = ''
     WHERE id = 18831;
Correspondente:correiosanimanotificacoes@gmail.com
    UPDATE notificacoes.entrada
       SET 
            enviado = current_timestamp, 
            processamento = 'Notificado', 
            correnspondente = 2,
            observacoes = ''
     WHERE id = 18832;
Correspondente:correiosanimaservicos@gmail.com
    UPDATE notificacoes.entrada
       SET 
            enviado = current_timestamp, 
            processamento = 'Notificado', 
            correnspondente = 3,
            observacoes = ''
     WHERE id = 18833;
Correspondente:correiosanimaclube120@gmail.com
    UPDATE notificacoes.entrada
       SET 
            enviado = current_timestamp, 
            processamento = 'Notificado', 
            correnspondente = 4,
            observacoes = ''
     WHERE id = 18834;
Correspondente:correiosanimanotificacoes@gmail.com
    UPDATE notificacoes.entrada
       SET 
            enviado = current_timestamp, 
            processamento = 'Notificado', 
            correnspondente = 2,
            observacoes = ''
     WHERE id = 18836;
Correspondente:correiosanimaclube113@gmail.com
    UPDATE notificacoes.entrada
       SET 
            enviado = current_timestamp, 
            processamento = 'Notificado', 
            correnspondente = 5,
            observacoes = ''
     WHERE id = 18836;
Correspondente:correiosanimanotificacoes@gmail.com
    UPDATE notificacoes.entrada
       SET 
            enviado = current_timestamp, 
            processamento = 'Notificado', 
            correnspondente = 2,
            observacoes = ''
     WHERE id = 18837;
Correspondente:correiosanimaclube117@gmail.com
    UPDATE notificacoes.entrada
       SET 
            enviado = current_timestamp, 
            processamento = 'Notificado', 
            correnspondente = 6,
            observacoes = ''
     WHERE id = 18837;
Correspondente:correiosanimanotificacoes@gmail.com
    UPDATE notificacoes.entrada
       SET 
            enviado = current_timestamp, 
            processamento = 'Notificado', 
            correnspondente = 2,
            observacoes = ''
     WHERE id = 18838;
Correspondente:correiosanimaclube118@gmail.com
    UPDATE notificacoes.entrada
       SET 
            enviado = current_timestamp, 
            processamento = 'Notificado', 
            correnspondente = 7,
            observacoes = ''
     WHERE id = 18839;
Correspondente:correiosanimaaviso@gmail.com
    UPDATE notificacoes.entrada
       SET 
            enviado = current_timestamp, 
            processamento = 'Notificado', 
            correnspondente = 8,
            observacoes = ''
     WHERE id = 18840;
Correspondente:correiosanimainformativo@gmail.com
    UPDATE notificacoes.entrada
       SET 
            enviado = current_timestamp, 
            processamento = 'Notificado', 
            correnspondente = 9,
            observacoes = ''
     WHERE id = 18841;
Correspondente:correiosanimasystem@gmail.com
    UPDATE notificacoes.entrada
       SET 
            enviado = current_timestamp, 
            processamento = 'Notificado', 
            correnspondente = 10,
            observacoes = ''
     WHERE id = 18842;
Correspondente:correiosanimamaster@gmail.com
    UPDATE notificacoes.entrada
       SET 
            enviado = current_timestamp, 
            processamento = 'Notificado', 
            correnspondente = 11,
            observacoes = ''
     WHERE id = 94;
Correspondente:correiosanimachallenger@gmail.com
    UPDATE notificacoes.entrada
       SET 
            enviado = current_timestamp, 
            processamento = 'Notificado', 
            correnspondente = 13,
            observacoes = ''
     WHERE id = 153;
Correspondente:correiosanimavirtus@gmail.com
    UPDATE notificacoes.entrada
       SET 
            enviado = current_timestamp, 
            processamento = 'Notificado', 
            correnspondente = 1,
            observacoes = ''
     WHERE id = 18843;
Correspondente:correiosanimanotificacao@gmail.com
    UPDATE notificacoes.entrada
       SET 
            enviado = current_timestamp, 
            processamento = 'Notificado', 
            correnspondente = 15,
            observacoes = ''
     WHERE id = 18844;
Correspondente:correiosanimaclube10@gmail.com
    UPDATE notificacoes.entrada
       SET 
            enviado = current_timestamp, 
            processamento = 'Notificado', 
            correnspondente = 18,
            observacoes = ''
     WHERE id = 18844;
Correspondente:correiosanimanotificacao@gmail.com
    UPDATE notificacoes.entrada
       SET 
            enviado = current_timestamp, 
            processamento = 'Notificado', 
            correnspondente = 15,
            observacoes = ''
     WHERE id = 18845;
Correspondente:correiosanimaslave@gmail.com
    UPDATE notificacoes.entrada
       SET 
            enviado = current_timestamp, 
            processamento = 'Notificado', 
            correnspondente = 14,
            observacoes = ''
     WHERE id = 18846;
Correspondente:correiosanima@outlook.com
    UPDATE notificacoes.entrada
       SET 
            enviado = current_timestamp, 
            processamento = 'Notificado', 
            correnspondente = 19,
            observacoes = ''
     WHERE id = 18847;
Correspondente:correiosanimaclube1@yahoo.com
    UPDATE notificacoes.entrada
       SET 
            enviado = current_timestamp, 
            processamento = 'Notificado', 
            correnspondente = 17,
            observacoes = ''
     WHERE id = 18849;
Correspondente:correiosanimaclube@yahoo.com
    UPDATE notificacoes.entrada
       SET 
            enviado = current_timestamp, 
            processamento = 'Notificado', 
            correnspondente = 16,
            observacoes = ''
     WHERE id = 18849;
Correspondente:correiosanimaclube1@yahoo.com
    UPDATE notificacoes.entrada
       SET 
            enviado = current_timestamp, 
            processamento = 'Notificado', 
            correnspondente = 17,
            observacoes = ''
     WHERE id = 18848;
Correspondente:correiosanimanotificacoes@yahoo.com
    UPDATE notificacoes.entrada
       SET 
            enviado = current_timestamp, 
            processamento = 'Notificado', 
            correnspondente = 12,
            observacoes = ''
     WHERE id = 18850;
Correspondente:correiosanimavirtus@gmail.com
    UPDATE notificacoes.entrada
       SET 
            enviado = current_timestamp, 
            processamento = 'Notificado', 
            correnspondente = 1,
            observacoes = ''
     WHERE id = 18851;
Correspondente:correiosanimanotificacoes@gmail.com
    UPDATE notificacoes.entrada
       SET 
            enviado = current_timestamp, 
            processamento = 'Notificado', 
            correnspondente = 2,
            observacoes = ''
     WHERE id = 18852;
Correspondente:correiosanimaclube120@gmail.com
    UPDATE notificacoes.entrada
       SET 
            enviado = current_timestamp, 
            processamento = 'Notificado', 
            correnspondente = 4,
            observacoes = ''
     WHERE id = 18853;
Correspondente:correiosanimaservicos@gmail.com
    UPDATE notificacoes.entrada
       SET 
            enviado = current_timestamp, 
            processamento = 'Notificado', 
            correnspondente = 3,
            observacoes = ''
     WHERE id = 18854;
Correspondente:correiosanimaclube120@gmail.com
    UPDATE notificacoes.entrada
       SET 
            enviado = current_timestamp, 
            processamento = 'Notificado', 
            correnspondente = 4,
            observacoes = ''
     WHERE id = 18854;
Correspondente:correiosanimaservicos@gmail.com
    UPDATE notificacoes.entrada
       SET 
            enviado = current_timestamp, 
            processamento = 'Notificado', 
            correnspondente = 3,
            observacoes = ''
     WHERE id = 18855;
Correspondente:correiosanimaclube1@yahoo.com
    UPDATE notificacoes.entrada
       SET 
            enviado = current_timestamp, 
            processamento = 'Notificado', 
            correnspondente = 17,
            observacoes = ''
     WHERE id = 18856;
Correspondente:correiosanimaclube113@gmail.com
    UPDATE notificacoes.entrada
       SET 
            enviado = current_timestamp, 
            processamento = 'Notificado', 
            correnspondente = 5,
            observacoes = ''
     WHERE id = 18856;
Correspondente:correiosanimaclube1@yahoo.com
    UPDATE notificacoes.entrada
       SET 
            enviado = current_timestamp, 
            processamento = 'Notificado', 
            correnspondente = 17,
            observacoes = ''
     WHERE id = 18857;
Correspondente:correiosanimaclube117@gmail.com
    UPDATE notificacoes.entrada
       SET 
            enviado = current_timestamp, 
            processamento = 'Notificado', 
            correnspondente = 6,
            observacoes = ''
     WHERE id = 18858;
Correspondente:correiosanimaclube118@gmail.com
    UPDATE notificacoes.entrada
       SET 
            enviado = current_timestamp, 
            processamento = 'Notificado', 
            correnspondente = 7,
            observacoes = ''
     WHERE id = 18859;
Correspondente:correiosanimaaviso@gmail.com
    UPDATE notificacoes.entrada
       SET 
            enviado = current_timestamp, 
            processamento = 'Notificado', 
            correnspondente = 8,
            observacoes = ''
     WHERE id = 18859;
Correspondente:correiosanimaclube118@gmail.com
    UPDATE notificacoes.entrada
       SET 
            enviado = current_timestamp, 
            processamento = 'Notificado', 
            correnspondente = 7,
            observacoes = ''
     WHERE id = 18860;
Correspondente:correiosanimainformativo@gmail.com
    UPDATE notificacoes.entrada
       SET 
            enviado = current_timestamp, 
            processamento = 'Notificado', 
            correnspondente = 9,
            observacoes = ''
     WHERE id = 18860;
Correspondente:correiosanimaclube118@gmail.com
    UPDATE notificacoes.entrada
       SET 
            enviado = current_timestamp, 
            processamento = 'Notificado', 
            correnspondente = 7,
            observacoes = ''
     WHERE id = 18861;
Correspondente:correiosanimasystem@gmail.com
    UPDATE notificacoes.entrada
       SET 
            enviado = current_timestamp, 
            processamento = 'Notificado', 
            correnspondente = 10,
            observacoes = ''
     WHERE id = 18861;
Correspondente:correiosanimaclube118@gmail.com
    UPDATE notificacoes.entrada
       SET 
            enviado = current_timestamp, 
            processamento = 'Notificado', 
            correnspondente = 7,
            observacoes = ''
     WHERE id = 18862;
Correspondente:correiosanimamaster@gmail.com
    UPDATE notificacoes.entrada
       SET 
            enviado = current_timestamp, 
            processamento = 'Notificado', 
            correnspondente = 11,
            observacoes = ''
     WHERE id = 18863;
Correspondente:correiosanimachallenger@gmail.com
    UPDATE notificacoes.entrada
       SET 
            enviado = current_timestamp, 
            processamento = 'Notificado', 
            correnspondente = 13,
            observacoes = ''
     WHERE id = 18864;
Correspondente:correiosanimanotificacao@gmail.com
    UPDATE notificacoes.entrada
       SET 
            enviado = current_timestamp, 
            processamento = 'Notificado', 
            correnspondente = 15,
            observacoes = ''
     WHERE id = 18864;
Correspondente:correiosanimachallenger@gmail.com
    UPDATE notificacoes.entrada
       SET 
            enviado = current_timestamp, 
            processamento = 'Notificado', 
            correnspondente = 13,
            observacoes = ''
     WHERE id = 18865;
Correspondente:correiosanimaclube10@gmail.com
    UPDATE notificacoes.entrada
       SET 
            enviado = current_timestamp, 
            processamento = 'Notificado', 
            correnspondente = 18,
            observacoes = ''
     WHERE id = 18866;
Correspondente:correiosanimaslave@gmail.com
    UPDATE notificacoes.entrada
       SET 
            enviado = current_timestamp, 
            processamento = 'Notificado', 
            correnspondente = 14,
            observacoes = ''
     WHERE id = 18866;
Correspondente:correiosanimaclube10@gmail.com
    UPDATE notificacoes.entrada
       SET 
            enviado = current_timestamp, 
            processamento = 'Notificado', 
            correnspondente = 18,
            observacoes = ''
     WHERE id = 18867;
Correspondente:correiosanima@outlook.com
    UPDATE notificacoes.entrada
       SET 
            enviado = current_timestamp, 
            processamento = 'Notificado', 
            correnspondente = 19,
            observacoes = ''
     WHERE id = 18867;
Correspondente:correiosanimaclube10@gmail.com
    UPDATE notificacoes.entrada
       SET 
            enviado = current_timestamp, 
            processamento = 'Notificado', 
            correnspondente = 18,
            observacoes = ''
     WHERE id = 18868;
Correspondente:correiosanimaclube1@yahoo.com
    UPDATE notificacoes.entrada
       SET 
            enviado = current_timestamp, 
            processamento = 'Notificado', 
            correnspondente = 17,
            observacoes = ''
     WHERE id = 18869;
Correspondente:correiosanimaclube@yahoo.com
    UPDATE notificacoes.entrada
       SET 
            enviado = current_timestamp, 
            processamento = 'Notificado', 
            correnspondente = 16,
            observacoes = ''
     WHERE id = 18869;
Correspondente:correiosanimaclube1@yahoo.com
    UPDATE notificacoes.entrada
       SET 
            enviado = current_timestamp, 
            processamento = 'Notificado', 
            correnspondente = 17,
            observacoes = ''
     WHERE id = 18870;
Correspondente:correiosanimanotificacoes@yahoo.com
    UPDATE notificacoes.entrada
       SET 
            enviado = current_timestamp, 
            processamento = 'Notificado', 
            correnspondente = 12,
            observacoes = ''
     WHERE id = 18870;
Correspondente:correiosanimaclube1@yahoo.com
    UPDATE notificacoes.entrada
       SET 
            enviado = current_timestamp, 
            processamento = 'Notificado', 
            correnspondente = 17,
            observacoes = ''
     WHERE id = 18870;
Correspondente:correiosanimanotificacoes@yahoo.com
    UPDATE notificacoes.entrada
       SET 
            enviado = current_timestamp, 
            processamento = 'Notificado', 
            correnspondente = 12,
            observacoes = ''
     WHERE id = 18871;
Correspondente:correiosanimaservicos@gmail.com
    UPDATE notificacoes.entrada
       SET 
            enviado = current_timestamp, 
            processamento = 'Notificado', 
            correnspondente = 3,
            observacoes = ''
     WHERE id = 18872;
Correspondente:correiosanimavirtus@gmail.com
    UPDATE notificacoes.entrada
       SET 
            enviado = current_timestamp, 
            processamento = 'Notificado', 
            correnspondente = 1,
            observacoes = ''
     WHERE id = 18872;
Correspondente:correiosanimaservicos@gmail.com
    UPDATE notificacoes.entrada
       SET 
            enviado = current_timestamp, 
            processamento = 'Notificado', 
            correnspondente = 3,
            observacoes = ''
     WHERE id = 18873;
Correspondente:correiosanimanotificacoes@gmail.com
    UPDATE notificacoes.entrada
       SET 
            enviado = current_timestamp, 
            processamento = 'Notificado', 
            correnspondente = 2,
            observacoes = ''
     WHERE id = 18873;
Correspondente:correiosanimaservicos@gmail.com
    UPDATE notificacoes.entrada
       SET 
            enviado = current_timestamp, 
            processamento = 'Notificado', 
            correnspondente = 3,
            observacoes = ''
     WHERE id = 18874;
Correspondente:correiosanimaservicos@gmail.com
    UPDATE notificacoes.entrada
       SET 
            enviado = current_timestamp, 
            processamento = 'Notificado', 
            correnspondente = 3,
            observacoes = ''
     WHERE id = 18875;
Correspondente:correiosanimaclube120@gmail.com
    UPDATE notificacoes.entrada
       SET 
            enviado = current_timestamp, 
            processamento = 'Notificado', 
            correnspondente = 4,
            observacoes = ''
     WHERE id = 18876;
Correspondente:correiosanimaclube113@gmail.com
    UPDATE notificacoes.entrada
       SET 
            enviado = current_timestamp, 
            processamento = 'Notificado', 
            correnspondente = 5,
            observacoes = ''
     WHERE id = 18877;
Correspondente:correiosanimaclube117@gmail.com
    UPDATE notificacoes.entrada
       SET 
            enviado = current_timestamp, 
            processamento = 'Notificado', 
            correnspondente = 6,
            observacoes = ''
     WHERE id = 18878;
Correspondente:correiosanimaclube118@gmail.com
    UPDATE notificacoes.entrada
       SET 
            enviado = current_timestamp, 
            processamento = 'Notificado', 
            correnspondente = 7,
            observacoes = ''
     WHERE id = 18879;
Correspondente:correiosanimaaviso@gmail.com
    UPDATE notificacoes.entrada
       SET 
            enviado = current_timestamp, 
            processamento = 'Notificado', 
            correnspondente = 8,
            observacoes = ''
     WHERE id = 18879;
Correspondente:correiosanimaclube118@gmail.com
    UPDATE notificacoes.entrada
       SET 
            enviado = current_timestamp, 
            processamento = 'Notificado', 
            correnspondente = 7,
            observacoes = ''
     WHERE id = 18880;
Correspondente:correiosanimainformativo@gmail.com
    UPDATE notificacoes.entrada
       SET 
            enviado = current_timestamp, 
            processamento = 'Notificado', 
            correnspondente = 9,
            observacoes = ''
     WHERE id = 18880;
Correspondente:correiosanimaclube118@gmail.com
    UPDATE notificacoes.entrada
       SET 
            enviado = current_timestamp, 
            processamento = 'Notificado', 
            correnspondente = 7,
            observacoes = ''
     WHERE id = 18881;
Correspondente:correiosanimasystem@gmail.com
    UPDATE notificacoes.entrada
       SET 
            enviado = current_timestamp, 
            processamento = 'Notificado', 
            correnspondente = 10,
            observacoes = ''
     WHERE id = 18882;
Correspondente:correiosanimamaster@gmail.com
    UPDATE notificacoes.entrada
       SET 
            enviado = current_timestamp, 
            processamento = 'Notificado', 
            correnspondente = 11,
            observacoes = ''
     WHERE id = 18883;
Correspondente:correiosanimachallenger@gmail.com
    UPDATE notificacoes.entrada
       SET 
            enviado = current_timestamp, 
            processamento = 'Notificado', 
            correnspondente = 13,
            observacoes = ''
     WHERE id = 18884;
Correspondente:correiosanimanotificacao@gmail.com
    UPDATE notificacoes.entrada
       SET 
            enviado = current_timestamp, 
            processamento = 'Notificado', 
            correnspondente = 15,
            observacoes = ''
     WHERE id = 18885;
Correspondente:correiosanimaclube10@gmail.com
    UPDATE notificacoes.entrada
       SET 
            enviado = current_timestamp, 
            processamento = 'Notificado', 
            correnspondente = 18,
            observacoes = ''
     WHERE id = 18885;
Correspondente:correiosanimanotificacao@gmail.com
    UPDATE notificacoes.entrada
       SET 
            enviado = current_timestamp, 
            processamento = 'Notificado', 
            correnspondente = 15,
            observacoes = ''
     WHERE id = 18886;
Correspondente:correiosanimaslave@gmail.com
    UPDATE notificacoes.entrada
       SET 
            enviado = current_timestamp, 
            processamento = 'Notificado', 
            correnspondente = 14,
            observacoes = ''
     WHERE id = 18887;
Correspondente:correiosanima@outlook.com
    UPDATE notificacoes.entrada
       SET 
            enviado = current_timestamp, 
            processamento = 'Notificado', 
            correnspondente = 19,
            observacoes = ''
     WHERE id = 18888;
Correspondente:correiosanimaclube1@yahoo.com
    UPDATE notificacoes.entrada
       SET 
            enviado = current_timestamp, 
            processamento = 'Notificado', 
            correnspondente = 17,
            observacoes = ''
     WHERE id = 18889;
Correspondente:correiosanimaclube1@yahoo.com
    UPDATE notificacoes.entrada
       SET 
            enviado = current_timestamp, 
            processamento = 'Notificado', 
            correnspondente = 17,
            observacoes = ''
     WHERE id = 18890;
Correspondente:correiosanimaclube@yahoo.com
    UPDATE notificacoes.entrada
       SET 
            enviado = current_timestamp, 
            processamento = 'Notificado', 
            correnspondente = 16,
            observacoes = ''
     WHERE id = 18890;
Correspondente:correiosanimaclube1@yahoo.com
    UPDATE notificacoes.entrada
       SET 
            enviado = current_timestamp, 
            processamento = 'Notificado', 
            correnspondente = 17,
            observacoes = ''
     WHERE id = 18891;
Correspondente:correiosanimanotificacoes@yahoo.com
    UPDATE notificacoes.entrada
       SET 
            enviado = current_timestamp, 
            processamento = 'Notificado', 
            correnspondente = 12,
            observacoes = ''
     WHERE id = 18892;
Correspondente:correiosanimavirtus@gmail.com
    UPDATE notificacoes.entrada
       SET 
            enviado = current_timestamp, 
            processamento = 'Notificado', 
            correnspondente = 1,
            observacoes = ''
     WHERE id = 18892;
Correspondente:correiosanimanotificacoes@yahoo.com
    UPDATE notificacoes.entrada
       SET 
            enviado = current_timestamp, 
            processamento = 'Notificado', 
            correnspondente = 12,
            observacoes = ''
     WHERE id = 18893;
Correspondente:correiosanimanotificacoes@gmail.com
    UPDATE notificacoes.entrada
       SET 
            enviado = current_timestamp, 
            processamento = 'Notificado', 
            correnspondente = 2,
            observacoes = ''
     WHERE id = 18893;
Correspondente:correiosanimanotificacoes@yahoo.com
    UPDATE notificacoes.entrada
       SET 
            enviado = current_timestamp, 
            processamento = 'Notificado', 
            correnspondente = 12,
            observacoes = ''
     WHERE id = 18894;
Correspondente:correiosanimaservicos@gmail.com
    UPDATE notificacoes.entrada
       SET 
            enviado = current_timestamp, 
            processamento = 'Notificado', 
            correnspondente = 3,
            observacoes = ''
     WHERE id = 18895;
Correspondente:correiosanimaclube120@gmail.com
    UPDATE notificacoes.entrada
       SET 
            enviado = current_timestamp, 
            processamento = 'Notificado', 
            correnspondente = 4,
            observacoes = ''
     WHERE id = 18895;
Correspondente:correiosanimaservicos@gmail.com
    UPDATE notificacoes.entrada
       SET 
            enviado = current_timestamp, 
            processamento = 'Notificado', 
            correnspondente = 3,
            observacoes = ''
     WHERE id = 18896;
Correspondente:correiosanimaclube113@gmail.com
    UPDATE notificacoes.entrada
       SET 
            enviado = current_timestamp, 
            processamento = 'Notificado', 
            correnspondente = 5,
            observacoes = ''
     WHERE id = 18897;
Correspondente:correiosanimaclube117@gmail.com
    UPDATE notificacoes.entrada
       SET 
            enviado = current_timestamp, 
            processamento = 'Notificado', 
            correnspondente = 6,
            observacoes = ''
     WHERE id = 18897;
Correspondente:correiosanimaclube120@gmail.com
    UPDATE notificacoes.entrada
       SET 
            enviado = current_timestamp, 
            processamento = 'Notificado', 
            correnspondente = 4,
            observacoes = ''
     WHERE id = 18898;
Correspondente:correiosanimaclube113@gmail.com
    UPDATE notificacoes.entrada
       SET 
            enviado = current_timestamp, 
            processamento = 'Notificado', 
            correnspondente = 5,
            observacoes = ''
     WHERE id = 18898;
Correspondente:correiosanimasystem@gmail.com
    UPDATE notificacoes.entrada
       SET 
            enviado = current_timestamp, 
            processamento = 'Notificado', 
            correnspondente = 10,
            observacoes = ''
     WHERE id = 18899;
Correspondente:correiosanimaclube120@gmail.com
    UPDATE notificacoes.entrada
       SET 
            enviado = current_timestamp, 
            processamento = 'Notificado', 
            correnspondente = 4,
            observacoes = ''
     WHERE id = 18899;
Correspondente:correiosanimasystem@gmail.com
    UPDATE notificacoes.entrada
       SET 
            enviado = current_timestamp, 
            processamento = 'Notificado', 
            correnspondente = 10,
            observacoes = ''
     WHERE id = 18900;
Correspondente:correiosanimaclube118@gmail.com
    UPDATE notificacoes.entrada
       SET 
            enviado = current_timestamp, 
            processamento = 'Notificado', 
            correnspondente = 7,
            observacoes = ''
     WHERE id = 18901;
Correspondente:correiosanimaaviso@gmail.com
    UPDATE notificacoes.entrada
       SET 
            enviado = current_timestamp, 
            processamento = 'Notificado', 
            correnspondente = 8,
            observacoes = ''
     WHERE id = 18902;
Correspondente:correiosanimainformativo@gmail.com
    UPDATE notificacoes.entrada
       SET 
            enviado = current_timestamp, 
            processamento = 'Notificado', 
            correnspondente = 9,
            observacoes = ''
     WHERE id = 18903;
Correspondente:correiosanimasystem@gmail.com
    UPDATE notificacoes.entrada
       SET 
            enviado = current_timestamp, 
            processamento = 'Notificado', 
            correnspondente = 10,
            observacoes = ''
     WHERE id = 18904;
Correspondente:correiosanimamaster@gmail.com
    UPDATE notificacoes.entrada
       SET 
            enviado = current_timestamp, 
            processamento = 'Notificado', 
            correnspondente = 11,
            observacoes = ''
     WHERE id = 18905;
Correspondente:correiosanimachallenger@gmail.com
    UPDATE notificacoes.entrada
       SET 
            enviado = current_timestamp, 
            processamento = 'Notificado', 
            correnspondente = 13,
            observacoes = ''
     WHERE id = 18906;
Correspondente:correiosanimanotificacao@gmail.com
    UPDATE notificacoes.entrada
       SET 
            enviado = current_timestamp, 
            processamento = 'Notificado', 
            correnspondente = 15,
            observacoes = ''
     WHERE id = 18907;
Correspondente:correiosanimaaviso@gmail.com
    UPDATE notificacoes.entrada
       SET 
            enviado = current_timestamp, 
            processamento = 'Notificado', 
            correnspondente = 8,
            observacoes = ''
     WHERE id = 18908;
Correspondente:correiosanimaclube10@gmail.com
    UPDATE notificacoes.entrada
       SET 
            enviado = current_timestamp, 
            processamento = 'Notificado', 
            correnspondente = 18,
            observacoes = ''
     WHERE id = 18909;
Correspondente:correiosanimaslave@gmail.com
    UPDATE notificacoes.entrada
       SET 
            enviado = current_timestamp, 
            processamento = 'Notificado', 
            correnspondente = 14,
            observacoes = ''
     WHERE id = 18911;
Correspondente:correiosanima@outlook.com
    UPDATE notificacoes.entrada
       SET 
            enviado = current_timestamp, 
            processamento = 'Notificado', 
            correnspondente = 19,
            observacoes = ''
     WHERE id = 18912;
Correspondente:correiosanimaclube1@yahoo.com
    UPDATE notificacoes.entrada
       SET 
            enviado = current_timestamp, 
            processamento = 'Notificado', 
            correnspondente = 17,
            observacoes = ''
     WHERE id = 18913;
Correspondente:correiosanimaclube@yahoo.com
    UPDATE notificacoes.entrada
       SET 
            enviado = current_timestamp, 
            processamento = 'Notificado', 
            correnspondente = 16,
            observacoes = ''
     WHERE id = 18913;
Correspondente:correiosanimaclube1@yahoo.com
    UPDATE notificacoes.entrada
       SET 
            enviado = current_timestamp, 
            processamento = 'Notificado', 
            correnspondente = 17,
            observacoes = ''
     WHERE id = 18914;
Correspondente:correiosanima@outlook.com
    UPDATE notificacoes.entrada
       SET 
            enviado = current_timestamp, 
            processamento = 'Notificado', 
            correnspondente = 19,
            observacoes = ''
     WHERE id = 18915;
Correspondente:correiosanimanotificacoes@yahoo.com
    UPDATE notificacoes.entrada
       SET 
            enviado = current_timestamp, 
            processamento = 'Notificado', 
            correnspondente = 12,
            observacoes = ''
     WHERE id = 18916;
Correspondente:correiosanimavirtus@gmail.com
    UPDATE notificacoes.entrada
       SET 
            enviado = current_timestamp, 
            processamento = 'Notificado', 
            correnspondente = 1,
            observacoes = ''
     WHERE id = 18917;
Correspondente:correiosanimanotificacoes@gmail.com
    UPDATE notificacoes.entrada
       SET 
            enviado = current_timestamp, 
            processamento = 'Notificado', 
            correnspondente = 2,
            observacoes = ''
     WHERE id = 18917;
Correspondente:correiosanimavirtus@gmail.com
    UPDATE notificacoes.entrada
       SET 
            enviado = current_timestamp, 
            processamento = 'Notificado', 
            correnspondente = 1,
            observacoes = ''
     WHERE id = 18918;
Correspondente:correiosanimaservicos@gmail.com
    UPDATE notificacoes.entrada
       SET 
            enviado = current_timestamp, 
            processamento = 'Notificado', 
            correnspondente = 3,
            observacoes = ''
     WHERE id = 18919;
Correspondente:correiosanimaclube120@gmail.com
    UPDATE notificacoes.entrada
       SET 
            enviado = current_timestamp, 
            processamento = 'Notificado', 
            correnspondente = 4,
            observacoes = ''
     WHERE id = 18919;
Correspondente:correiosanimaservicos@gmail.com
    UPDATE notificacoes.entrada
       SET 
            enviado = current_timestamp, 
            processamento = 'Notificado', 
            correnspondente = 3,
            observacoes = ''
     WHERE id = 18920;
Correspondente:correiosanimaclube120@gmail.com
    UPDATE notificacoes.entrada
       SET 
            enviado = current_timestamp, 
            processamento = 'Notificado', 
            correnspondente = 4,
            observacoes = ''
     WHERE id = 18921;
Correspondente:correiosanimaclube118@gmail.com
    UPDATE notificacoes.entrada
       SET 
            enviado = current_timestamp, 
            processamento = 'Notificado', 
            correnspondente = 7,
            observacoes = ''
     WHERE id = 18922;
Correspondente:correiosanimachallenger@gmail.com
    UPDATE notificacoes.entrada
       SET 
            enviado = current_timestamp, 
            processamento = 'Notificado', 
            correnspondente = 13,
            observacoes = ''
     WHERE id = 18923;
Correspondente:correiosanimaslave@gmail.com
    UPDATE notificacoes.entrada
       SET 
            enviado = current_timestamp, 
            processamento = 'Notificado', 
            correnspondente = 14,
            observacoes = ''
     WHERE id = 18924;
Correspondente:correiosanima@outlook.com
    UPDATE notificacoes.entrada
       SET 
            enviado = current_timestamp, 
            processamento = 'Notificado', 
            correnspondente = 19,
            observacoes = ''
     WHERE id = 18924;
Correspondente:correiosanimaslave@gmail.com
    UPDATE notificacoes.entrada
       SET 
            enviado = current_timestamp, 
            processamento = 'Notificado', 
            correnspondente = 14,
            observacoes = ''
     WHERE id = 18925;
Correspondente:correiosanimanotificacoes@gmail.com
    UPDATE notificacoes.entrada
       SET 
            enviado = current_timestamp, 
            processamento = 'Notificado', 
            correnspondente = 2,
            observacoes = ''
     WHERE id = 18925;
Correspondente:correiosanimaslave@gmail.com
    UPDATE notificacoes.entrada
       SET 
            enviado = current_timestamp, 
            processamento = 'Notificado', 
            correnspondente = 14,
            observacoes = ''
     WHERE id = 18926;
Correspondente:correiosanimaservicos@gmail.com
    UPDATE notificacoes.entrada
       SET 
            enviado = current_timestamp, 
            processamento = 'Notificado', 
            correnspondente = 3,
            observacoes = ''
     WHERE id = 18927;
Correspondente:correiosanimaclube120@gmail.com
    UPDATE notificacoes.entrada
       SET 
            enviado = current_timestamp, 
            processamento = 'Notificado', 
            correnspondente = 4,
            observacoes = ''
     WHERE id = 18927;
Correspondente:correiosanimaservicos@gmail.com
    UPDATE notificacoes.entrada
       SET 
            enviado = current_timestamp, 
            processamento = 'Notificado', 
            correnspondente = 3,
            observacoes = ''
     WHERE id = 18928;
Correspondente:correiosanimaclube113@gmail.com
    UPDATE notificacoes.entrada
       SET 
            enviado = current_timestamp, 
            processamento = 'Notificado', 
            correnspondente = 5,
            observacoes = ''
     WHERE id = 18928;
Correspondente:correiosanimaservicos@gmail.com
    UPDATE notificacoes.entrada
       SET 
            enviado = current_timestamp, 
            processamento = 'Notificado', 
            correnspondente = 3,
            observacoes = ''
     WHERE id = 18929;
Correspondente:correiosanimaclube117@gmail.com
    UPDATE notificacoes.entrada
       SET 
            enviado = current_timestamp, 
            processamento = 'Notificado', 
            correnspondente = 6,
            observacoes = ''
     WHERE id = 18930;
Correspondente:correiosanimaclube118@gmail.com
    UPDATE notificacoes.entrada
       SET 
            enviado = current_timestamp, 
            processamento = 'Notificado', 
            correnspondente = 7,
            observacoes = ''
     WHERE id = 18930;
Correspondente:correiosanimaclube117@gmail.com
    UPDATE notificacoes.entrada
       SET 
            enviado = current_timestamp, 
            processamento = 'Notificado', 
            correnspondente = 6,
            observacoes = ''
     WHERE id = 18931;
Correspondente:correiosanimaaviso@gmail.com
    UPDATE notificacoes.entrada
       SET 
            enviado = current_timestamp, 
            processamento = 'Notificado', 
            correnspondente = 8,
            observacoes = ''
     WHERE id = 18931;
Correspondente:correiosanimaclube117@gmail.com
    UPDATE notificacoes.entrada
       SET 
            enviado = current_timestamp, 
            processamento = 'Notificado', 
            correnspondente = 6,
            observacoes = ''
     WHERE id = 18932;
Correspondente:correiosanimainformativo@gmail.com
    UPDATE notificacoes.entrada
       SET 
            enviado = current_timestamp, 
            processamento = 'Notificado', 
            correnspondente = 9,
            observacoes = ''
     WHERE id = 18932;
Correspondente:correiosanimaclube117@gmail.com
    UPDATE notificacoes.entrada
       SET 
            enviado = current_timestamp, 
            processamento = 'Notificado', 
            correnspondente = 6,
            observacoes = ''
     WHERE id = 18933;
Correspondente:correiosanimasystem@gmail.com
    UPDATE notificacoes.entrada
       SET 
            enviado = current_timestamp, 
            processamento = 'Notificado', 
            correnspondente = 10,
            observacoes = ''
     WHERE id = 18934;
Correspondente:correiosanimamaster@gmail.com
    UPDATE notificacoes.entrada
       SET 
            enviado = current_timestamp, 
            processamento = 'Notificado', 
            correnspondente = 11,
            observacoes = ''
     WHERE id = 18934;
Correspondente:correiosanimasystem@gmail.com
    UPDATE notificacoes.entrada
       SET 
            enviado = current_timestamp, 
            processamento = 'Notificado', 
            correnspondente = 10,
            observacoes = ''
     WHERE id = 18935;
Correspondente:correiosanimachallenger@gmail.com
    UPDATE notificacoes.entrada
       SET 
            enviado = current_timestamp, 
            processamento = 'Notificado', 
            correnspondente = 13,
            observacoes = ''
     WHERE id = 18936;
Correspondente:correiosanimanotificacao@gmail.com
    UPDATE notificacoes.entrada
       SET 
            enviado = current_timestamp, 
            processamento = 'Notificado', 
            correnspondente = 15,
            observacoes = ''
     WHERE id = 18937;
Correspondente:correiosanimanotificacoes@yahoo.com
    UPDATE notificacoes.entrada
       SET 
            enviado = current_timestamp, 
            processamento = 'Notificado', 
            correnspondente = 12,
            observacoes = ''
     WHERE id = 18940;
Correspondente:correiosanimavirtus@gmail.com
    UPDATE notificacoes.entrada
       SET 
            enviado = current_timestamp, 
            processamento = 'Notificado', 
            correnspondente = 1,
            observacoes = ''
     WHERE id = 18942;
Correspondente:correiosanimaaviso@gmail.com
    UPDATE notificacoes.entrada
       SET 
            enviado = current_timestamp, 
            processamento = 'Notificado', 
            correnspondente = 8,
            observacoes = ''
     WHERE id = 18942;
Correspondente:correiosanimavirtus@gmail.com
    UPDATE notificacoes.entrada
       SET 
            enviado = current_timestamp, 
            processamento = 'Notificado', 
            correnspondente = 1,
            observacoes = ''
     WHERE id = 18943;
Correspondente:correiosanimaclube10@gmail.com
    UPDATE notificacoes.entrada
       SET 
            enviado = current_timestamp, 
            processamento = 'Notificado', 
            correnspondente = 18,
            observacoes = ''
     WHERE id = 18943;
Correspondente:correiosanimavirtus@gmail.com
    UPDATE notificacoes.entrada
       SET 
            enviado = current_timestamp, 
            processamento = 'Notificado', 
            correnspondente = 1,
            observacoes = ''
     WHERE id = 18944;
Correspondente:correiosanimaslave@gmail.com
    UPDATE notificacoes.entrada
       SET 
            enviado = current_timestamp, 
            processamento = 'Notificado', 
            correnspondente = 14,
            observacoes = ''
     WHERE id = 18945;
Correspondente:correiosanima@outlook.com
    UPDATE notificacoes.entrada
       SET 
            enviado = current_timestamp, 
            processamento = 'Notificado', 
            correnspondente = 19,
            observacoes = ''
     WHERE id = 18945;
Correspondente:correiosanimaclube117@gmail.com
    UPDATE notificacoes.entrada
       SET 
            enviado = current_timestamp, 
            processamento = 'Notificado', 
            correnspondente = 6,
            observacoes = ''
     WHERE id = 18946;
Correspondente:correiosanimaclube117@gmail.com
    UPDATE notificacoes.entrada
       SET 
            enviado = current_timestamp, 
            processamento = 'Notificado', 
            correnspondente = 6,
            observacoes = ''
     WHERE id = 18947;
Correspondente:correiosanimamaster@gmail.com
    UPDATE notificacoes.entrada
       SET 
            enviado = current_timestamp, 
            processamento = 'Notificado', 
            correnspondente = 11,
            observacoes = ''
     WHERE id = 18947;
Correspondente:correiosanimaclube117@gmail.com
    UPDATE notificacoes.entrada
       SET 
            enviado = current_timestamp, 
            processamento = 'Notificado', 
            correnspondente = 6,
            observacoes = ''
     WHERE id = 18948;
Correspondente:correiosanimaslave@gmail.com
    UPDATE notificacoes.entrada
       SET 
            enviado = current_timestamp, 
            processamento = 'Notificado', 
            correnspondente = 14,
            observacoes = ''
     WHERE id = 18949;
Correspondente:correiosanimaclube1@yahoo.com
    UPDATE notificacoes.entrada
       SET 
            enviado = current_timestamp, 
            processamento = 'Notificado', 
            correnspondente = 17,
            observacoes = ''
     WHERE id = 18949;
Correspondente:correiosanimaslave@gmail.com
    UPDATE notificacoes.entrada
       SET 
            enviado = current_timestamp, 
            processamento = 'Notificado', 
            correnspondente = 14,
            observacoes = ''
     WHERE id = 18950;
Correspondente:correiosanimaclube@yahoo.com
    UPDATE notificacoes.entrada
       SET 
            enviado = current_timestamp, 
            processamento = 'Notificado', 
            correnspondente = 16,
            observacoes = ''
     WHERE id = 18951;
Correspondente:correiosanimanotificacoes@yahoo.com
    UPDATE notificacoes.entrada
       SET 
            enviado = current_timestamp, 
            processamento = 'Notificado', 
            correnspondente = 12,
            observacoes = ''
     WHERE id = 18952;
Correspondente:correiosanimavirtus@gmail.com
    UPDATE notificacoes.entrada
       SET 
            enviado = current_timestamp, 
            processamento = 'Notificado', 
            correnspondente = 1,
            observacoes = ''
     WHERE id = 18952;
Correspondente:correiosanimanotificacoes@yahoo.com
    UPDATE notificacoes.entrada
       SET 
            enviado = current_timestamp, 
            processamento = 'Notificado', 
            correnspondente = 12,
            observacoes = ''
     WHERE id = 18953;
Correspondente:correiosanimanotificacoes@gmail.com
    UPDATE notificacoes.entrada
       SET 
            enviado = current_timestamp, 
            processamento = 'Notificado', 
            correnspondente = 2,
            observacoes = ''
     WHERE id = 18954;
Correspondente:correiosanimaservicos@gmail.com
    UPDATE notificacoes.entrada
       SET 
            enviado = current_timestamp, 
            processamento = 'Notificado', 
            correnspondente = 3,
            observacoes = ''
     WHERE id = 18954;
Correspondente:correiosanimanotificacoes@gmail.com
    UPDATE notificacoes.entrada
       SET 
            enviado = current_timestamp, 
            processamento = 'Notificado', 
            correnspondente = 2,
            observacoes = ''
     WHERE id = 18955;
Correspondente:correiosanimaclube120@gmail.com
    UPDATE notificacoes.entrada
       SET 
            enviado = current_timestamp, 
            processamento = 'Notificado', 
            correnspondente = 4,
            observacoes = ''
     WHERE id = 18956;
Correspondente:correiosanimaclube113@gmail.com
    UPDATE notificacoes.entrada
       SET 
            enviado = current_timestamp, 
            processamento = 'Notificado', 
            correnspondente = 5,
            observacoes = ''
     WHERE id = 18957;
Correspondente:correiosanimaclube117@gmail.com
    UPDATE notificacoes.entrada
       SET 
            enviado = current_timestamp, 
            processamento = 'Notificado', 
            correnspondente = 6,
            observacoes = ''
     WHERE id = 18958;
Correspondente:correiosanimaclube118@gmail.com
    UPDATE notificacoes.entrada
       SET 
            enviado = current_timestamp, 
            processamento = 'Notificado', 
            correnspondente = 7,
            observacoes = ''
     WHERE id = 18958;
Correspondente:correiosanimaclube117@gmail.com
    UPDATE notificacoes.entrada
       SET 
            enviado = current_timestamp, 
            processamento = 'Notificado', 
            correnspondente = 6,
            observacoes = ''
     WHERE id = 18959;
Correspondente:correiosanimaaviso@gmail.com
    UPDATE notificacoes.entrada
       SET 
            enviado = current_timestamp, 
            processamento = 'Notificado', 
            correnspondente = 8,
            observacoes = ''
     WHERE id = 18960;
Correspondente:correiosanimainformativo@gmail.com
    UPDATE notificacoes.entrada
       SET 
            enviado = current_timestamp, 
            processamento = 'Notificado', 
            correnspondente = 9,
            observacoes = ''
     WHERE id = 18960;
Correspondente:correiosanimaaviso@gmail.com
    UPDATE notificacoes.entrada
       SET 
            enviado = current_timestamp, 
            processamento = 'Notificado', 
            correnspondente = 8,
            observacoes = ''
     WHERE id = 18962;
Correspondente:correiosanimasystem@gmail.com
    UPDATE notificacoes.entrada
       SET 
            enviado = current_timestamp, 
            processamento = 'Notificado', 
            correnspondente = 10,
            observacoes = ''
     WHERE id = 18963;
Correspondente:correiosanimamaster@gmail.com
    UPDATE notificacoes.entrada
       SET 
            enviado = current_timestamp, 
            processamento = 'Notificado', 
            correnspondente = 11,
            observacoes = ''
     WHERE id = 18963;
Correspondente:correiosanimasystem@gmail.com
    UPDATE notificacoes.entrada
       SET 
            enviado = current_timestamp, 
            processamento = 'Notificado', 
            correnspondente = 10,
            observacoes = ''
     WHERE id = 18964;
Correspondente:correiosanimachallenger@gmail.com
    UPDATE notificacoes.entrada
       SET 
            enviado = current_timestamp, 
            processamento = 'Notificado', 
            correnspondente = 13,
            observacoes = ''
     WHERE id = 18964;
Correspondente:correiosanimasystem@gmail.com
    UPDATE notificacoes.entrada
       SET 
            enviado = current_timestamp, 
            processamento = 'Notificado', 
            correnspondente = 10,
            observacoes = ''
     WHERE id = 18965;
