Correspondente:correiosanimanotificacoes@gmail.com
    UPDATE notificacoes.entrada
       SET 
            enviado = current_timestamp, 
            processamento = 'Notificado', 
            correnspondente = 6,
            observacoes = ''
     WHERE id = 15794;
Correspondente:correiosanimaservicos@gmail.com
    UPDATE notificacoes.entrada
       SET 
            enviado = current_timestamp, 
            processamento = 'Notificado', 
            correnspondente = 7,
            observacoes = ''
     WHERE id = 15795;
Correspondente:correiosanimamaster@gmail.com
    UPDATE notificacoes.entrada
       SET 
            enviado = current_timestamp, 
            processamento = 'Notificado', 
            correnspondente = 1,
            observacoes = ''
     WHERE id = 15796;
Correspondente:correiosanimaslave@gmail.com
    UPDATE notificacoes.entrada
       SET 
            enviado = current_timestamp, 
            processamento = 'Notificado', 
            correnspondente = 2,
            observacoes = ''
     WHERE id = 15796;
Correspondente:correiosanimamaster@gmail.com
    UPDATE notificacoes.entrada
       SET 
            enviado = current_timestamp, 
            processamento = 'Notificado', 
            correnspondente = 1,
            observacoes = ''
     WHERE id = 15797;
Correspondente:correiosanimasystem@gmail.com
    UPDATE notificacoes.entrada
       SET 
            enviado = current_timestamp, 
            processamento = 'Notificado', 
            correnspondente = 3,
            observacoes = ''
     WHERE id = 15798;
Correspondente:correiosanimavirtus@gmail.com
    UPDATE notificacoes.entrada
       SET 
            enviado = current_timestamp, 
            processamento = 'Notificado', 
            correnspondente = 4,
            observacoes = ''
     WHERE id = 15798;
Correspondente:correiosanimasystem@gmail.com
    UPDATE notificacoes.entrada
       SET 
            enviado = current_timestamp, 
            processamento = 'Notificado', 
            correnspondente = 3,
            observacoes = ''
     WHERE id = 15799;
Correspondente:correiosanimachallenger@gmail.com
    UPDATE notificacoes.entrada
       SET 
            enviado = current_timestamp, 
            processamento = 'Notificado', 
            correnspondente = 5,
            observacoes = ''
     WHERE id = 15800;
Correspondente:correiosanimanotificacao@gmail.com
    UPDATE notificacoes.entrada
       SET 
            enviado = current_timestamp, 
            processamento = 'Notificado', 
            correnspondente = 8,
            observacoes = ''
     WHERE id = 15800;
Correspondente:correiosanimachallenger@gmail.com
    UPDATE notificacoes.entrada
       SET 
            enviado = current_timestamp, 
            processamento = 'Notificado', 
            correnspondente = 5,
            observacoes = ''
     WHERE id = 15801;
Correspondente:correiosanimainformativo@gmail.com
    UPDATE notificacoes.entrada
       SET 
            enviado = current_timestamp, 
            processamento = 'Notificado', 
            correnspondente = 9,
            observacoes = ''
     WHERE id = 15802;
Correspondente:correiosanimaaviso@gmail.com
    UPDATE notificacoes.entrada
       SET 
            enviado = current_timestamp, 
            processamento = 'Notificado', 
            correnspondente = 10,
            observacoes = ''
     WHERE id = 15803;
Correspondente:correiosanimanotificacoes@gmail.com
    UPDATE notificacoes.entrada
       SET 
            enviado = current_timestamp, 
            processamento = 'Notificado', 
            correnspondente = 6,
            observacoes = ''
     WHERE id = 15804;
Correspondente:correiosanimaaviso@gmail.com
    UPDATE notificacoes.entrada
       SET 
            enviado = current_timestamp, 
            processamento = 'Notificado', 
            correnspondente = 10,
            observacoes = ''
     WHERE id = 15805;
Correspondente:correiosanimaservicos@gmail.com
    UPDATE notificacoes.entrada
       SET 
            enviado = current_timestamp, 
            processamento = 'Notificado', 
            correnspondente = 7,
            observacoes = ''
     WHERE id = 15806;
Correspondente:correiosanimamaster@gmail.com
    UPDATE notificacoes.entrada
       SET 
            enviado = current_timestamp, 
            processamento = 'Notificado', 
            correnspondente = 1,
            observacoes = ''
     WHERE id = 15806;
Correspondente:correiosanimaservicos@gmail.com
    UPDATE notificacoes.entrada
       SET 
            enviado = current_timestamp, 
            processamento = 'Notificado', 
            correnspondente = 7,
            observacoes = ''
     WHERE id = 15807;
Correspondente:correiosanimaslave@gmail.com
    UPDATE notificacoes.entrada
       SET 
            enviado = current_timestamp, 
            processamento = 'Notificado', 
            correnspondente = 2,
            observacoes = ''
     WHERE id = 15808;
Correspondente:correiosanimasystem@gmail.com
    UPDATE notificacoes.entrada
       SET 
            enviado = current_timestamp, 
            processamento = 'Notificado', 
            correnspondente = 3,
            observacoes = ''
     WHERE id = 15808;
Correspondente:correiosanimaslave@gmail.com
    UPDATE notificacoes.entrada
       SET 
            enviado = current_timestamp, 
            processamento = 'Notificado', 
            correnspondente = 2,
            observacoes = ''
     WHERE id = 15809;
Correspondente:correiosanimavirtus@gmail.com
    UPDATE notificacoes.entrada
       SET 
            enviado = current_timestamp, 
            processamento = 'Notificado', 
            correnspondente = 4,
            observacoes = ''
     WHERE id = 15810;
Correspondente:correiosanimachallenger@gmail.com
    UPDATE notificacoes.entrada
       SET 
            enviado = current_timestamp, 
            processamento = 'Notificado', 
            correnspondente = 5,
            observacoes = ''
     WHERE id = 15811;
Correspondente:correiosanimaaviso@gmail.com
    UPDATE notificacoes.entrada
       SET 
            enviado = current_timestamp, 
            processamento = 'Notificado', 
            correnspondente = 10,
            observacoes = ''
     WHERE id = 15812;
Correspondente:correiosanimanotificacao@gmail.com
    UPDATE notificacoes.entrada
       SET 
            enviado = current_timestamp, 
            processamento = 'Notificado', 
            correnspondente = 8,
            observacoes = ''
     WHERE id = 15812;
Correspondente:correiosanimaaviso@gmail.com
    UPDATE notificacoes.entrada
       SET 
            enviado = current_timestamp, 
            processamento = 'Notificado', 
            correnspondente = 10,
            observacoes = ''
     WHERE id = 15813;
Correspondente:correiosanimainformativo@gmail.com
    UPDATE notificacoes.entrada
       SET 
            enviado = current_timestamp, 
            processamento = 'Notificado', 
            correnspondente = 9,
            observacoes = ''
     WHERE id = 15814;
Correspondente:correiosanimachallenger@gmail.com
    UPDATE notificacoes.entrada
       SET 
            enviado = current_timestamp, 
            processamento = 'Notificado', 
            correnspondente = 5,
            observacoes = ''
     WHERE id = 15815;
Correspondente:correiosanimaaviso@gmail.com
    UPDATE notificacoes.entrada
       SET 
            enviado = current_timestamp, 
            processamento = 'Notificado', 
            correnspondente = 10,
            observacoes = ''
     WHERE id = 15816;
Correspondente:correiosanimanotificacoes@gmail.com
    UPDATE notificacoes.entrada
       SET 
            enviado = current_timestamp, 
            processamento = 'Notificado', 
            correnspondente = 6,
            observacoes = ''
     WHERE id = 15817;
Correspondente:correiosanimaservicos@gmail.com
    UPDATE notificacoes.entrada
       SET 
            enviado = current_timestamp, 
            processamento = 'Notificado', 
            correnspondente = 7,
            observacoes = ''
     WHERE id = 15818;
Correspondente:correiosanimamaster@gmail.com
    UPDATE notificacoes.entrada
       SET 
            enviado = current_timestamp, 
            processamento = 'Notificado', 
            correnspondente = 1,
            observacoes = ''
     WHERE id = 15819;
Correspondente:correiosanimaslave@gmail.com
    UPDATE notificacoes.entrada
       SET 
            enviado = current_timestamp, 
            processamento = 'Notificado', 
            correnspondente = 2,
            observacoes = ''
     WHERE id = 15820;
Correspondente:correiosanimasystem@gmail.com
    UPDATE notificacoes.entrada
       SET 
            enviado = current_timestamp, 
            processamento = 'Notificado', 
            correnspondente = 3,
            observacoes = ''
     WHERE id = 15820;
Correspondente:correiosanimaslave@gmail.com
    UPDATE notificacoes.entrada
       SET 
            enviado = current_timestamp, 
            processamento = 'Notificado', 
            correnspondente = 2,
            observacoes = ''
     WHERE id = 15821;
Correspondente:correiosanimavirtus@gmail.com
    UPDATE notificacoes.entrada
       SET 
            enviado = current_timestamp, 
            processamento = 'Notificado', 
            correnspondente = 4,
            observacoes = ''
     WHERE id = 15822;
Correspondente:correiosanimachallenger@gmail.com
    UPDATE notificacoes.entrada
       SET 
            enviado = current_timestamp, 
            processamento = 'Notificado', 
            correnspondente = 5,
            observacoes = ''
     WHERE id = 15822;
Correspondente:correiosanimavirtus@gmail.com
    UPDATE notificacoes.entrada
       SET 
            enviado = current_timestamp, 
            processamento = 'Notificado', 
            correnspondente = 4,
            observacoes = ''
     WHERE id = 15823;
Correspondente:correiosanimanotificacao@gmail.com
    UPDATE notificacoes.entrada
       SET 
            enviado = current_timestamp, 
            processamento = 'Notificado', 
            correnspondente = 8,
            observacoes = ''
     WHERE id = 15824;
Correspondente:correiosanimainformativo@gmail.com
    UPDATE notificacoes.entrada
       SET 
            enviado = current_timestamp, 
            processamento = 'Notificado', 
            correnspondente = 9,
            observacoes = ''
     WHERE id = 15824;
Correspondente:correiosanimanotificacao@gmail.com
    UPDATE notificacoes.entrada
       SET 
            enviado = current_timestamp, 
            processamento = 'Notificado', 
            correnspondente = 8,
            observacoes = ''
     WHERE id = 15825;
Correspondente:correiosanimaaviso@gmail.com
    UPDATE notificacoes.entrada
       SET 
            enviado = current_timestamp, 
            processamento = 'Notificado', 
            correnspondente = 10,
            observacoes = ''
     WHERE id = 15826;
Correspondente:correiosanimanotificacoes@gmail.com
    UPDATE notificacoes.entrada
       SET 
            enviado = current_timestamp, 
            processamento = 'Notificado', 
            correnspondente = 6,
            observacoes = ''
     WHERE id = 15827;
Correspondente:correiosanimaservicos@gmail.com
    UPDATE notificacoes.entrada
       SET 
            enviado = current_timestamp, 
            processamento = 'Notificado', 
            correnspondente = 7,
            observacoes = ''
     WHERE id = 15828;
Correspondente:correiosanimamaster@gmail.com
    UPDATE notificacoes.entrada
       SET 
            enviado = current_timestamp, 
            processamento = 'Notificado', 
            correnspondente = 1,
            observacoes = ''
     WHERE id = 15829;
Correspondente:correiosanimaslave@gmail.com
    UPDATE notificacoes.entrada
       SET 
            enviado = current_timestamp, 
            processamento = 'Notificado', 
            correnspondente = 2,
            observacoes = ''
     WHERE id = 15829;
Correspondente:correiosanimamaster@gmail.com
    UPDATE notificacoes.entrada
       SET 
            enviado = current_timestamp, 
            processamento = 'Notificado', 
            correnspondente = 1,
            observacoes = ''
     WHERE id = 15830;
Correspondente:correiosanimasystem@gmail.com
    UPDATE notificacoes.entrada
       SET 
            enviado = current_timestamp, 
            processamento = 'Notificado', 
            correnspondente = 3,
            observacoes = ''
     WHERE id = 15831;
Correspondente:correiosanimavirtus@gmail.com
    UPDATE notificacoes.entrada
       SET 
            enviado = current_timestamp, 
            processamento = 'Notificado', 
            correnspondente = 4,
            observacoes = ''
     WHERE id = 15832;
Correspondente:correiosanimachallenger@gmail.com
    UPDATE notificacoes.entrada
       SET 
            enviado = current_timestamp, 
            processamento = 'Notificado', 
            correnspondente = 5,
            observacoes = ''
     WHERE id = 15832;
Correspondente:correiosanimavirtus@gmail.com
    UPDATE notificacoes.entrada
       SET 
            enviado = current_timestamp, 
            processamento = 'Notificado', 
            correnspondente = 4,
            observacoes = ''
     WHERE id = 15833;
Correspondente:correiosanimanotificacao@gmail.com
    UPDATE notificacoes.entrada
       SET 
            enviado = current_timestamp, 
            processamento = 'Notificado', 
            correnspondente = 8,
            observacoes = ''
     WHERE id = 15834;
Correspondente:correiosanimainformativo@gmail.com
    UPDATE notificacoes.entrada
       SET 
            enviado = current_timestamp, 
            processamento = 'Notificado', 
            correnspondente = 9,
            observacoes = ''
     WHERE id = 15834;
Correspondente:correiosanimanotificacao@gmail.com
    UPDATE notificacoes.entrada
       SET 
            enviado = current_timestamp, 
            processamento = 'Notificado', 
            correnspondente = 8,
            observacoes = ''
     WHERE id = 15835;
Correspondente:correiosanimaaviso@gmail.com
    UPDATE notificacoes.entrada
       SET 
            enviado = current_timestamp, 
            processamento = 'Notificado', 
            correnspondente = 10,
            observacoes = ''
     WHERE id = 15836;
Correspondente:correiosanimanotificacoes@gmail.com
    UPDATE notificacoes.entrada
       SET 
            enviado = current_timestamp, 
            processamento = 'Notificado', 
            correnspondente = 6,
            observacoes = ''
     WHERE id = 15837;
Correspondente:correiosanimaservicos@gmail.com
    UPDATE notificacoes.entrada
       SET 
            enviado = current_timestamp, 
            processamento = 'Notificado', 
            correnspondente = 7,
            observacoes = ''
     WHERE id = 15838;
Correspondente:correiosanimamaster@gmail.com
    UPDATE notificacoes.entrada
       SET 
            enviado = current_timestamp, 
            processamento = 'Notificado', 
            correnspondente = 1,
            observacoes = ''
     WHERE id = 15838;
Correspondente:correiosanimaservicos@gmail.com
    UPDATE notificacoes.entrada
       SET 
            enviado = current_timestamp, 
            processamento = 'Notificado', 
            correnspondente = 7,
            observacoes = ''
     WHERE id = 15839;
Correspondente:correiosanimaslave@gmail.com
    UPDATE notificacoes.entrada
       SET 
            enviado = current_timestamp, 
            processamento = 'Notificado', 
            correnspondente = 2,
            observacoes = ''
     WHERE id = 15840;
Correspondente:correiosanimasystem@gmail.com
    UPDATE notificacoes.entrada
       SET 
            enviado = current_timestamp, 
            processamento = 'Notificado', 
            correnspondente = 3,
            observacoes = ''
     WHERE id = 15840;
Correspondente:correiosanimaslave@gmail.com
    UPDATE notificacoes.entrada
       SET 
            enviado = current_timestamp, 
            processamento = 'Notificado', 
            correnspondente = 2,
            observacoes = ''
     WHERE id = 15841;
Correspondente:correiosanimavirtus@gmail.com
    UPDATE notificacoes.entrada
       SET 
            enviado = current_timestamp, 
            processamento = 'Notificado', 
            correnspondente = 4,
            observacoes = ''
     WHERE id = 15841;
Correspondente:correiosanimaslave@gmail.com
    UPDATE notificacoes.entrada
       SET 
            enviado = current_timestamp, 
            processamento = 'Notificado', 
            correnspondente = 2,
            observacoes = ''
     WHERE id = 15841;
Correspondente:correiosanimavirtus@gmail.com
    UPDATE notificacoes.entrada
       SET 
            enviado = current_timestamp, 
            processamento = 'Notificado', 
            correnspondente = 4,
            observacoes = ''
     WHERE id = 15842;
Correspondente:correiosanimachallenger@gmail.com
    UPDATE notificacoes.entrada
       SET 
            enviado = current_timestamp, 
            processamento = 'Notificado', 
            correnspondente = 5,
            observacoes = ''
     WHERE id = 15843;
Correspondente:correiosanimanotificacao@gmail.com
    UPDATE notificacoes.entrada
       SET 
            enviado = current_timestamp, 
            processamento = 'Notificado', 
            correnspondente = 8,
            observacoes = ''
     WHERE id = 15843;
Correspondente:correiosanimachallenger@gmail.com
    UPDATE notificacoes.entrada
       SET 
            enviado = current_timestamp, 
            processamento = 'Notificado', 
            correnspondente = 5,
            observacoes = ''
     WHERE id = 15844;
Correspondente:correiosanimainformativo@gmail.com
    UPDATE notificacoes.entrada
       SET 
            enviado = current_timestamp, 
            processamento = 'Notificado', 
            correnspondente = 9,
            observacoes = ''
     WHERE id = 15845;
Correspondente:correiosanimaaviso@gmail.com
    UPDATE notificacoes.entrada
       SET 
            enviado = current_timestamp, 
            processamento = 'Notificado', 
            correnspondente = 10,
            observacoes = ''
     WHERE id = 15845;
Correspondente:correiosanimainformativo@gmail.com
    UPDATE notificacoes.entrada
       SET 
            enviado = current_timestamp, 
            processamento = 'Notificado', 
            correnspondente = 9,
            observacoes = ''
     WHERE id = 15846;
Correspondente:correiosanimanotificacoes@gmail.com
    UPDATE notificacoes.entrada
       SET 
            enviado = current_timestamp, 
            processamento = 'Notificado', 
            correnspondente = 6,
            observacoes = ''
     WHERE id = 15847;
Correspondente:correiosanimaservicos@gmail.com
    UPDATE notificacoes.entrada
       SET 
            enviado = current_timestamp, 
            processamento = 'Notificado', 
            correnspondente = 7,
            observacoes = ''
     WHERE id = 15848;
Correspondente:correiosanimamaster@gmail.com
    UPDATE notificacoes.entrada
       SET 
            enviado = current_timestamp, 
            processamento = 'Notificado', 
            correnspondente = 1,
            observacoes = ''
     WHERE id = 15849;
Correspondente:correiosanimaslave@gmail.com
    UPDATE notificacoes.entrada
       SET 
            enviado = current_timestamp, 
            processamento = 'Notificado', 
            correnspondente = 2,
            observacoes = ''
     WHERE id = 15850;
Correspondente:correiosanimamaster@gmail.com
    UPDATE notificacoes.entrada
       SET 
            enviado = current_timestamp, 
            processamento = 'Notificado', 
            correnspondente = 1,
            observacoes = ''
     WHERE id = 15851;
Correspondente:correiosanimasystem@gmail.com
    UPDATE notificacoes.entrada
       SET 
            enviado = current_timestamp, 
            processamento = 'Notificado', 
            correnspondente = 3,
            observacoes = ''
     WHERE id = 15851;
Correspondente:correiosanimamaster@gmail.com
    UPDATE notificacoes.entrada
       SET 
            enviado = current_timestamp, 
            processamento = 'Notificado', 
            correnspondente = 1,
            observacoes = ''
     WHERE id = 15852;
Correspondente:correiosanimavirtus@gmail.com
    UPDATE notificacoes.entrada
       SET 
            enviado = current_timestamp, 
            processamento = 'Notificado', 
            correnspondente = 4,
            observacoes = ''
     WHERE id = 15855;
Correspondente:correiosanimachallenger@gmail.com
    UPDATE notificacoes.entrada
       SET 
            enviado = current_timestamp, 
            processamento = 'Notificado', 
            correnspondente = 5,
            observacoes = ''
     WHERE id = 15856;
Correspondente:correiosanimanotificacao@gmail.com
    UPDATE notificacoes.entrada
       SET 
            enviado = current_timestamp, 
            processamento = 'Notificado', 
            correnspondente = 8,
            observacoes = ''
     WHERE id = 15857;
Correspondente:correiosanimainformativo@gmail.com
    UPDATE notificacoes.entrada
       SET 
            enviado = current_timestamp, 
            processamento = 'Notificado', 
            correnspondente = 9,
            observacoes = ''
     WHERE id = 15858;
Correspondente:correiosanimaaviso@gmail.com
    UPDATE notificacoes.entrada
       SET 
            enviado = current_timestamp, 
            processamento = 'Notificado', 
            correnspondente = 10,
            observacoes = ''
     WHERE id = 15858;
Correspondente:correiosanimainformativo@gmail.com
    UPDATE notificacoes.entrada
       SET 
            enviado = current_timestamp, 
            processamento = 'Notificado', 
            correnspondente = 9,
            observacoes = ''
     WHERE id = 15859;
Correspondente:correiosanimanotificacoes@gmail.com
    UPDATE notificacoes.entrada
       SET 
            enviado = current_timestamp, 
            processamento = 'Notificado', 
            correnspondente = 6,
            observacoes = ''
     WHERE id = 15860;
Correspondente:correiosanimaservicos@gmail.com
    UPDATE notificacoes.entrada
       SET 
            enviado = current_timestamp, 
            processamento = 'Notificado', 
            correnspondente = 7,
            observacoes = ''
     WHERE id = 15861;
Correspondente:correiosanimamaster@gmail.com
    UPDATE notificacoes.entrada
       SET 
            enviado = current_timestamp, 
            processamento = 'Notificado', 
            correnspondente = 1,
            observacoes = ''
     WHERE id = 15862;
Correspondente:correiosanimaslave@gmail.com
    UPDATE notificacoes.entrada
       SET 
            enviado = current_timestamp, 
            processamento = 'Notificado', 
            correnspondente = 2,
            observacoes = ''
     WHERE id = 15862;
Correspondente:correiosanimamaster@gmail.com
    UPDATE notificacoes.entrada
       SET 
            enviado = current_timestamp, 
            processamento = 'Notificado', 
            correnspondente = 1,
            observacoes = ''
     WHERE id = 15863;
Correspondente:correiosanimasystem@gmail.com
    UPDATE notificacoes.entrada
       SET 
            enviado = current_timestamp, 
            processamento = 'Notificado', 
            correnspondente = 3,
            observacoes = ''
     WHERE id = 15864;
Correspondente:correiosanimavirtus@gmail.com
    UPDATE notificacoes.entrada
       SET 
            enviado = current_timestamp, 
            processamento = 'Notificado', 
            correnspondente = 4,
            observacoes = ''
     WHERE id = 15865;
Correspondente:correiosanimachallenger@gmail.com
    UPDATE notificacoes.entrada
       SET 
            enviado = current_timestamp, 
            processamento = 'Notificado', 
            correnspondente = 5,
            observacoes = ''
     WHERE id = 15865;
Correspondente:correiosanimavirtus@gmail.com
    UPDATE notificacoes.entrada
       SET 
            enviado = current_timestamp, 
            processamento = 'Notificado', 
            correnspondente = 4,
            observacoes = ''
     WHERE id = 15866;
Correspondente:correiosanimanotificacao@gmail.com
    UPDATE notificacoes.entrada
       SET 
            enviado = current_timestamp, 
            processamento = 'Notificado', 
            correnspondente = 8,
            observacoes = ''
     WHERE id = 15867;
Correspondente:correiosanimainformativo@gmail.com
    UPDATE notificacoes.entrada
       SET 
            enviado = current_timestamp, 
            processamento = 'Notificado', 
            correnspondente = 9,
            observacoes = ''
     WHERE id = 15867;
Correspondente:correiosanimavirtus@gmail.com
    UPDATE notificacoes.entrada
       SET 
            enviado = current_timestamp, 
            processamento = 'Notificado', 
            correnspondente = 4,
            observacoes = ''
     WHERE id = 15868;
Correspondente:correiosanimanotificacao@gmail.com
    UPDATE notificacoes.entrada
       SET 
            enviado = current_timestamp, 
            processamento = 'Notificado', 
            correnspondente = 8,
            observacoes = ''
     WHERE id = 15869;
Correspondente:correiosanimaaviso@gmail.com
    UPDATE notificacoes.entrada
       SET 
            enviado = current_timestamp, 
            processamento = 'Notificado', 
            correnspondente = 10,
            observacoes = ''
     WHERE id = 15870;
Correspondente:correiosanimaslave@gmail.com
    UPDATE notificacoes.entrada
       SET 
            enviado = current_timestamp, 
            processamento = 'Notificado', 
            correnspondente = 2,
            observacoes = ''
     WHERE id = 15871;
Correspondente:correiosanimaslave@gmail.com
    UPDATE notificacoes.entrada
       SET 
            enviado = current_timestamp, 
            processamento = 'Notificado', 
            correnspondente = 2,
            observacoes = ''
     WHERE id = 15872;
Correspondente:correiosanimanotificacao@gmail.com
    UPDATE notificacoes.entrada
       SET 
            enviado = current_timestamp, 
            processamento = 'Notificado', 
            correnspondente = 8,
            observacoes = ''
     WHERE id = 15873;
Correspondente:correiosanimachallenger@gmail.com
    UPDATE notificacoes.entrada
       SET 
            enviado = current_timestamp, 
            processamento = 'Notificado', 
            correnspondente = 5,
            observacoes = ''
     WHERE id = 15874;
Correspondente:correiosanimanotificacoes@gmail.com
    UPDATE notificacoes.entrada
       SET 
            enviado = current_timestamp, 
            processamento = 'Notificado', 
            correnspondente = 6,
            observacoes = ''
     WHERE id = 15875;
Correspondente:correiosanimaservicos@gmail.com
    UPDATE notificacoes.entrada
       SET 
            enviado = current_timestamp, 
            processamento = 'Notificado', 
            correnspondente = 7,
            observacoes = ''
     WHERE id = 15876;
Correspondente:correiosanimamaster@gmail.com
    UPDATE notificacoes.entrada
       SET 
            enviado = current_timestamp, 
            processamento = 'Notificado', 
            correnspondente = 1,
            observacoes = ''
     WHERE id = 15876;
Correspondente:correiosanimaservicos@gmail.com
    UPDATE notificacoes.entrada
       SET 
            enviado = current_timestamp, 
            processamento = 'Notificado', 
            correnspondente = 7,
            observacoes = ''
     WHERE id = 324;
Correspondente:correiosanimaslave@gmail.com
    UPDATE notificacoes.entrada
       SET 
            enviado = current_timestamp, 
            processamento = 'Notificado', 
            correnspondente = 2,
            observacoes = ''
     WHERE id = 324;
Correspondente:correiosanimaservicos@gmail.com
    UPDATE notificacoes.entrada
       SET 
            enviado = current_timestamp, 
            processamento = 'Notificado', 
            correnspondente = 7,
            observacoes = ''
     WHERE id = 15877;
Correspondente:correiosanimasystem@gmail.com
    UPDATE notificacoes.entrada
       SET 
            enviado = current_timestamp, 
            processamento = 'Notificado', 
            correnspondente = 3,
            observacoes = ''
     WHERE id = 15878;
Correspondente:correiosanimavirtus@gmail.com
    UPDATE notificacoes.entrada
       SET 
            enviado = current_timestamp, 
            processamento = 'Notificado', 
            correnspondente = 4,
            observacoes = ''
     WHERE id = 15879;
Correspondente:correiosanimachallenger@gmail.com
    UPDATE notificacoes.entrada
       SET 
            enviado = current_timestamp, 
            processamento = 'Notificado', 
            correnspondente = 5,
            observacoes = ''
     WHERE id = 15879;
Correspondente:correiosanimavirtus@gmail.com
    UPDATE notificacoes.entrada
       SET 
            enviado = current_timestamp, 
            processamento = 'Notificado', 
            correnspondente = 4,
            observacoes = ''
     WHERE id = 15880;
Correspondente:correiosanimanotificacao@gmail.com
    UPDATE notificacoes.entrada
       SET 
            enviado = current_timestamp, 
            processamento = 'Notificado', 
            correnspondente = 8,
            observacoes = ''
     WHERE id = 15880;
Correspondente:correiosanimavirtus@gmail.com
    UPDATE notificacoes.entrada
       SET 
            enviado = current_timestamp, 
            processamento = 'Notificado', 
            correnspondente = 4,
            observacoes = ''
     WHERE id = 15881;
Correspondente:correiosanimainformativo@gmail.com
    UPDATE notificacoes.entrada
       SET 
            enviado = current_timestamp, 
            processamento = 'Notificado', 
            correnspondente = 9,
            observacoes = ''
     WHERE id = 15882;
Correspondente:correiosanimaaviso@gmail.com
    UPDATE notificacoes.entrada
       SET 
            enviado = current_timestamp, 
            processamento = 'Notificado', 
            correnspondente = 10,
            observacoes = ''
     WHERE id = 15883;
Correspondente:correiosanimanotificacoes@gmail.com
    UPDATE notificacoes.entrada
       SET 
            enviado = current_timestamp, 
            processamento = 'Notificado', 
            correnspondente = 6,
            observacoes = ''
     WHERE id = 15884;
Correspondente:correiosanimaservicos@gmail.com
    UPDATE notificacoes.entrada
       SET 
            enviado = current_timestamp, 
            processamento = 'Notificado', 
            correnspondente = 7,
            observacoes = ''
     WHERE id = 15884;
Correspondente:correiosanimanotificacoes@gmail.com
    UPDATE notificacoes.entrada
       SET 
            enviado = current_timestamp, 
            processamento = 'Notificado', 
            correnspondente = 6,
            observacoes = ''
     WHERE id = 15885;
Correspondente:correiosanimamaster@gmail.com
    UPDATE notificacoes.entrada
       SET 
            enviado = current_timestamp, 
            processamento = 'Notificado', 
            correnspondente = 1,
            observacoes = ''
     WHERE id = 15886;
Correspondente:correiosanimaslave@gmail.com
    UPDATE notificacoes.entrada
       SET 
            enviado = current_timestamp, 
            processamento = 'Notificado', 
            correnspondente = 2,
            observacoes = ''
     WHERE id = 15887;
Correspondente:correiosanimasystem@gmail.com
    UPDATE notificacoes.entrada
       SET 
            enviado = current_timestamp, 
            processamento = 'Notificado', 
            correnspondente = 3,
            observacoes = ''
     WHERE id = 15888;
Correspondente:correiosanimavirtus@gmail.com
    UPDATE notificacoes.entrada
       SET 
            enviado = current_timestamp, 
            processamento = 'Notificado', 
            correnspondente = 4,
            observacoes = ''
     WHERE id = 15888;
Correspondente:correiosanimasystem@gmail.com
    UPDATE notificacoes.entrada
       SET 
            enviado = current_timestamp, 
            processamento = 'Notificado', 
            correnspondente = 3,
            observacoes = ''
     WHERE id = 15889;
Correspondente:correiosanimachallenger@gmail.com
    UPDATE notificacoes.entrada
       SET 
            enviado = current_timestamp, 
            processamento = 'Notificado', 
            correnspondente = 5,
            observacoes = ''
     WHERE id = 15890;
Correspondente:correiosanimanotificacao@gmail.com
    UPDATE notificacoes.entrada
       SET 
            enviado = current_timestamp, 
            processamento = 'Notificado', 
            correnspondente = 8,
            observacoes = ''
     WHERE id = 15891;
Correspondente:correiosanimainformativo@gmail.com
    UPDATE notificacoes.entrada
       SET 
            enviado = current_timestamp, 
            processamento = 'Notificado', 
            correnspondente = 9,
            observacoes = ''
     WHERE id = 15891;
Correspondente:correiosanimanotificacao@gmail.com
    UPDATE notificacoes.entrada
       SET 
            enviado = current_timestamp, 
            processamento = 'Notificado', 
            correnspondente = 8,
            observacoes = ''
     WHERE id = 15892;
Correspondente:correiosanimaaviso@gmail.com
    UPDATE notificacoes.entrada
       SET 
            enviado = current_timestamp, 
            processamento = 'Notificado', 
            correnspondente = 10,
            observacoes = ''
     WHERE id = 15892;
Correspondente:correiosanimanotificacao@gmail.com
    UPDATE notificacoes.entrada
       SET 
            enviado = current_timestamp, 
            processamento = 'Notificado', 
            correnspondente = 8,
            observacoes = ''
     WHERE id = 15893;
Correspondente:correiosanimanotificacoes@gmail.com
    UPDATE notificacoes.entrada
       SET 
            enviado = current_timestamp, 
            processamento = 'Notificado', 
            correnspondente = 6,
            observacoes = ''
     WHERE id = 15894;
Correspondente:correiosanimaservicos@gmail.com
    UPDATE notificacoes.entrada
       SET 
            enviado = current_timestamp, 
            processamento = 'Notificado', 
            correnspondente = 7,
            observacoes = ''
     WHERE id = 15895;
Correspondente:correiosanimamaster@gmail.com
    UPDATE notificacoes.entrada
       SET 
            enviado = current_timestamp, 
            processamento = 'Notificado', 
            correnspondente = 1,
            observacoes = ''
     WHERE id = 15895;
Correspondente:correiosanimaservicos@gmail.com
    UPDATE notificacoes.entrada
       SET 
            enviado = current_timestamp, 
            processamento = 'Notificado', 
            correnspondente = 7,
            observacoes = ''
     WHERE id = 15896;
Correspondente:correiosanimaslave@gmail.com
    UPDATE notificacoes.entrada
       SET 
            enviado = current_timestamp, 
            processamento = 'Notificado', 
            correnspondente = 2,
            observacoes = ''
     WHERE id = 15897;
Correspondente:correiosanimasystem@gmail.com
    UPDATE notificacoes.entrada
       SET 
            enviado = current_timestamp, 
            processamento = 'Notificado', 
            correnspondente = 3,
            observacoes = ''
     WHERE id = 15897;
Correspondente:correiosanimaslave@gmail.com
    UPDATE notificacoes.entrada
       SET 
            enviado = current_timestamp, 
            processamento = 'Notificado', 
            correnspondente = 2,
            observacoes = ''
     WHERE id = 15898;
Correspondente:correiosanimavirtus@gmail.com
    UPDATE notificacoes.entrada
       SET 
            enviado = current_timestamp, 
            processamento = 'Notificado', 
            correnspondente = 4,
            observacoes = ''
     WHERE id = 15898;
Correspondente:correiosanimaslave@gmail.com
    UPDATE notificacoes.entrada
       SET 
            enviado = current_timestamp, 
            processamento = 'Notificado', 
            correnspondente = 2,
            observacoes = ''
     WHERE id = 15899;
Correspondente:correiosanimachallenger@gmail.com
    UPDATE notificacoes.entrada
       SET 
            enviado = current_timestamp, 
            processamento = 'Notificado', 
            correnspondente = 5,
            observacoes = ''
     WHERE id = 15900;
Correspondente:correiosanimanotificacao@gmail.com
    UPDATE notificacoes.entrada
       SET 
            enviado = current_timestamp, 
            processamento = 'Notificado', 
            correnspondente = 8,
            observacoes = ''
     WHERE id = 15901;
Correspondente:correiosanimainformativo@gmail.com
    UPDATE notificacoes.entrada
       SET 
            enviado = current_timestamp, 
            processamento = 'Notificado', 
            correnspondente = 9,
            observacoes = ''
     WHERE id = 15902;
Correspondente:correiosanimaaviso@gmail.com
    UPDATE notificacoes.entrada
       SET 
            enviado = current_timestamp, 
            processamento = 'Notificado', 
            correnspondente = 10,
            observacoes = ''
     WHERE id = 15902;
Correspondente:correiosanimainformativo@gmail.com
    UPDATE notificacoes.entrada
       SET 
            enviado = current_timestamp, 
            processamento = 'Notificado', 
            correnspondente = 9,
            observacoes = ''
     WHERE id = 15903;
Correspondente:correiosanimanotificacoes@gmail.com
    UPDATE notificacoes.entrada
       SET 
            enviado = current_timestamp, 
            processamento = 'Notificado', 
            correnspondente = 6,
            observacoes = ''
     WHERE id = 15904;
Correspondente:correiosanimaservicos@gmail.com
    UPDATE notificacoes.entrada
       SET 
            enviado = current_timestamp, 
            processamento = 'Notificado', 
            correnspondente = 7,
            observacoes = ''
     WHERE id = 15905;
Correspondente:correiosanimamaster@gmail.com
    UPDATE notificacoes.entrada
       SET 
            enviado = current_timestamp, 
            processamento = 'Notificado', 
            correnspondente = 1,
            observacoes = ''
     WHERE id = 15906;
Correspondente:correiosanimaslave@gmail.com
    UPDATE notificacoes.entrada
       SET 
            enviado = current_timestamp, 
            processamento = 'Notificado', 
            correnspondente = 2,
            observacoes = ''
     WHERE id = 15907;
Correspondente:correiosanimasystem@gmail.com
    UPDATE notificacoes.entrada
       SET 
            enviado = current_timestamp, 
            processamento = 'Notificado', 
            correnspondente = 3,
            observacoes = ''
     WHERE id = 15908;
Correspondente:correiosanimavirtus@gmail.com
    UPDATE notificacoes.entrada
       SET 
            enviado = current_timestamp, 
            processamento = 'Notificado', 
            correnspondente = 4,
            observacoes = ''
     WHERE id = 15909;
Correspondente:correiosanimachallenger@gmail.com
    UPDATE notificacoes.entrada
       SET 
            enviado = current_timestamp, 
            processamento = 'Notificado', 
            correnspondente = 5,
            observacoes = ''
     WHERE id = 15910;
Correspondente:correiosanimanotificacao@gmail.com
    UPDATE notificacoes.entrada
       SET 
            enviado = current_timestamp, 
            processamento = 'Notificado', 
            correnspondente = 8,
            observacoes = ''
     WHERE id = 15910;
Correspondente:correiosanimachallenger@gmail.com
    UPDATE notificacoes.entrada
       SET 
            enviado = current_timestamp, 
            processamento = 'Notificado', 
            correnspondente = 5,
            observacoes = ''
     WHERE id = 15911;
Correspondente:correiosanimainformativo@gmail.com
    UPDATE notificacoes.entrada
       SET 
            enviado = current_timestamp, 
            processamento = 'Notificado', 
            correnspondente = 9,
            observacoes = ''
     WHERE id = 15912;
Correspondente:correiosanimamaster@gmail.com
    UPDATE notificacoes.entrada
       SET 
            enviado = current_timestamp, 
            processamento = 'Notificado', 
            correnspondente = 1,
            observacoes = ''
     WHERE id = 15913;
Correspondente:correiosanimavirtus@gmail.com
    UPDATE notificacoes.entrada
       SET 
            enviado = current_timestamp, 
            processamento = 'Notificado', 
            correnspondente = 4,
            observacoes = ''
     WHERE id = 15914;
Correspondente:correiosanimaaviso@gmail.com
    UPDATE notificacoes.entrada
       SET 
            enviado = current_timestamp, 
            processamento = 'Notificado', 
            correnspondente = 10,
            observacoes = ''
     WHERE id = 15915;
Correspondente:correiosanimanotificacoes@gmail.com
    UPDATE notificacoes.entrada
       SET 
            enviado = current_timestamp, 
            processamento = 'Notificado', 
            correnspondente = 6,
            observacoes = ''
     WHERE id = 15915;
Correspondente:correiosanimaaviso@gmail.com
    UPDATE notificacoes.entrada
       SET 
            enviado = current_timestamp, 
            processamento = 'Notificado', 
            correnspondente = 10,
            observacoes = ''
     WHERE id = 15916;
Correspondente:correiosanimaservicos@gmail.com
    UPDATE notificacoes.entrada
       SET 
            enviado = current_timestamp, 
            processamento = 'Notificado', 
            correnspondente = 7,
            observacoes = ''
     WHERE id = 15917;
Correspondente:correiosanimamaster@gmail.com
    UPDATE notificacoes.entrada
       SET 
            enviado = current_timestamp, 
            processamento = 'Notificado', 
            correnspondente = 1,
            observacoes = ''
     WHERE id = 15917;
Correspondente:correiosanimanotificacoes@gmail.com
    UPDATE notificacoes.entrada
       SET 
            enviado = current_timestamp, 
            processamento = 'Notificado', 
            correnspondente = 6,
            observacoes = ''
     WHERE id = 15918;
Correspondente:correiosanimaservicos@gmail.com
    UPDATE notificacoes.entrada
       SET 
            enviado = current_timestamp, 
            processamento = 'Notificado', 
            correnspondente = 7,
            observacoes = ''
     WHERE id = 15919;
Correspondente:correiosanimaslave@gmail.com
    UPDATE notificacoes.entrada
       SET 
            enviado = current_timestamp, 
            processamento = 'Notificado', 
            correnspondente = 2,
            observacoes = ''
     WHERE id = 15920;
Correspondente:correiosanimasystem@gmail.com
    UPDATE notificacoes.entrada
       SET 
            enviado = current_timestamp, 
            processamento = 'Notificado', 
            correnspondente = 3,
            observacoes = ''
     WHERE id = 15921;
Correspondente:correiosanimavirtus@gmail.com
    UPDATE notificacoes.entrada
       SET 
            enviado = current_timestamp, 
            processamento = 'Notificado', 
            correnspondente = 4,
            observacoes = ''
     WHERE id = 15921;
Correspondente:correiosanimasystem@gmail.com
    UPDATE notificacoes.entrada
       SET 
            enviado = current_timestamp, 
            processamento = 'Notificado', 
            correnspondente = 3,
            observacoes = ''
     WHERE id = 15922;
Correspondente:correiosanimachallenger@gmail.com
    UPDATE notificacoes.entrada
       SET 
            enviado = current_timestamp, 
            processamento = 'Notificado', 
            correnspondente = 5,
            observacoes = ''
     WHERE id = 15923;
Correspondente:correiosanimanotificacao@gmail.com
    UPDATE notificacoes.entrada
       SET 
            enviado = current_timestamp, 
            processamento = 'Notificado', 
            correnspondente = 8,
            observacoes = ''
     WHERE id = 15924;
Correspondente:correiosanimainformativo@gmail.com
    UPDATE notificacoes.entrada
       SET 
            enviado = current_timestamp, 
            processamento = 'Notificado', 
            correnspondente = 9,
            observacoes = ''
     WHERE id = 15925;
Correspondente:correiosanimaaviso@gmail.com
    UPDATE notificacoes.entrada
       SET 
            enviado = current_timestamp, 
            processamento = 'Notificado', 
            correnspondente = 10,
            observacoes = ''
     WHERE id = 15926;
Correspondente:correiosanimanotificacoes@gmail.com
    UPDATE notificacoes.entrada
       SET 
            enviado = current_timestamp, 
            processamento = 'Notificado', 
            correnspondente = 6,
            observacoes = ''
     WHERE id = 15926;
Correspondente:correiosanimaaviso@gmail.com
    UPDATE notificacoes.entrada
       SET 
            enviado = current_timestamp, 
            processamento = 'Notificado', 
            correnspondente = 10,
            observacoes = ''
     WHERE id = 15927;
Correspondente:correiosanimaservicos@gmail.com
    UPDATE notificacoes.entrada
       SET 
            enviado = current_timestamp, 
            processamento = 'Notificado', 
            correnspondente = 7,
            observacoes = ''
     WHERE id = 15927;
Correspondente:correiosanimaaviso@gmail.com
    UPDATE notificacoes.entrada
       SET 
            enviado = current_timestamp, 
            processamento = 'Notificado', 
            correnspondente = 10,
            observacoes = ''
     WHERE id = 15928;
Correspondente:correiosanimamaster@gmail.com
    UPDATE notificacoes.entrada
       SET 
            enviado = current_timestamp, 
            processamento = 'Notificado', 
            correnspondente = 1,
            observacoes = ''
     WHERE id = 15929;
Correspondente:correiosanimavirtus@gmail.com
    UPDATE notificacoes.entrada
       SET 
            enviado = current_timestamp, 
            processamento = 'Notificado', 
            correnspondente = 4,
            observacoes = ''
     WHERE id = 15930;
Correspondente:correiosanimanotificacao@gmail.com
    UPDATE notificacoes.entrada
       SET 
            enviado = current_timestamp, 
            processamento = 'Notificado', 
            correnspondente = 8,
            observacoes = ''
     WHERE id = 15931;
Correspondente:correiosanimaslave@gmail.com
    UPDATE notificacoes.entrada
       SET 
            enviado = current_timestamp, 
            processamento = 'Notificado', 
            correnspondente = 2,
            observacoes = ''
     WHERE id = 15931;
Correspondente:correiosanimanotificacao@gmail.com
    UPDATE notificacoes.entrada
       SET 
            enviado = current_timestamp, 
            processamento = 'Notificado', 
            correnspondente = 8,
            observacoes = ''
     WHERE id = 15932;
Correspondente:correiosanimasystem@gmail.com
    UPDATE notificacoes.entrada
       SET 
            enviado = current_timestamp, 
            processamento = 'Notificado', 
            correnspondente = 3,
            observacoes = ''
     WHERE id = 15933;
Correspondente:correiosanimavirtus@gmail.com
    UPDATE notificacoes.entrada
       SET 
            enviado = current_timestamp, 
            processamento = 'Notificado', 
            correnspondente = 4,
            observacoes = ''
     WHERE id = 15933;
Correspondente:correiosanimasystem@gmail.com
    UPDATE notificacoes.entrada
       SET 
            enviado = current_timestamp, 
            processamento = 'Notificado', 
            correnspondente = 3,
            observacoes = ''
     WHERE id = 15934;
Correspondente:correiosanimachallenger@gmail.com
    UPDATE notificacoes.entrada
       SET 
            enviado = current_timestamp, 
            processamento = 'Notificado', 
            correnspondente = 5,
            observacoes = ''
     WHERE id = 15935;
Correspondente:correiosanimanotificacao@gmail.com
    UPDATE notificacoes.entrada
       SET 
            enviado = current_timestamp, 
            processamento = 'Notificado', 
            correnspondente = 8,
            observacoes = ''
     WHERE id = 15935;
Correspondente:correiosanimanotificacoes@gmail.com
    UPDATE notificacoes.entrada
       SET 
            enviado = current_timestamp, 
            processamento = 'Notificado', 
            correnspondente = 6,
            observacoes = ''
     WHERE id = 15936;
Correspondente:correiosanimaaviso@gmail.com
    UPDATE notificacoes.entrada
       SET 
            enviado = current_timestamp, 
            processamento = 'Notificado', 
            correnspondente = 10,
            observacoes = ''
     WHERE id = 15937;
Correspondente:correiosanimaservicos@gmail.com
    UPDATE notificacoes.entrada
       SET 
            enviado = current_timestamp, 
            processamento = 'Notificado', 
            correnspondente = 7,
            observacoes = ''
     WHERE id = 15938;
Correspondente:correiosanimachallenger@gmail.com
    UPDATE notificacoes.entrada
       SET 
            enviado = current_timestamp, 
            processamento = 'Notificado', 
            correnspondente = 5,
            observacoes = ''
     WHERE id = 15939;
Correspondente:correiosanimanotificacao@gmail.com
    UPDATE notificacoes.entrada
       SET 
            enviado = current_timestamp, 
            processamento = 'Notificado', 
            correnspondente = 8,
            observacoes = ''
     WHERE id = 15940;
Correspondente:correiosanimaslave@gmail.com
    UPDATE notificacoes.entrada
       SET 
            enviado = current_timestamp, 
            processamento = 'Notificado', 
            correnspondente = 2,
            observacoes = ''
     WHERE id = 15941;
Correspondente:correiosanimainformativo@gmail.com
    UPDATE notificacoes.entrada
       SET 
            enviado = current_timestamp, 
            processamento = 'Notificado', 
            correnspondente = 9,
            observacoes = ''
     WHERE id = 15941;
Correspondente:correiosanimaslave@gmail.com
    UPDATE notificacoes.entrada
       SET 
            enviado = current_timestamp, 
            processamento = 'Notificado', 
            correnspondente = 2,
            observacoes = ''
     WHERE id = 15942;
Correspondente:correiosanimaservicos@gmail.com
    UPDATE notificacoes.entrada
       SET 
            enviado = current_timestamp, 
            processamento = 'Notificado', 
            correnspondente = 7,
            observacoes = ''
     WHERE id = 15943;
Correspondente:correiosanimavirtus@gmail.com
    UPDATE notificacoes.entrada
       SET 
            enviado = current_timestamp, 
            processamento = 'Notificado', 
            correnspondente = 4,
            observacoes = ''
     WHERE id = 15944;
Correspondente:correiosanimamaster@gmail.com
    UPDATE notificacoes.entrada
       SET 
            enviado = current_timestamp, 
            processamento = 'Notificado', 
            correnspondente = 1,
            observacoes = ''
     WHERE id = 15945;
Correspondente:correiosanimaslave@gmail.com
    UPDATE notificacoes.entrada
       SET 
            enviado = current_timestamp, 
            processamento = 'Notificado', 
            correnspondente = 2,
            observacoes = ''
     WHERE id = 15945;
Correspondente:correiosanimamaster@gmail.com
    UPDATE notificacoes.entrada
       SET 
            enviado = current_timestamp, 
            processamento = 'Notificado', 
            correnspondente = 1,
            observacoes = ''
     WHERE id = 15946;
Correspondente:correiosanimavirtus@gmail.com
    UPDATE notificacoes.entrada
       SET 
            enviado = current_timestamp, 
            processamento = 'Notificado', 
            correnspondente = 4,
            observacoes = ''
     WHERE id = 15946;
Correspondente:correiosanimamaster@gmail.com
    UPDATE notificacoes.entrada
       SET 
            enviado = current_timestamp, 
            processamento = 'Notificado', 
            correnspondente = 1,
            observacoes = ''
     WHERE id = 15947;
Correspondente:correiosanimainformativo@gmail.com
    UPDATE notificacoes.entrada
       SET 
            enviado = current_timestamp, 
            processamento = 'Notificado', 
            correnspondente = 9,
            observacoes = ''
     WHERE id = 15947;
Correspondente:correiosanimaservicos@gmail.com
    UPDATE notificacoes.entrada
       SET 
            enviado = current_timestamp, 
            processamento = 'Notificado', 
            correnspondente = 7,
            observacoes = ''
     WHERE id = 15948;
Correspondente:correiosanimanotificacoes@gmail.com
    UPDATE notificacoes.entrada
       SET 
            enviado = current_timestamp, 
            processamento = 'Notificado', 
            correnspondente = 6,
            observacoes = ''
     WHERE id = 15948;
Correspondente:correiosanimaservicos@gmail.com
    UPDATE notificacoes.entrada
       SET 
            enviado = current_timestamp, 
            processamento = 'Notificado', 
            correnspondente = 7,
            observacoes = ''
     WHERE id = 15949;
