Correspondente:correiosanimanotificacoes@gmail.com
    UPDATE notificacoes.entrada
       SET 
            enviado = current_timestamp, 
            processamento = 'Notificado', 
            correnspondente = 6,
            observacoes = ''
     WHERE id = 16319;
Correspondente:correiosanimanotificacoes@gmail.com
    UPDATE notificacoes.entrada
       SET 
            enviado = current_timestamp, 
            processamento = 'Notificado', 
            correnspondente = 6,
            observacoes = ''
     WHERE id = 16320;
Correspondente:correiosanimaservicos@gmail.com
    UPDATE notificacoes.entrada
       SET 
            enviado = current_timestamp, 
            processamento = 'Notificado', 
            correnspondente = 7,
            observacoes = ''
     WHERE id = 16321;
Correspondente:correiosanimamaster@gmail.com
    UPDATE notificacoes.entrada
       SET 
            enviado = current_timestamp, 
            processamento = 'Notificado', 
            correnspondente = 1,
            observacoes = ''
     WHERE id = 16321;
Correspondente:correiosanimaservicos@gmail.com
    UPDATE notificacoes.entrada
       SET 
            enviado = current_timestamp, 
            processamento = 'Notificado', 
            correnspondente = 7,
            observacoes = ''
     WHERE id = 16322;
Correspondente:correiosanimaslave@gmail.com
    UPDATE notificacoes.entrada
       SET 
            enviado = current_timestamp, 
            processamento = 'Notificado', 
            correnspondente = 2,
            observacoes = ''
     WHERE id = 16322;
Correspondente:correiosanimaservicos@gmail.com
    UPDATE notificacoes.entrada
       SET 
            enviado = current_timestamp, 
            processamento = 'Notificado', 
            correnspondente = 7,
            observacoes = ''
     WHERE id = 16323;
Correspondente:correiosanimaservicos@gmail.com
    UPDATE notificacoes.entrada
       SET 
            enviado = current_timestamp, 
            processamento = 'Notificado', 
            correnspondente = 7,
            observacoes = ''
     WHERE id = 16324;
Correspondente:correiosanimasystem@gmail.com
    UPDATE notificacoes.entrada
       SET 
            enviado = current_timestamp, 
            processamento = 'Notificado', 
            correnspondente = 3,
            observacoes = ''
     WHERE id = 16325;
Correspondente:correiosanimavirtus@gmail.com
    UPDATE notificacoes.entrada
       SET 
            enviado = current_timestamp, 
            processamento = 'Notificado', 
            correnspondente = 4,
            observacoes = ''
     WHERE id = 16326;
Correspondente:correiosanimachallenger@gmail.com
    UPDATE notificacoes.entrada
       SET 
            enviado = current_timestamp, 
            processamento = 'Notificado', 
            correnspondente = 5,
            observacoes = ''
     WHERE id = 16327;
Correspondente:correiosanimanotificacao@gmail.com
    UPDATE notificacoes.entrada
       SET 
            enviado = current_timestamp, 
            processamento = 'Notificado', 
            correnspondente = 8,
            observacoes = ''
     WHERE id = 16327;
Correspondente:correiosanimachallenger@gmail.com
    UPDATE notificacoes.entrada
       SET 
            enviado = current_timestamp, 
            processamento = 'Notificado', 
            correnspondente = 5,
            observacoes = ''
     WHERE id = 16327;
Correspondente:correiosanimanotificacao@gmail.com
    UPDATE notificacoes.entrada
       SET 
            enviado = current_timestamp, 
            processamento = 'Notificado', 
            correnspondente = 8,
            observacoes = ''
     WHERE id = 16328;
Correspondente:correiosanimainformativo@gmail.com
    UPDATE notificacoes.entrada
       SET 
            enviado = current_timestamp, 
            processamento = 'Notificado', 
            correnspondente = 9,
            observacoes = ''
     WHERE id = 16329;
Correspondente:correiosanimaaviso@gmail.com
    UPDATE notificacoes.entrada
       SET 
            enviado = current_timestamp, 
            processamento = 'Notificado', 
            correnspondente = 10,
            observacoes = ''
     WHERE id = 16330;
Correspondente:correiosanimanotificacoes@gmail.com
    UPDATE notificacoes.entrada
       SET 
            enviado = current_timestamp, 
            processamento = 'Notificado', 
            correnspondente = 6,
            observacoes = ''
     WHERE id = 16330;
Correspondente:correiosanimaaviso@gmail.com
    UPDATE notificacoes.entrada
       SET 
            enviado = current_timestamp, 
            processamento = 'Notificado', 
            correnspondente = 10,
            observacoes = ''
     WHERE id = 16331;
Correspondente:correiosanimaservicos@gmail.com
    UPDATE notificacoes.entrada
       SET 
            enviado = current_timestamp, 
            processamento = 'Notificado', 
            correnspondente = 7,
            observacoes = ''
     WHERE id = 16331;
Correspondente:correiosanimaaviso@gmail.com
    UPDATE notificacoes.entrada
       SET 
            enviado = current_timestamp, 
            processamento = 'Notificado', 
            correnspondente = 10,
            observacoes = ''
     WHERE id = 16331;
Correspondente:correiosanimaservicos@gmail.com
    UPDATE notificacoes.entrada
       SET 
            enviado = current_timestamp, 
            processamento = 'Notificado', 
            correnspondente = 7,
            observacoes = ''
     WHERE id = 16332;
Correspondente:correiosanimamaster@gmail.com
    UPDATE notificacoes.entrada
       SET 
            enviado = current_timestamp, 
            processamento = 'Notificado', 
            correnspondente = 1,
            observacoes = ''
     WHERE id = 16333;
Correspondente:correiosanimaslave@gmail.com
    UPDATE notificacoes.entrada
       SET 
            enviado = current_timestamp, 
            processamento = 'Notificado', 
            correnspondente = 2,
            observacoes = ''
     WHERE id = 16334;
Correspondente:correiosanimasystem@gmail.com
    UPDATE notificacoes.entrada
       SET 
            enviado = current_timestamp, 
            processamento = 'Notificado', 
            correnspondente = 3,
            observacoes = ''
     WHERE id = 16335;
Correspondente:correiosanimavirtus@gmail.com
    UPDATE notificacoes.entrada
       SET 
            enviado = current_timestamp, 
            processamento = 'Notificado', 
            correnspondente = 4,
            observacoes = ''
     WHERE id = 16336;
Correspondente:correiosanimachallenger@gmail.com
    UPDATE notificacoes.entrada
       SET 
            enviado = current_timestamp, 
            processamento = 'Notificado', 
            correnspondente = 5,
            observacoes = ''
     WHERE id = 16337;
Correspondente:correiosanimanotificacao@gmail.com
    UPDATE notificacoes.entrada
       SET 
            enviado = current_timestamp, 
            processamento = 'Notificado', 
            correnspondente = 8,
            observacoes = ''
     WHERE id = 16338;
Correspondente:correiosanimainformativo@gmail.com
    UPDATE notificacoes.entrada
       SET 
            enviado = current_timestamp, 
            processamento = 'Notificado', 
            correnspondente = 9,
            observacoes = ''
     WHERE id = 16339;
Correspondente:correiosanimaaviso@gmail.com
    UPDATE notificacoes.entrada
       SET 
            enviado = current_timestamp, 
            processamento = 'Notificado', 
            correnspondente = 10,
            observacoes = ''
     WHERE id = 16340;
Correspondente:correiosanimanotificacoes@gmail.com
    UPDATE notificacoes.entrada
       SET 
            enviado = current_timestamp, 
            processamento = 'Notificado', 
            correnspondente = 6,
            observacoes = ''
     WHERE id = 16341;
Correspondente:correiosanimaservicos@gmail.com
    UPDATE notificacoes.entrada
       SET 
            enviado = current_timestamp, 
            processamento = 'Notificado', 
            correnspondente = 7,
            observacoes = ''
     WHERE id = 16342;
Correspondente:correiosanimamaster@gmail.com
    UPDATE notificacoes.entrada
       SET 
            enviado = current_timestamp, 
            processamento = 'Notificado', 
            correnspondente = 1,
            observacoes = ''
     WHERE id = 16343;
Correspondente:correiosanimaslave@gmail.com
    UPDATE notificacoes.entrada
       SET 
            enviado = current_timestamp, 
            processamento = 'Notificado', 
            correnspondente = 2,
            observacoes = ''
     WHERE id = 16344;
Correspondente:correiosanimasystem@gmail.com
    UPDATE notificacoes.entrada
       SET 
            enviado = current_timestamp, 
            processamento = 'Notificado', 
            correnspondente = 3,
            observacoes = ''
     WHERE id = 16345;
Correspondente:correiosanimavirtus@gmail.com
    UPDATE notificacoes.entrada
       SET 
            enviado = current_timestamp, 
            processamento = 'Notificado', 
            correnspondente = 4,
            observacoes = ''
     WHERE id = 16345;
Correspondente:correiosanimasystem@gmail.com
    UPDATE notificacoes.entrada
       SET 
            enviado = current_timestamp, 
            processamento = 'Notificado', 
            correnspondente = 3,
            observacoes = ''
     WHERE id = 16345;
Correspondente:correiosanimavirtus@gmail.com
    UPDATE notificacoes.entrada
       SET 
            enviado = current_timestamp, 
            processamento = 'Notificado', 
            correnspondente = 4,
            observacoes = ''
     WHERE id = 16346;
Correspondente:correiosanimachallenger@gmail.com
    UPDATE notificacoes.entrada
       SET 
            enviado = current_timestamp, 
            processamento = 'Notificado', 
            correnspondente = 5,
            observacoes = ''
     WHERE id = 16346;
Correspondente:correiosanimavirtus@gmail.com
    UPDATE notificacoes.entrada
       SET 
            enviado = current_timestamp, 
            processamento = 'Notificado', 
            correnspondente = 4,
            observacoes = ''
     WHERE id = 16347;
Correspondente:correiosanimanotificacao@gmail.com
    UPDATE notificacoes.entrada
       SET 
            enviado = current_timestamp, 
            processamento = 'Notificado', 
            correnspondente = 8,
            observacoes = ''
     WHERE id = 16348;
Correspondente:correiosanimainformativo@gmail.com
    UPDATE notificacoes.entrada
       SET 
            enviado = current_timestamp, 
            processamento = 'Notificado', 
            correnspondente = 9,
            observacoes = ''
     WHERE id = 16348;
Correspondente:correiosanimanotificacao@gmail.com
    UPDATE notificacoes.entrada
       SET 
            enviado = current_timestamp, 
            processamento = 'Notificado', 
            correnspondente = 8,
            observacoes = ''
     WHERE id = 16349;
Correspondente:correiosanimaaviso@gmail.com
    UPDATE notificacoes.entrada
       SET 
            enviado = current_timestamp, 
            processamento = 'Notificado', 
            correnspondente = 10,
            observacoes = ''
     WHERE id = 16349;
Correspondente:correiosanimanotificacao@gmail.com
    UPDATE notificacoes.entrada
       SET 
            enviado = current_timestamp, 
            processamento = 'Notificado', 
            correnspondente = 8,
            observacoes = ''
     WHERE id = 16350;
Correspondente:correiosanimanotificacoes@gmail.com
    UPDATE notificacoes.entrada
       SET 
            enviado = current_timestamp, 
            processamento = 'Notificado', 
            correnspondente = 6,
            observacoes = ''
     WHERE id = 16351;
Correspondente:correiosanimaservicos@gmail.com
    UPDATE notificacoes.entrada
       SET 
            enviado = current_timestamp, 
            processamento = 'Notificado', 
            correnspondente = 7,
            observacoes = ''
     WHERE id = 16351;
Correspondente:correiosanimanotificacoes@gmail.com
    UPDATE notificacoes.entrada
       SET 
            enviado = current_timestamp, 
            processamento = 'Notificado', 
            correnspondente = 6,
            observacoes = ''
     WHERE id = 16352;
Correspondente:correiosanimamaster@gmail.com
    UPDATE notificacoes.entrada
       SET 
            enviado = current_timestamp, 
            processamento = 'Notificado', 
            correnspondente = 1,
            observacoes = ''
     WHERE id = 16353;
Correspondente:correiosanimaslave@gmail.com
    UPDATE notificacoes.entrada
       SET 
            enviado = current_timestamp, 
            processamento = 'Notificado', 
            correnspondente = 2,
            observacoes = ''
     WHERE id = 16354;
Correspondente:correiosanimasystem@gmail.com
    UPDATE notificacoes.entrada
       SET 
            enviado = current_timestamp, 
            processamento = 'Notificado', 
            correnspondente = 3,
            observacoes = ''
     WHERE id = 16354;
Correspondente:correiosanimaslave@gmail.com
    UPDATE notificacoes.entrada
       SET 
            enviado = current_timestamp, 
            processamento = 'Notificado', 
            correnspondente = 2,
            observacoes = ''
     WHERE id = 16355;
Correspondente:correiosanimavirtus@gmail.com
    UPDATE notificacoes.entrada
       SET 
            enviado = current_timestamp, 
            processamento = 'Notificado', 
            correnspondente = 4,
            observacoes = ''
     WHERE id = 16355;
Correspondente:correiosanimaslave@gmail.com
    UPDATE notificacoes.entrada
       SET 
            enviado = current_timestamp, 
            processamento = 'Notificado', 
            correnspondente = 2,
            observacoes = ''
     WHERE id = 16356;
Correspondente:correiosanimachallenger@gmail.com
    UPDATE notificacoes.entrada
       SET 
            enviado = current_timestamp, 
            processamento = 'Notificado', 
            correnspondente = 5,
            observacoes = ''
     WHERE id = 16356;
Correspondente:correiosanimaslave@gmail.com
    UPDATE notificacoes.entrada
       SET 
            enviado = current_timestamp, 
            processamento = 'Notificado', 
            correnspondente = 2,
            observacoes = ''
     WHERE id = 16357;
Correspondente:correiosanimanotificacao@gmail.com
    UPDATE notificacoes.entrada
       SET 
            enviado = current_timestamp, 
            processamento = 'Notificado', 
            correnspondente = 8,
            observacoes = ''
     WHERE id = 16358;
Correspondente:correiosanimainformativo@gmail.com
    UPDATE notificacoes.entrada
       SET 
            enviado = current_timestamp, 
            processamento = 'Notificado', 
            correnspondente = 9,
            observacoes = ''
     WHERE id = 16358;
Correspondente:correiosanimanotificacao@gmail.com
    UPDATE notificacoes.entrada
       SET 
            enviado = current_timestamp, 
            processamento = 'Notificado', 
            correnspondente = 8,
            observacoes = ''
     WHERE id = 16359;
Correspondente:correiosanimaaviso@gmail.com
    UPDATE notificacoes.entrada
       SET 
            enviado = current_timestamp, 
            processamento = 'Notificado', 
            correnspondente = 10,
            observacoes = ''
     WHERE id = 16359;
Correspondente:correiosanimanotificacao@gmail.com
    UPDATE notificacoes.entrada
       SET 
            enviado = current_timestamp, 
            processamento = 'Notificado', 
            correnspondente = 8,
            observacoes = ''
     WHERE id = 16360;
Correspondente:correiosanimanotificacoes@gmail.com
    UPDATE notificacoes.entrada
       SET 
            enviado = current_timestamp, 
            processamento = 'Notificado', 
            correnspondente = 6,
            observacoes = ''
     WHERE id = 16360;
Correspondente:correiosanimanotificacao@gmail.com
    UPDATE notificacoes.entrada
       SET 
            enviado = current_timestamp, 
            processamento = 'Notificado', 
            correnspondente = 8,
            observacoes = ''
     WHERE id = 16360;
Correspondente:correiosanimanotificacoes@gmail.com
    UPDATE notificacoes.entrada
       SET 
            enviado = current_timestamp, 
            processamento = 'Notificado', 
            correnspondente = 6,
            observacoes = ''
     WHERE id = 16361;
Correspondente:correiosanimaservicos@gmail.com
    UPDATE notificacoes.entrada
       SET 
            enviado = current_timestamp, 
            processamento = 'Notificado', 
            correnspondente = 7,
            observacoes = ''
     WHERE id = 16361;
Correspondente:correiosanimanotificacoes@gmail.com
    UPDATE notificacoes.entrada
       SET 
            enviado = current_timestamp, 
            processamento = 'Notificado', 
            correnspondente = 6,
            observacoes = ''
     WHERE id = 16362;
Correspondente:correiosanimamaster@gmail.com
    UPDATE notificacoes.entrada
       SET 
            enviado = current_timestamp, 
            processamento = 'Notificado', 
            correnspondente = 1,
            observacoes = ''
     WHERE id = 16363;
Correspondente:correiosanimaslave@gmail.com
    UPDATE notificacoes.entrada
       SET 
            enviado = current_timestamp, 
            processamento = 'Notificado', 
            correnspondente = 2,
            observacoes = ''
     WHERE id = 16364;
Correspondente:correiosanimasystem@gmail.com
    UPDATE notificacoes.entrada
       SET 
            enviado = current_timestamp, 
            processamento = 'Notificado', 
            correnspondente = 3,
            observacoes = ''
     WHERE id = 16365;
Correspondente:correiosanimavirtus@gmail.com
    UPDATE notificacoes.entrada
       SET 
            enviado = current_timestamp, 
            processamento = 'Notificado', 
            correnspondente = 4,
            observacoes = ''
     WHERE id = 16366;
Correspondente:correiosanimachallenger@gmail.com
    UPDATE notificacoes.entrada
       SET 
            enviado = current_timestamp, 
            processamento = 'Notificado', 
            correnspondente = 5,
            observacoes = ''
     WHERE id = 16367;
Correspondente:correiosanimanotificacao@gmail.com
    UPDATE notificacoes.entrada
       SET 
            enviado = current_timestamp, 
            processamento = 'Notificado', 
            correnspondente = 8,
            observacoes = ''
     WHERE id = 16367;
Correspondente:correiosanimachallenger@gmail.com
    UPDATE notificacoes.entrada
       SET 
            enviado = current_timestamp, 
            processamento = 'Notificado', 
            correnspondente = 5,
            observacoes = ''
     WHERE id = 16368;
Correspondente:correiosanimainformativo@gmail.com
    UPDATE notificacoes.entrada
       SET 
            enviado = current_timestamp, 
            processamento = 'Notificado', 
            correnspondente = 9,
            observacoes = ''
     WHERE id = 16368;
Correspondente:correiosanimachallenger@gmail.com
    UPDATE notificacoes.entrada
       SET 
            enviado = current_timestamp, 
            processamento = 'Notificado', 
            correnspondente = 5,
            observacoes = ''
     WHERE id = 16369;
Correspondente:correiosanimaaviso@gmail.com
    UPDATE notificacoes.entrada
       SET 
            enviado = current_timestamp, 
            processamento = 'Notificado', 
            correnspondente = 10,
            observacoes = ''
     WHERE id = 16370;
Correspondente:correiosanimanotificacoes@gmail.com
    UPDATE notificacoes.entrada
       SET 
            enviado = current_timestamp, 
            processamento = 'Notificado', 
            correnspondente = 6,
            observacoes = ''
     WHERE id = 16371;
Correspondente:correiosanimaservicos@gmail.com
    UPDATE notificacoes.entrada
       SET 
            enviado = current_timestamp, 
            processamento = 'Notificado', 
            correnspondente = 7,
            observacoes = ''
     WHERE id = 16371;
Correspondente:correiosanimanotificacoes@gmail.com
    UPDATE notificacoes.entrada
       SET 
            enviado = current_timestamp, 
            processamento = 'Notificado', 
            correnspondente = 6,
            observacoes = ''
     WHERE id = 16372;
Correspondente:correiosanimamaster@gmail.com
    UPDATE notificacoes.entrada
       SET 
            enviado = current_timestamp, 
            processamento = 'Notificado', 
            correnspondente = 1,
            observacoes = ''
     WHERE id = 16373;
Correspondente:correiosanimaslave@gmail.com
    UPDATE notificacoes.entrada
       SET 
            enviado = current_timestamp, 
            processamento = 'Notificado', 
            correnspondente = 2,
            observacoes = ''
     WHERE id = 16373;
Correspondente:correiosanimamaster@gmail.com
    UPDATE notificacoes.entrada
       SET 
            enviado = current_timestamp, 
            processamento = 'Notificado', 
            correnspondente = 1,
            observacoes = ''
     WHERE id = 16374;
Correspondente:correiosanimasystem@gmail.com
    UPDATE notificacoes.entrada
       SET 
            enviado = current_timestamp, 
            processamento = 'Notificado', 
            correnspondente = 3,
            observacoes = ''
     WHERE id = 16375;
Correspondente:correiosanimavirtus@gmail.com
    UPDATE notificacoes.entrada
       SET 
            enviado = current_timestamp, 
            processamento = 'Notificado', 
            correnspondente = 4,
            observacoes = ''
     WHERE id = 16375;
Correspondente:correiosanimasystem@gmail.com
    UPDATE notificacoes.entrada
       SET 
            enviado = current_timestamp, 
            processamento = 'Notificado', 
            correnspondente = 3,
            observacoes = ''
     WHERE id = 16376;
Correspondente:correiosanimanotificacoes@gmail.com
    UPDATE notificacoes.entrada
       SET 
            enviado = current_timestamp, 
            processamento = 'Notificado', 
            correnspondente = 6,
            observacoes = ''
     WHERE id = 16377;
Correspondente:correiosanimachallenger@gmail.com
    UPDATE notificacoes.entrada
       SET 
            enviado = current_timestamp, 
            processamento = 'Notificado', 
            correnspondente = 5,
            observacoes = ''
     WHERE id = 16378;
Correspondente:correiosanimanotificacao@gmail.com
    UPDATE notificacoes.entrada
       SET 
            enviado = current_timestamp, 
            processamento = 'Notificado', 
            correnspondente = 8,
            observacoes = ''
     WHERE id = 16379;
Correspondente:correiosanimainformativo@gmail.com
    UPDATE notificacoes.entrada
       SET 
            enviado = current_timestamp, 
            processamento = 'Notificado', 
            correnspondente = 9,
            observacoes = ''
     WHERE id = 16379;
Correspondente:correiosanimanotificacao@gmail.com
    UPDATE notificacoes.entrada
       SET 
            enviado = current_timestamp, 
            processamento = 'Notificado', 
            correnspondente = 8,
            observacoes = ''
     WHERE id = 16380;
Correspondente:correiosanimainformativo@gmail.com
    UPDATE notificacoes.entrada
       SET 
            enviado = current_timestamp, 
            processamento = 'Notificado', 
            correnspondente = 9,
            observacoes = ''
     WHERE id = 16381;
Correspondente:correiosanimaaviso@gmail.com
    UPDATE notificacoes.entrada
       SET 
            enviado = current_timestamp, 
            processamento = 'Notificado', 
            correnspondente = 10,
            observacoes = ''
     WHERE id = 16381;
Correspondente:correiosanimainformativo@gmail.com
    UPDATE notificacoes.entrada
       SET 
            enviado = current_timestamp, 
            processamento = 'Notificado', 
            correnspondente = 9,
            observacoes = ''
     WHERE id = 16382;
Correspondente:correiosanimanotificacoes@gmail.com
    UPDATE notificacoes.entrada
       SET 
            enviado = current_timestamp, 
            processamento = 'Notificado', 
            correnspondente = 6,
            observacoes = ''
     WHERE id = 16382;
Correspondente:correiosanimainformativo@gmail.com
    UPDATE notificacoes.entrada
       SET 
            enviado = current_timestamp, 
            processamento = 'Notificado', 
            correnspondente = 9,
            observacoes = ''
     WHERE id = 16383;
Correspondente:correiosanimaservicos@gmail.com
    UPDATE notificacoes.entrada
       SET 
            enviado = current_timestamp, 
            processamento = 'Notificado', 
            correnspondente = 7,
            observacoes = ''
     WHERE id = 16383;
Correspondente:correiosanimainformativo@gmail.com
    UPDATE notificacoes.entrada
       SET 
            enviado = current_timestamp, 
            processamento = 'Notificado', 
            correnspondente = 9,
            observacoes = ''
     WHERE id = 16384;
Correspondente:correiosanimamaster@gmail.com
    UPDATE notificacoes.entrada
       SET 
            enviado = current_timestamp, 
            processamento = 'Notificado', 
            correnspondente = 1,
            observacoes = ''
     WHERE id = 16385;
Correspondente:correiosanimaslave@gmail.com
    UPDATE notificacoes.entrada
       SET 
            enviado = current_timestamp, 
            processamento = 'Notificado', 
            correnspondente = 2,
            observacoes = ''
     WHERE id = 16386;
Correspondente:correiosanimasystem@gmail.com
    UPDATE notificacoes.entrada
       SET 
            enviado = current_timestamp, 
            processamento = 'Notificado', 
            correnspondente = 3,
            observacoes = ''
     WHERE id = 16386;
Correspondente:correiosanimaslave@gmail.com
    UPDATE notificacoes.entrada
       SET 
            enviado = current_timestamp, 
            processamento = 'Notificado', 
            correnspondente = 2,
            observacoes = ''
     WHERE id = 16387;
Correspondente:correiosanimavirtus@gmail.com
    UPDATE notificacoes.entrada
       SET 
            enviado = current_timestamp, 
            processamento = 'Notificado', 
            correnspondente = 4,
            observacoes = ''
     WHERE id = 16388;
Correspondente:correiosanimachallenger@gmail.com
    UPDATE notificacoes.entrada
       SET 
            enviado = current_timestamp, 
            processamento = 'Notificado', 
            correnspondente = 5,
            observacoes = ''
     WHERE id = 16388;
Correspondente:correiosanimavirtus@gmail.com
    UPDATE notificacoes.entrada
       SET 
            enviado = current_timestamp, 
            processamento = 'Notificado', 
            correnspondente = 4,
            observacoes = ''
     WHERE id = 16389;
Correspondente:correiosanimanotificacao@gmail.com
    UPDATE notificacoes.entrada
       SET 
            enviado = current_timestamp, 
            processamento = 'Notificado', 
            correnspondente = 8,
            observacoes = ''
     WHERE id = 16390;
Correspondente:correiosanimainformativo@gmail.com
    UPDATE notificacoes.entrada
       SET 
            enviado = current_timestamp, 
            processamento = 'Notificado', 
            correnspondente = 9,
            observacoes = ''
     WHERE id = 16391;
Correspondente:correiosanimaaviso@gmail.com
    UPDATE notificacoes.entrada
       SET 
            enviado = current_timestamp, 
            processamento = 'Notificado', 
            correnspondente = 10,
            observacoes = ''
     WHERE id = 16392;
Correspondente:correiosanimanotificacoes@gmail.com
    UPDATE notificacoes.entrada
       SET 
            enviado = current_timestamp, 
            processamento = 'Notificado', 
            correnspondente = 6,
            observacoes = ''
     WHERE id = 16393;
Correspondente:correiosanimaservicos@gmail.com
    UPDATE notificacoes.entrada
       SET 
            enviado = current_timestamp, 
            processamento = 'Notificado', 
            correnspondente = 7,
            observacoes = ''
     WHERE id = 16394;
Correspondente:correiosanimamaster@gmail.com
    UPDATE notificacoes.entrada
       SET 
            enviado = current_timestamp, 
            processamento = 'Notificado', 
            correnspondente = 1,
            observacoes = ''
     WHERE id = 16394;
Correspondente:correiosanimaservicos@gmail.com
    UPDATE notificacoes.entrada
       SET 
            enviado = current_timestamp, 
            processamento = 'Notificado', 
            correnspondente = 7,
            observacoes = ''
     WHERE id = 16395;
Correspondente:correiosanimanotificacao@gmail.com
    UPDATE notificacoes.entrada
       SET 
            enviado = current_timestamp, 
            processamento = 'Notificado', 
            correnspondente = 8,
            observacoes = ''
     WHERE id = 16396;
Correspondente:correiosanimaslave@gmail.com
    UPDATE notificacoes.entrada
       SET 
            enviado = current_timestamp, 
            processamento = 'Notificado', 
            correnspondente = 2,
            observacoes = ''
     WHERE id = 16399;
Correspondente:correiosanimasystem@gmail.com
    UPDATE notificacoes.entrada
       SET 
            enviado = current_timestamp, 
            processamento = 'Notificado', 
            correnspondente = 3,
            observacoes = ''
     WHERE id = 16400;
Correspondente:correiosanimavirtus@gmail.com
    UPDATE notificacoes.entrada
       SET 
            enviado = current_timestamp, 
            processamento = 'Notificado', 
            correnspondente = 4,
            observacoes = ''
     WHERE id = 16401;
Correspondente:correiosanimachallenger@gmail.com
    UPDATE notificacoes.entrada
       SET 
            enviado = current_timestamp, 
            processamento = 'Notificado', 
            correnspondente = 5,
            observacoes = ''
     WHERE id = 16401;
Correspondente:correiosanimavirtus@gmail.com
    UPDATE notificacoes.entrada
       SET 
            enviado = current_timestamp, 
            processamento = 'Notificado', 
            correnspondente = 4,
            observacoes = ''
     WHERE id = 16402;
Correspondente:correiosanimanotificacao@gmail.com
    UPDATE notificacoes.entrada
       SET 
            enviado = current_timestamp, 
            processamento = 'Notificado', 
            correnspondente = 8,
            observacoes = ''
     WHERE id = 16403;
Correspondente:correiosanimainformativo@gmail.com
    UPDATE notificacoes.entrada
       SET 
            enviado = current_timestamp, 
            processamento = 'Notificado', 
            correnspondente = 9,
            observacoes = ''
     WHERE id = 16404;
Correspondente:correiosanimaaviso@gmail.com
    UPDATE notificacoes.entrada
       SET 
            enviado = current_timestamp, 
            processamento = 'Notificado', 
            correnspondente = 10,
            observacoes = ''
     WHERE id = 16405;
Correspondente:correiosanimanotificacoes@gmail.com
    UPDATE notificacoes.entrada
       SET 
            enviado = current_timestamp, 
            processamento = 'Notificado', 
            correnspondente = 6,
            observacoes = ''
     WHERE id = 16406;
Correspondente:correiosanimaservicos@gmail.com
    UPDATE notificacoes.entrada
       SET 
            enviado = current_timestamp, 
            processamento = 'Notificado', 
            correnspondente = 7,
            observacoes = ''
     WHERE id = 16406;
Correspondente:correiosanimanotificacoes@gmail.com
    UPDATE notificacoes.entrada
       SET 
            enviado = current_timestamp, 
            processamento = 'Notificado', 
            correnspondente = 6,
            observacoes = ''
     WHERE id = 16407;
Correspondente:correiosanimamaster@gmail.com
    UPDATE notificacoes.entrada
       SET 
            enviado = current_timestamp, 
            processamento = 'Notificado', 
            correnspondente = 1,
            observacoes = ''
     WHERE id = 16409;
Correspondente:correiosanimaslave@gmail.com
    UPDATE notificacoes.entrada
       SET 
            enviado = current_timestamp, 
            processamento = 'Notificado', 
            correnspondente = 2,
            observacoes = ''
     WHERE id = 16409;
Correspondente:correiosanimamaster@gmail.com
    UPDATE notificacoes.entrada
       SET 
            enviado = current_timestamp, 
            processamento = 'Notificado', 
            correnspondente = 1,
            observacoes = ''
     WHERE id = 16410;
Correspondente:correiosanimasystem@gmail.com
    UPDATE notificacoes.entrada
       SET 
            enviado = current_timestamp, 
            processamento = 'Notificado', 
            correnspondente = 3,
            observacoes = ''
     WHERE id = 16411;
Correspondente:correiosanimavirtus@gmail.com
    UPDATE notificacoes.entrada
       SET 
            enviado = current_timestamp, 
            processamento = 'Notificado', 
            correnspondente = 4,
            observacoes = ''
     WHERE id = 16412;
Correspondente:correiosanimachallenger@gmail.com
    UPDATE notificacoes.entrada
       SET 
            enviado = current_timestamp, 
            processamento = 'Notificado', 
            correnspondente = 5,
            observacoes = ''
     WHERE id = 16412;
Correspondente:correiosanimavirtus@gmail.com
    UPDATE notificacoes.entrada
       SET 
            enviado = current_timestamp, 
            processamento = 'Notificado', 
            correnspondente = 4,
            observacoes = ''
     WHERE id = 16414;
Correspondente:correiosanimanotificacao@gmail.com
    UPDATE notificacoes.entrada
       SET 
            enviado = current_timestamp, 
            processamento = 'Notificado', 
            correnspondente = 8,
            observacoes = ''
     WHERE id = 16414;
Correspondente:correiosanimavirtus@gmail.com
    UPDATE notificacoes.entrada
       SET 
            enviado = current_timestamp, 
            processamento = 'Notificado', 
            correnspondente = 4,
            observacoes = ''
     WHERE id = 16415;
Correspondente:correiosanimainformativo@gmail.com
    UPDATE notificacoes.entrada
       SET 
            enviado = current_timestamp, 
            processamento = 'Notificado', 
            correnspondente = 9,
            observacoes = ''
     WHERE id = 16416;
Correspondente:correiosanimainformativo@gmail.com
    UPDATE notificacoes.entrada
       SET 
            enviado = current_timestamp, 
            processamento = 'Notificado', 
            correnspondente = 9,
            observacoes = ''
     WHERE id = 16416;
Correspondente:correiosanimainformativo@gmail.com
    UPDATE notificacoes.entrada
       SET 
            enviado = current_timestamp, 
            processamento = 'Notificado', 
            correnspondente = 9,
            observacoes = ''
     WHERE id = 16417;
Correspondente:correiosanimanotificacoes@gmail.com
    UPDATE notificacoes.entrada
       SET 
            enviado = current_timestamp, 
            processamento = 'Notificado', 
            correnspondente = 6,
            observacoes = ''
     WHERE id = 16418;
Correspondente:correiosanimaaviso@gmail.com
    UPDATE notificacoes.entrada
       SET 
            enviado = current_timestamp, 
            processamento = 'Notificado', 
            correnspondente = 10,
            observacoes = ''
     WHERE id = 16419;
Correspondente:correiosanimaslave@gmail.com
    UPDATE notificacoes.entrada
       SET 
            enviado = current_timestamp, 
            processamento = 'Notificado', 
            correnspondente = 2,
            observacoes = ''
     WHERE id = 16419;
Correspondente:correiosanimaaviso@gmail.com
    UPDATE notificacoes.entrada
       SET 
            enviado = current_timestamp, 
            processamento = 'Notificado', 
            correnspondente = 10,
            observacoes = ''
     WHERE id = 16420;
Correspondente:correiosanimaaviso@gmail.com
    UPDATE notificacoes.entrada
       SET 
            enviado = current_timestamp, 
            processamento = 'Notificado', 
            correnspondente = 10,
            observacoes = ''
     WHERE id = 16421;
Correspondente:correiosanimanotificacoes@gmail.com
    UPDATE notificacoes.entrada
       SET 
            enviado = current_timestamp, 
            processamento = 'Notificado', 
            correnspondente = 6,
            observacoes = ''
     WHERE id = 16422;
Correspondente:correiosanimaservicos@gmail.com
    UPDATE notificacoes.entrada
       SET 
            enviado = current_timestamp, 
            processamento = 'Notificado', 
            correnspondente = 7,
            observacoes = ''
     WHERE id = 16422;
Correspondente:correiosanimanotificacoes@gmail.com
    UPDATE notificacoes.entrada
       SET 
            enviado = current_timestamp, 
            processamento = 'Notificado', 
            correnspondente = 6,
            observacoes = ''
     WHERE id = 16423;
Correspondente:correiosanimanotificacoes@gmail.com
    UPDATE notificacoes.entrada
       SET 
            enviado = current_timestamp, 
            processamento = 'Notificado', 
            correnspondente = 6,
            observacoes = ''
     WHERE id = 16423;
Correspondente:correiosanimanotificacoes@gmail.com
    UPDATE notificacoes.entrada
       SET 
            enviado = current_timestamp, 
            processamento = 'Notificado', 
            correnspondente = 6,
            observacoes = ''
     WHERE id = 16423;
Correspondente:correiosanimanotificacoes@gmail.com
    UPDATE notificacoes.entrada
       SET 
            enviado = current_timestamp, 
            processamento = 'Notificado', 
            correnspondente = 6,
            observacoes = ''
     WHERE id = 16424;
Correspondente:correiosanimamaster@gmail.com
    UPDATE notificacoes.entrada
       SET 
            enviado = current_timestamp, 
            processamento = 'Notificado', 
            correnspondente = 1,
            observacoes = ''
     WHERE id = 16424;
Correspondente:correiosanimanotificacoes@gmail.com
    UPDATE notificacoes.entrada
       SET 
            enviado = current_timestamp, 
            processamento = 'Notificado', 
            correnspondente = 6,
            observacoes = ''
     WHERE id = 16424;
Correspondente:correiosanimamaster@gmail.com
    UPDATE notificacoes.entrada
       SET 
            enviado = current_timestamp, 
            processamento = 'Notificado', 
            correnspondente = 1,
            observacoes = ''
     WHERE id = 16425;
Correspondente:correiosanimaslave@gmail.com
    UPDATE notificacoes.entrada
       SET 
            enviado = current_timestamp, 
            processamento = 'Notificado', 
            correnspondente = 2,
            observacoes = ''
     WHERE id = 16425;
Correspondente:correiosanimamaster@gmail.com
    UPDATE notificacoes.entrada
       SET 
            enviado = current_timestamp, 
            processamento = 'Notificado', 
            correnspondente = 1,
            observacoes = ''
     WHERE id = 16426;
Correspondente:correiosanimasystem@gmail.com
    UPDATE notificacoes.entrada
       SET 
            enviado = current_timestamp, 
            processamento = 'Notificado', 
            correnspondente = 3,
            observacoes = ''
     WHERE id = 16426;
Correspondente:correiosanimamaster@gmail.com
    UPDATE notificacoes.entrada
       SET 
            enviado = current_timestamp, 
            processamento = 'Notificado', 
            correnspondente = 1,
            observacoes = ''
     WHERE id = 16427;
Correspondente:correiosanimavirtus@gmail.com
    UPDATE notificacoes.entrada
       SET 
            enviado = current_timestamp, 
            processamento = 'Notificado', 
            correnspondente = 4,
            observacoes = ''
     WHERE id = 16427;
Correspondente:correiosanimamaster@gmail.com
    UPDATE notificacoes.entrada
       SET 
            enviado = current_timestamp, 
            processamento = 'Notificado', 
            correnspondente = 1,
            observacoes = ''
     WHERE id = 16428;
Correspondente:correiosanimachallenger@gmail.com
    UPDATE notificacoes.entrada
       SET 
            enviado = current_timestamp, 
            processamento = 'Notificado', 
            correnspondente = 5,
            observacoes = ''
     WHERE id = 16429;
Correspondente:correiosanimanotificacao@gmail.com
    UPDATE notificacoes.entrada
       SET 
            enviado = current_timestamp, 
            processamento = 'Notificado', 
            correnspondente = 8,
            observacoes = ''
     WHERE id = 16430;
Correspondente:correiosanimainformativo@gmail.com
    UPDATE notificacoes.entrada
       SET 
            enviado = current_timestamp, 
            processamento = 'Notificado', 
            correnspondente = 9,
            observacoes = ''
     WHERE id = 16431;
Correspondente:correiosanimaaviso@gmail.com
    UPDATE notificacoes.entrada
       SET 
            enviado = current_timestamp, 
            processamento = 'Notificado', 
            correnspondente = 10,
            observacoes = ''
     WHERE id = 16432;
Correspondente:correiosanimanotificacoes@gmail.com
    UPDATE notificacoes.entrada
       SET 
            enviado = current_timestamp, 
            processamento = 'Notificado', 
            correnspondente = 6,
            observacoes = ''
     WHERE id = 16433;
Correspondente:correiosanimaservicos@gmail.com
    UPDATE notificacoes.entrada
       SET 
            enviado = current_timestamp, 
            processamento = 'Notificado', 
            correnspondente = 7,
            observacoes = ''
     WHERE id = 16434;
Correspondente:correiosanimainformativo@gmail.com
    UPDATE notificacoes.entrada
       SET 
            enviado = current_timestamp, 
            processamento = 'Notificado', 
            correnspondente = 9,
            observacoes = ''
     WHERE id = 16435;
Correspondente:correiosanimaaviso@gmail.com
    UPDATE notificacoes.entrada
       SET 
            enviado = current_timestamp, 
            processamento = 'Notificado', 
            correnspondente = 10,
            observacoes = ''
     WHERE id = 16435;
Correspondente:correiosanimainformativo@gmail.com
    UPDATE notificacoes.entrada
       SET 
            enviado = current_timestamp, 
            processamento = 'Notificado', 
            correnspondente = 9,
            observacoes = ''
     WHERE id = 16436;
Correspondente:correiosanimamaster@gmail.com
    UPDATE notificacoes.entrada
       SET 
            enviado = current_timestamp, 
            processamento = 'Notificado', 
            correnspondente = 1,
            observacoes = ''
     WHERE id = 16437;
Correspondente:correiosanimaservicos@gmail.com
    UPDATE notificacoes.entrada
       SET 
            enviado = current_timestamp, 
            processamento = 'Notificado', 
            correnspondente = 7,
            observacoes = ''
     WHERE id = 16437;
Correspondente:correiosanimamaster@gmail.com
    UPDATE notificacoes.entrada
       SET 
            enviado = current_timestamp, 
            processamento = 'Notificado', 
            correnspondente = 1,
            observacoes = ''
     WHERE id = 16438;
Correspondente:correiosanimamaster@gmail.com
    UPDATE notificacoes.entrada
       SET 
            enviado = current_timestamp, 
            processamento = 'Notificado', 
            correnspondente = 1,
            observacoes = ''
     WHERE id = 16438;
Correspondente:correiosanimamaster@gmail.com
    UPDATE notificacoes.entrada
       SET 
            enviado = current_timestamp, 
            processamento = 'Notificado', 
            correnspondente = 1,
            observacoes = ''
     WHERE id = 16439;
Correspondente:correiosanimaslave@gmail.com
    UPDATE notificacoes.entrada
       SET 
            enviado = current_timestamp, 
            processamento = 'Notificado', 
            correnspondente = 2,
            observacoes = ''
     WHERE id = 16439;
Correspondente:correiosanimamaster@gmail.com
    UPDATE notificacoes.entrada
       SET 
            enviado = current_timestamp, 
            processamento = 'Notificado', 
            correnspondente = 1,
            observacoes = ''
     WHERE id = 16440;
Correspondente:correiosanimasystem@gmail.com
    UPDATE notificacoes.entrada
       SET 
            enviado = current_timestamp, 
            processamento = 'Notificado', 
            correnspondente = 3,
            observacoes = ''
     WHERE id = 16440;
Correspondente:correiosanimamaster@gmail.com
    UPDATE notificacoes.entrada
       SET 
            enviado = current_timestamp, 
            processamento = 'Notificado', 
            correnspondente = 1,
            observacoes = ''
     WHERE id = 16441;
Correspondente:correiosanimavirtus@gmail.com
    UPDATE notificacoes.entrada
       SET 
            enviado = current_timestamp, 
            processamento = 'Notificado', 
            correnspondente = 4,
            observacoes = ''
     WHERE id = 16441;
Correspondente:correiosanimamaster@gmail.com
    UPDATE notificacoes.entrada
       SET 
            enviado = current_timestamp, 
            processamento = 'Notificado', 
            correnspondente = 1,
            observacoes = ''
     WHERE id = 16442;
Correspondente:correiosanimachallenger@gmail.com
    UPDATE notificacoes.entrada
       SET 
            enviado = current_timestamp, 
            processamento = 'Notificado', 
            correnspondente = 5,
            observacoes = ''
     WHERE id = 16443;
Correspondente:correiosanimanotificacao@gmail.com
    UPDATE notificacoes.entrada
       SET 
            enviado = current_timestamp, 
            processamento = 'Notificado', 
            correnspondente = 8,
            observacoes = ''
     WHERE id = 16443;
Correspondente:correiosanimachallenger@gmail.com
    UPDATE notificacoes.entrada
       SET 
            enviado = current_timestamp, 
            processamento = 'Notificado', 
            correnspondente = 5,
            observacoes = ''
     WHERE id = 16444;
Correspondente:correiosanimainformativo@gmail.com
    UPDATE notificacoes.entrada
       SET 
            enviado = current_timestamp, 
            processamento = 'Notificado', 
            correnspondente = 9,
            observacoes = ''
     WHERE id = 16446;
Correspondente:correiosanimaaviso@gmail.com
    UPDATE notificacoes.entrada
       SET 
            enviado = current_timestamp, 
            processamento = 'Notificado', 
            correnspondente = 10,
            observacoes = ''
     WHERE id = 16447;
Correspondente:correiosanimanotificacoes@gmail.com
    UPDATE notificacoes.entrada
       SET 
            enviado = current_timestamp, 
            processamento = 'Notificado', 
            correnspondente = 6,
            observacoes = ''
     WHERE id = 16448;
Correspondente:correiosanimaservicos@gmail.com
    UPDATE notificacoes.entrada
       SET 
            enviado = current_timestamp, 
            processamento = 'Notificado', 
            correnspondente = 7,
            observacoes = ''
     WHERE id = 16449;
Correspondente:correiosanimamaster@gmail.com
    UPDATE notificacoes.entrada
       SET 
            enviado = current_timestamp, 
            processamento = 'Notificado', 
            correnspondente = 1,
            observacoes = ''
     WHERE id = 16450;
Correspondente:correiosanimaslave@gmail.com
    UPDATE notificacoes.entrada
       SET 
            enviado = current_timestamp, 
            processamento = 'Notificado', 
            correnspondente = 2,
            observacoes = ''
     WHERE id = 16450;
Correspondente:correiosanimamaster@gmail.com
    UPDATE notificacoes.entrada
       SET 
            enviado = current_timestamp, 
            processamento = 'Notificado', 
            correnspondente = 1,
            observacoes = ''
     WHERE id = 16451;
Correspondente:correiosanimasystem@gmail.com
    UPDATE notificacoes.entrada
       SET 
            enviado = current_timestamp, 
            processamento = 'Notificado', 
            correnspondente = 3,
            observacoes = ''
     WHERE id = 16452;
Correspondente:correiosanimavirtus@gmail.com
    UPDATE notificacoes.entrada
       SET 
            enviado = current_timestamp, 
            processamento = 'Notificado', 
            correnspondente = 4,
            observacoes = ''
     WHERE id = 16453;
Correspondente:correiosanimachallenger@gmail.com
    UPDATE notificacoes.entrada
       SET 
            enviado = current_timestamp, 
            processamento = 'Notificado', 
            correnspondente = 5,
            observacoes = ''
     WHERE id = 16454;
Correspondente:correiosanimanotificacao@gmail.com
    UPDATE notificacoes.entrada
       SET 
            enviado = current_timestamp, 
            processamento = 'Notificado', 
            correnspondente = 8,
            observacoes = ''
     WHERE id = 16455;
Correspondente:correiosanimainformativo@gmail.com
    UPDATE notificacoes.entrada
       SET 
            enviado = current_timestamp, 
            processamento = 'Notificado', 
            correnspondente = 9,
            observacoes = ''
     WHERE id = 16456;
Correspondente:correiosanimasystem@gmail.com
    UPDATE notificacoes.entrada
       SET 
            enviado = current_timestamp, 
            processamento = 'Notificado', 
            correnspondente = 3,
            observacoes = ''
     WHERE id = 16457;
Correspondente:correiosanimaaviso@gmail.com
    UPDATE notificacoes.entrada
       SET 
            enviado = current_timestamp, 
            processamento = 'Notificado', 
            correnspondente = 10,
            observacoes = ''
     WHERE id = 16458;
Correspondente:correiosanimanotificacoes@gmail.com
    UPDATE notificacoes.entrada
       SET 
            enviado = current_timestamp, 
            processamento = 'Notificado', 
            correnspondente = 6,
            observacoes = ''
     WHERE id = 16458;
Correspondente:correiosanimaaviso@gmail.com
    UPDATE notificacoes.entrada
       SET 
            enviado = current_timestamp, 
            processamento = 'Notificado', 
            correnspondente = 10,
            observacoes = ''
     WHERE id = 16459;
Correspondente:correiosanimaaviso@gmail.com
    UPDATE notificacoes.entrada
       SET 
            enviado = current_timestamp, 
            processamento = 'Notificado', 
            correnspondente = 10,
            observacoes = ''
     WHERE id = 16460;
Correspondente:correiosanimamaster@gmail.com
    UPDATE notificacoes.entrada
       SET 
            enviado = current_timestamp, 
            processamento = 'Notificado', 
            correnspondente = 1,
            observacoes = ''
     WHERE id = 16461;
Correspondente:correiosanimaservicos@gmail.com
    UPDATE notificacoes.entrada
       SET 
            enviado = current_timestamp, 
            processamento = 'Notificado', 
            correnspondente = 7,
            observacoes = ''
     WHERE id = 16462;
Correspondente:correiosanimamaster@gmail.com
    UPDATE notificacoes.entrada
       SET 
            enviado = current_timestamp, 
            processamento = 'Notificado', 
            correnspondente = 1,
            observacoes = ''
     WHERE id = 16464;
Correspondente:correiosanimaslave@gmail.com
    UPDATE notificacoes.entrada
       SET 
            enviado = current_timestamp, 
            processamento = 'Notificado', 
            correnspondente = 2,
            observacoes = ''
     WHERE id = 16465;
Correspondente:correiosanimasystem@gmail.com
    UPDATE notificacoes.entrada
       SET 
            enviado = current_timestamp, 
            processamento = 'Notificado', 
            correnspondente = 3,
            observacoes = ''
     WHERE id = 16466;
Correspondente:correiosanimavirtus@gmail.com
    UPDATE notificacoes.entrada
       SET 
            enviado = current_timestamp, 
            processamento = 'Notificado', 
            correnspondente = 4,
            observacoes = ''
     WHERE id = 16467;
Correspondente:correiosanimachallenger@gmail.com
    UPDATE notificacoes.entrada
       SET 
            enviado = current_timestamp, 
            processamento = 'Notificado', 
            correnspondente = 5,
            observacoes = ''
     WHERE id = 16468;
Correspondente:correiosanimanotificacao@gmail.com
    UPDATE notificacoes.entrada
       SET 
            enviado = current_timestamp, 
            processamento = 'Notificado', 
            correnspondente = 8,
            observacoes = ''
     WHERE id = 16469;
Correspondente:correiosanimainformativo@gmail.com
    UPDATE notificacoes.entrada
       SET 
            enviado = current_timestamp, 
            processamento = 'Notificado', 
            correnspondente = 9,
            observacoes = ''
     WHERE id = 16469;
Correspondente:correiosanimanotificacao@gmail.com
    UPDATE notificacoes.entrada
       SET 
            enviado = current_timestamp, 
            processamento = 'Notificado', 
            correnspondente = 8,
            observacoes = ''
     WHERE id = 16470;
Correspondente:correiosanimamaster@gmail.com
    UPDATE notificacoes.entrada
       SET 
            enviado = current_timestamp, 
            processamento = 'Notificado', 
            correnspondente = 1,
            observacoes = ''
     WHERE id = 16471;
Correspondente:correiosanimainformativo@gmail.com
    UPDATE notificacoes.entrada
       SET 
            enviado = current_timestamp, 
            processamento = 'Notificado', 
            correnspondente = 9,
            observacoes = ''
     WHERE id = 16471;
Correspondente:correiosanimamaster@gmail.com
    UPDATE notificacoes.entrada
       SET 
            enviado = current_timestamp, 
            processamento = 'Notificado', 
            correnspondente = 1,
            observacoes = ''
     WHERE id = 16472;
Correspondente:correiosanimaaviso@gmail.com
    UPDATE notificacoes.entrada
       SET 
            enviado = current_timestamp, 
            processamento = 'Notificado', 
            correnspondente = 10,
            observacoes = ''
     WHERE id = 16473;
Correspondente:correiosanimanotificacoes@gmail.com
    UPDATE notificacoes.entrada
       SET 
            enviado = current_timestamp, 
            processamento = 'Notificado', 
            correnspondente = 6,
            observacoes = ''
     WHERE id = 16473;
Correspondente:correiosanimaaviso@gmail.com
    UPDATE notificacoes.entrada
       SET 
            enviado = current_timestamp, 
            processamento = 'Notificado', 
            correnspondente = 10,
            observacoes = ''
     WHERE id = 16474;
Correspondente:correiosanimaservicos@gmail.com
    UPDATE notificacoes.entrada
       SET 
            enviado = current_timestamp, 
            processamento = 'Notificado', 
            correnspondente = 7,
            observacoes = ''
     WHERE id = 16475;
Correspondente:correiosanimamaster@gmail.com
    UPDATE notificacoes.entrada
       SET 
            enviado = current_timestamp, 
            processamento = 'Notificado', 
            correnspondente = 1,
            observacoes = ''
     WHERE id = 16476;
Correspondente:correiosanimaslave@gmail.com
    UPDATE notificacoes.entrada
       SET 
            enviado = current_timestamp, 
            processamento = 'Notificado', 
            correnspondente = 2,
            observacoes = ''
     WHERE id = 16477;
Correspondente:correiosanimasystem@gmail.com
    UPDATE notificacoes.entrada
       SET 
            enviado = current_timestamp, 
            processamento = 'Notificado', 
            correnspondente = 3,
            observacoes = ''
     WHERE id = 16477;
Correspondente:correiosanimaslave@gmail.com
    UPDATE notificacoes.entrada
       SET 
            enviado = current_timestamp, 
            processamento = 'Notificado', 
            correnspondente = 2,
            observacoes = ''
     WHERE id = 16478;
Correspondente:correiosanimavirtus@gmail.com
    UPDATE notificacoes.entrada
       SET 
            enviado = current_timestamp, 
            processamento = 'Notificado', 
            correnspondente = 4,
            observacoes = ''
     WHERE id = 16479;
Correspondente:correiosanimachallenger@gmail.com
    UPDATE notificacoes.entrada
       SET 
            enviado = current_timestamp, 
            processamento = 'Notificado', 
            correnspondente = 5,
            observacoes = ''
     WHERE id = 16479;
Correspondente:correiosanimavirtus@gmail.com
    UPDATE notificacoes.entrada
       SET 
            enviado = current_timestamp, 
            processamento = 'Notificado', 
            correnspondente = 4,
            observacoes = ''
     WHERE id = 16480;
Correspondente:correiosanimanotificacao@gmail.com
    UPDATE notificacoes.entrada
       SET 
            enviado = current_timestamp, 
            processamento = 'Notificado', 
            correnspondente = 8,
            observacoes = ''
     WHERE id = 16480;
Correspondente:correiosanimavirtus@gmail.com
    UPDATE notificacoes.entrada
       SET 
            enviado = current_timestamp, 
            processamento = 'Notificado', 
            correnspondente = 4,
            observacoes = ''
     WHERE id = 16481;
Correspondente:correiosanimainformativo@gmail.com
    UPDATE notificacoes.entrada
       SET 
            enviado = current_timestamp, 
            processamento = 'Notificado', 
            correnspondente = 9,
            observacoes = ''
     WHERE id = 16481;
Correspondente:correiosanimavirtus@gmail.com
    UPDATE notificacoes.entrada
       SET 
            enviado = current_timestamp, 
            processamento = 'Notificado', 
            correnspondente = 4,
            observacoes = ''
     WHERE id = 16482;
Correspondente:correiosanimaaviso@gmail.com
    UPDATE notificacoes.entrada
       SET 
            enviado = current_timestamp, 
            processamento = 'Notificado', 
            correnspondente = 10,
            observacoes = ''
     WHERE id = 16483;
Correspondente:correiosanimanotificacoes@gmail.com
    UPDATE notificacoes.entrada
       SET 
            enviado = current_timestamp, 
            processamento = 'Notificado', 
            correnspondente = 6,
            observacoes = ''
     WHERE id = 16484;
Correspondente:correiosanimaservicos@gmail.com
    UPDATE notificacoes.entrada
       SET 
            enviado = current_timestamp, 
            processamento = 'Notificado', 
            correnspondente = 7,
            observacoes = ''
     WHERE id = 16485;
Correspondente:correiosanimamaster@gmail.com
    UPDATE notificacoes.entrada
       SET 
            enviado = current_timestamp, 
            processamento = 'Notificado', 
            correnspondente = 1,
            observacoes = ''
     WHERE id = 16486;
Correspondente:correiosanimaslave@gmail.com
    UPDATE notificacoes.entrada
       SET 
            enviado = current_timestamp, 
            processamento = 'Notificado', 
            correnspondente = 2,
            observacoes = ''
     WHERE id = 16486;
Correspondente:correiosanimamaster@gmail.com
    UPDATE notificacoes.entrada
       SET 
            enviado = current_timestamp, 
            processamento = 'Notificado', 
            correnspondente = 1,
            observacoes = ''
     WHERE id = 16487;
Correspondente:correiosanimavirtus@gmail.com
    UPDATE notificacoes.entrada
       SET 
            enviado = current_timestamp, 
            processamento = 'Notificado', 
            correnspondente = 4,
            observacoes = ''
     WHERE id = 16488;
Correspondente:correiosanimasystem@gmail.com
    UPDATE notificacoes.entrada
       SET 
            enviado = current_timestamp, 
            processamento = 'Notificado', 
            correnspondente = 3,
            observacoes = ''
     WHERE id = 16489;
Correspondente:correiosanimavirtus@gmail.com
    UPDATE notificacoes.entrada
       SET 
            enviado = current_timestamp, 
            processamento = 'Notificado', 
            correnspondente = 4,
            observacoes = ''
     WHERE id = 16490;
Correspondente:correiosanimachallenger@gmail.com
    UPDATE notificacoes.entrada
       SET 
            enviado = current_timestamp, 
            processamento = 'Notificado', 
            correnspondente = 5,
            observacoes = ''
     WHERE id = 16490;
Correspondente:correiosanimavirtus@gmail.com
    UPDATE notificacoes.entrada
       SET 
            enviado = current_timestamp, 
            processamento = 'Notificado', 
            correnspondente = 4,
            observacoes = ''
     WHERE id = 16491;
Correspondente:correiosanimanotificacao@gmail.com
    UPDATE notificacoes.entrada
       SET 
            enviado = current_timestamp, 
            processamento = 'Notificado', 
            correnspondente = 8,
            observacoes = ''
     WHERE id = 16492;
Correspondente:correiosanimainformativo@gmail.com
    UPDATE notificacoes.entrada
       SET 
            enviado = current_timestamp, 
            processamento = 'Notificado', 
            correnspondente = 9,
            observacoes = ''
     WHERE id = 16492;
Correspondente:correiosanimaslave@gmail.com
    UPDATE notificacoes.entrada
       SET 
            enviado = current_timestamp, 
            processamento = 'Notificado', 
            correnspondente = 2,
            observacoes = ''
     WHERE id = 16493;
Correspondente:correiosanimanotificacao@gmail.com
    UPDATE notificacoes.entrada
       SET 
            enviado = current_timestamp, 
            processamento = 'Notificado', 
            correnspondente = 8,
            observacoes = ''
     WHERE id = 16494;
Correspondente:correiosanimaaviso@gmail.com
    UPDATE notificacoes.entrada
       SET 
            enviado = current_timestamp, 
            processamento = 'Notificado', 
            correnspondente = 10,
            observacoes = ''
     WHERE id = 16495;
Correspondente:correiosanimanotificacoes@gmail.com
    UPDATE notificacoes.entrada
       SET 
            enviado = current_timestamp, 
            processamento = 'Notificado', 
            correnspondente = 6,
            observacoes = ''
     WHERE id = 16495;
Correspondente:correiosanimaaviso@gmail.com
    UPDATE notificacoes.entrada
       SET 
            enviado = current_timestamp, 
            processamento = 'Notificado', 
            correnspondente = 10,
            observacoes = ''
     WHERE id = 16495;
Correspondente:correiosanimanotificacoes@gmail.com
    UPDATE notificacoes.entrada
       SET 
            enviado = current_timestamp, 
            processamento = 'Notificado', 
            correnspondente = 6,
            observacoes = ''
     WHERE id = 16496;
Correspondente:correiosanimaservicos@gmail.com
    UPDATE notificacoes.entrada
       SET 
            enviado = current_timestamp, 
            processamento = 'Notificado', 
            correnspondente = 7,
            observacoes = ''
     WHERE id = 16497;
Correspondente:correiosanimaservicos@gmail.com
    UPDATE notificacoes.entrada
       SET 
            enviado = current_timestamp, 
            processamento = 'Notificado', 
            correnspondente = 7,
            observacoes = ''
     WHERE id = 16498;
Correspondente:correiosanimainformativo@gmail.com
    UPDATE notificacoes.entrada
       SET 
            enviado = current_timestamp, 
            processamento = 'Notificado', 
            correnspondente = 9,
            observacoes = ''
     WHERE id = 16499;
Correspondente:correiosanimanotificacoes@gmail.com
    UPDATE notificacoes.entrada
       SET 
            enviado = current_timestamp, 
            processamento = 'Notificado', 
            correnspondente = 6,
            observacoes = ''
     WHERE id = 16499;
Correspondente:correiosanimainformativo@gmail.com
    UPDATE notificacoes.entrada
       SET 
            enviado = current_timestamp, 
            processamento = 'Notificado', 
            correnspondente = 9,
            observacoes = ''
     WHERE id = 16499;
Correspondente:correiosanimanotificacoes@gmail.com
    UPDATE notificacoes.entrada
       SET 
            enviado = current_timestamp, 
            processamento = 'Notificado', 
            correnspondente = 6,
            observacoes = ''
     WHERE id = 16500;
Correspondente:correiosanimanotificacoes@gmail.com
    UPDATE notificacoes.entrada
       SET 
            enviado = current_timestamp, 
            processamento = 'Notificado', 
            correnspondente = 6,
            observacoes = ''
     WHERE id = 16501;
Correspondente:correiosanimainformativo@gmail.com
    UPDATE notificacoes.entrada
       SET 
            enviado = current_timestamp, 
            processamento = 'Notificado', 
            correnspondente = 9,
            observacoes = ''
     WHERE id = 16502;
Correspondente:correiosanimavirtus@gmail.com
    UPDATE notificacoes.entrada
       SET 
            enviado = current_timestamp, 
            processamento = 'Notificado', 
            correnspondente = 4,
            observacoes = ''
     WHERE id = 16503;
Correspondente:correiosanimaslave@gmail.com
    UPDATE notificacoes.entrada
       SET 
            enviado = current_timestamp, 
            processamento = 'Notificado', 
            correnspondente = 2,
            observacoes = ''
     WHERE id = 16504;
Correspondente:correiosanimanotificacoes@gmail.com
    UPDATE notificacoes.entrada
       SET 
            enviado = current_timestamp, 
            processamento = 'Notificado', 
            correnspondente = 6,
            observacoes = ''
     WHERE id = 16505;
